                       :-) GROMACS - gmx mdrun, 2023 (-:

Copyright 1991-2023 The GROMACS Authors.
GROMACS is free software; you can redistribute it and/or modify it
under the terms of the GNU Lesser General Public License
as published by the Free Software Foundation; either version 2.1
of the License, or (at your option) any later version.

                         Current GROMACS contributors:
       Mark Abraham           Andrey Alekseenko           Cathrine Bergh      
      Christian Blau            Eliane Briand             Mahesh Doijade      
    Stefan Fleischmann           Vytas Gapsys              Gaurav Garg        
      Sergey Gorelov         Gilles Gouaillardet            Alan Gray         
     M. Eric Irrgang         Farzaneh Jalalypour            Joe Jordan        
    Christoph Junghans        Prashanth Kanduri          Sebastian Keller     
     Carsten Kutzner           Justin A. Lemkul          Magnus Lundborg      
       Pascal Merz              Vedran Miletic            Dmitry Morozov      
       Szilard Pall             Roland Schulz             Michael Shirts      
     Alexey Shvetsov            Balint Soproni         David van der Spoel    
      Philip Turner             Carsten Uphoff           Alessandra Villa     
 Sebastian Wingbermuehle        Artem Zhmurov       

                         Previous GROMACS contributors:
        Emile Apol             Rossen Apostolov           James Barnett       
  Herman J.C. Berendsen          Par Bjelkmar           Viacheslav Bolnykh    
        Kevin Boyd            Aldert van Buuren          Carlo Camilloni      
     Rudi van Drunen            Anton Feenstra           Oliver Fleetwood     
     Gerrit Groenhof            Bert de Groot             Anca Hamuraru       
    Vincent Hindriksen          Victor Holanda           Aleksei Iupinov      
   Dimitrios Karkoulis           Peter Kasson             Sebastian Kehl      
        Jiri Kraus               Per Larsson              Viveca Lindahl      
      Erik Marklund           Pieter Meulenhoff           Teemu Murtola       
       Sander Pronk             Alfons Sijbers            Peter Tieleman      
       Jon Vincent             Teemu Virolainen         Christian Wennberg    
       Maarten Wolf       

                  Coordinated by the GROMACS project leaders:
                    Paul Bauer, Berk Hess, and Erik Lindahl

GROMACS:      gmx mdrun, version 2023
Executable:   /usr/local/gromacs/bin/gmx
Data prefix:  /usr/local/gromacs
Working dir:  /home/insilitox/Documentos/gromacs-tutorial/randomUmbrella
Process ID:   44713
Command line:
  gmx mdrun -deffnm npt

GROMACS version:    2023
Precision:          mixed
Memory model:       64 bit
MPI library:        thread_mpi
OpenMP support:     enabled (GMX_OPENMP_MAX_THREADS = 128)
GPU support:        CUDA
NB cluster size:    8
SIMD instructions:  AVX2_256
CPU FFT library:    fftw-3.3.8-sse2-avx
GPU FFT library:    cuFFT
Multi-GPU FFT:      none
RDTSCP usage:       enabled
TNG support:        enabled
Hwloc support:      disabled
Tracing support:    disabled
C compiler:         /usr/bin/cc GNU 11.3.0
C compiler flags:   -fexcess-precision=fast -funroll-all-loops -mavx2 -mfma -Wno-missing-field-initializers -O3 -DNDEBUG
C++ compiler:       /usr/bin/c++ GNU 11.3.0
C++ compiler flags: -fexcess-precision=fast -funroll-all-loops -mavx2 -mfma -Wno-missing-field-initializers -Wno-cast-function-type-strict -fopenmp -O3 -DNDEBUG
BLAS library:       
LAPACK library:     
CUDA compiler:      /usr/local/cuda/bin/nvcc nvcc: NVIDIA (R) Cuda compiler driver;Copyright (c) 2005-2023 NVIDIA Corporation;Built on Mon_Apr__3_17:16:06_PDT_2023;Cuda compilation tools, release 12.1, V12.1.105;Build cuda_12.1.r12.1/compiler.32688072_0
CUDA compiler flags:-std=c++17;--generate-code=arch=compute_50,code=sm_50;--generate-code=arch=compute_52,code=sm_52;--generate-code=arch=compute_60,code=sm_60;--generate-code=arch=compute_61,code=sm_61;--generate-code=arch=compute_70,code=sm_70;--generate-code=arch=compute_75,code=sm_75;--generate-code=arch=compute_80,code=sm_80;--generate-code=arch=compute_86,code=sm_86;--generate-code=arch=compute_89,code=sm_89;--generate-code=arch=compute_90,code=sm_90;-Wno-deprecated-gpu-targets;--generate-code=arch=compute_53,code=sm_53;--generate-code=arch=compute_80,code=sm_80;-use_fast_math;-Xptxas;-warn-double-usage;-Xptxas;-Werror;-D_FORCE_INLINES;-fexcess-precision=fast -funroll-all-loops -mavx2 -mfma -Wno-missing-field-initializers -Wno-cast-function-type-strict -fopenmp -O3 -DNDEBUG
CUDA driver:        12.10
CUDA runtime:       12.10


Running on 1 node with total 12 cores, 24 processing units, 1 compatible GPU
Hardware detected on host insilitox:
  CPU info:
    Vendor: AMD
    Brand:  AMD Ryzen 9 3900X 12-Core Processor            
    Family: 23   Model: 113   Stepping: 0
    Features: aes amd apic avx avx2 clfsh cmov cx8 cx16 f16c fma htt lahf misalignsse mmx msr nonstop_tsc pclmuldq pdpe1gb popcnt pse rdrnd rdtscp sha sse2 sse3 sse4a sse4.1 sse4.2 ssse3
  Hardware topology: Basic
    Packages, cores, and logical processors:
    [indices refer to OS logical processors]
      Package  0: [   0  12] [   1  13] [   2  14] [   3  15] [   4  16] [   5  17] [   6  18] [   7  19] [   8  20] [   9  21] [  10  22] [  11  23]
    CPU limit set by OS: -1   Recommended max number of threads: 24
  GPU info:
    Number of GPUs detected: 1
    #0: NVIDIA Quadro RTX 4000, compute cap.: 7.5, ECC:  no, stat: compatible


++++ PLEASE READ AND CITE THE FOLLOWING REFERENCE ++++
M. J. Abraham, T. Murtola, R. Schulz, S. Páll, J. C. Smith, B. Hess, E.
Lindahl
GROMACS: High performance molecular simulations through multi-level
parallelism from laptops to supercomputers
SoftwareX 1 (2015) pp. 19-25
-------- -------- --- Thank You --- -------- --------


++++ PLEASE READ AND CITE THE FOLLOWING REFERENCE ++++
S. Páll, M. J. Abraham, C. Kutzner, B. Hess, E. Lindahl
Tackling Exascale Software Challenges in Molecular Dynamics Simulations with
GROMACS
In S. Markidis & E. Laure (Eds.), Solving Software Challenges for Exascale 8759 (2015) pp. 3-27
-------- -------- --- Thank You --- -------- --------


++++ PLEASE READ AND CITE THE FOLLOWING REFERENCE ++++
S. Pronk, S. Páll, R. Schulz, P. Larsson, P. Bjelkmar, R. Apostolov, M. R.
Shirts, J. C. Smith, P. M. Kasson, D. van der Spoel, B. Hess, and E. Lindahl
GROMACS 4.5: a high-throughput and highly parallel open source molecular
simulation toolkit
Bioinformatics 29 (2013) pp. 845-54
-------- -------- --- Thank You --- -------- --------


++++ PLEASE READ AND CITE THE FOLLOWING REFERENCE ++++
B. Hess and C. Kutzner and D. van der Spoel and E. Lindahl
GROMACS 4: Algorithms for highly efficient, load-balanced, and scalable
molecular simulation
J. Chem. Theory Comput. 4 (2008) pp. 435-447
-------- -------- --- Thank You --- -------- --------


++++ PLEASE READ AND CITE THE FOLLOWING REFERENCE ++++
D. van der Spoel, E. Lindahl, B. Hess, G. Groenhof, A. E. Mark and H. J. C.
Berendsen
GROMACS: Fast, Flexible and Free
J. Comp. Chem. 26 (2005) pp. 1701-1719
-------- -------- --- Thank You --- -------- --------


++++ PLEASE READ AND CITE THE FOLLOWING REFERENCE ++++
E. Lindahl and B. Hess and D. van der Spoel
GROMACS 3.0: A package for molecular simulation and trajectory analysis
J. Mol. Mod. 7 (2001) pp. 306-317
-------- -------- --- Thank You --- -------- --------


++++ PLEASE READ AND CITE THE FOLLOWING REFERENCE ++++
H. J. C. Berendsen, D. van der Spoel and R. van Drunen
GROMACS: A message-passing parallel molecular dynamics implementation
Comp. Phys. Comm. 91 (1995) pp. 43-56
-------- -------- --- Thank You --- -------- --------


++++ PLEASE CITE THE DOI FOR THIS VERSION OF GROMACS ++++
https://doi.org/10.5281/zenodo.7588619
-------- -------- --- Thank You --- -------- --------

Input Parameters:
   integrator                     = md
   tinit                          = 0
   dt                             = 0.002
   nsteps                         = 50000
   init-step                      = 0
   simulation-part                = 1
   mts                            = false
   comm-mode                      = Linear
   nstcomm                        = 10
   bd-fric                        = 0
   ld-seed                        = 2071460717
   emtol                          = 10
   emstep                         = 0.01
   niter                          = 20
   fcstep                         = 0
   nstcgsteep                     = 1000
   nbfgscorr                      = 10
   rtpi                           = 0.05
   nstxout                        = 1000
   nstvout                        = 1000
   nstfout                        = 0
   nstlog                         = 1000
   nstcalcenergy                  = 100
   nstenergy                      = 1000
   nstxout-compressed             = 0
   compressed-x-precision         = 1000
   cutoff-scheme                  = Verlet
   nstlist                        = 5
   pbc                            = xyz
   periodic-molecules             = false
   verlet-buffer-tolerance        = 0.005
   rlist                          = 1.4
   coulombtype                    = PME
   coulomb-modifier               = Potential-shift
   rcoulomb-switch                = 0
   rcoulomb                       = 1.4
   epsilon-r                      = 1
   epsilon-rf                     = inf
   vdw-type                       = Cut-off
   vdw-modifier                   = Potential-shift
   rvdw-switch                    = 0
   rvdw                           = 1.4
   DispCorr                       = EnerPres
   table-extension                = 1
   fourierspacing                 = 0.16
   fourier-nx                     = 42
   fourier-ny                     = 28
   fourier-nz                     = 80
   pme-order                      = 4
   ewald-rtol                     = 1e-05
   ewald-rtol-lj                  = 0.001
   lj-pme-comb-rule               = Geometric
   ewald-geometry                 = 3d
   epsilon-surface                = 0
   ensemble-temperature-setting   = constant
   ensemble-temperature           = 310
   tcoupl                         = Berendsen
   nsttcouple                     = 10
   nh-chain-length                = 0
   print-nose-hoover-chain-variables = false
   pcoupl                         = Berendsen
   pcoupltype                     = Isotropic
   nstpcouple                     = 100
   tau-p                          = 2
   compressibility (3x3):
      compressibility[    0]={ 4.50000e-05,  0.00000e+00,  0.00000e+00}
      compressibility[    1]={ 0.00000e+00,  4.50000e-05,  0.00000e+00}
      compressibility[    2]={ 0.00000e+00,  0.00000e+00,  4.50000e-05}
   ref-p (3x3):
      ref-p[    0]={ 1.00000e+00,  0.00000e+00,  0.00000e+00}
      ref-p[    1]={ 0.00000e+00,  1.00000e+00,  0.00000e+00}
      ref-p[    2]={ 0.00000e+00,  0.00000e+00,  1.00000e+00}
   refcoord-scaling               = COM
   posres-com (3):
      posres-com[0]= 4.97838e-01
      posres-com[1]= 5.08411e-01
      posres-com[2]= 2.07215e-01
   posres-comB (3):
      posres-comB[0]= 4.97838e-01
      posres-comB[1]= 5.08411e-01
      posres-comB[2]= 2.07215e-01
   QMMM                           = false
qm-opts:
   ngQM                           = 0
   constraint-algorithm           = Lincs
   continuation                   = false
   Shake-SOR                      = false
   shake-tol                      = 0.0001
   lincs-order                    = 4
   lincs-iter                     = 1
   lincs-warnangle                = 30
   nwall                          = 0
   wall-type                      = 9-3
   wall-r-linpot                  = -1
   wall-atomtype[0]               = -1
   wall-atomtype[1]               = -1
   wall-density[0]                = 0
   wall-density[1]                = 0
   wall-ewald-zfac                = 3
   pull                           = false
   awh                            = false
   rotation                       = false
   interactiveMD                  = false
   disre                          = No
   disre-weighting                = Conservative
   disre-mixed                    = false
   dr-fc                          = 1000
   dr-tau                         = 0
   nstdisreout                    = 100
   orire-fc                       = 0
   orire-tau                      = 0
   nstorireout                    = 100
   free-energy                    = no
   cos-acceleration               = 0
   deform (3x3):
      deform[    0]={ 0.00000e+00,  0.00000e+00,  0.00000e+00}
      deform[    1]={ 0.00000e+00,  0.00000e+00,  0.00000e+00}
      deform[    2]={ 0.00000e+00,  0.00000e+00,  0.00000e+00}
   simulated-tempering            = false
   swapcoords                     = no
   userint1                       = 0
   userint2                       = 0
   userint3                       = 0
   userint4                       = 0
   userreal1                      = 0
   userreal2                      = 0
   userreal3                      = 0
   userreal4                      = 0
   applied-forces:
     electric-field:
       x:
         E0                       = 0
         omega                    = 0
         t0                       = 0
         sigma                    = 0
       y:
         E0                       = 0
         omega                    = 0
         t0                       = 0
         sigma                    = 0
       z:
         E0                       = 0
         omega                    = 0
         t0                       = 0
         sigma                    = 0
     density-guided-simulation:
       active                     = false
       group                      = protein
       similarity-measure         = inner-product
       atom-spreading-weight      = unity
       force-constant             = 1e+09
       gaussian-transform-spreading-width = 0.2
       gaussian-transform-spreading-range-in-multiples-of-width = 4
       reference-density-filename = reference.mrc
       nst                        = 1
       normalize-densities        = true
       adaptive-force-scaling     = false
       adaptive-force-scaling-time-constant = 4
       shift-vector               = 
       transformation-matrix      = 
     qmmm-cp2k:
       active                     = false
       qmgroup                    = System
       qmmethod                   = PBE
       qmfilenames                = 
       qmcharge                   = 0
       qmmultiplicity             = 1
grpopts:
   nrdf:      2254.9     64203.1
   ref-t:         310         310
   tau-t:         0.1         0.1
annealing:          No          No
annealing-npoints:           0           0
   acc:	           0           0           0
   nfreeze:           N           N           N
   energygrp-flags[  0]: 0

Changing nstlist from 5 to 100, rlist from 1.4 to 1.537

Update groups can not be used for this system because there are three or more consecutively coupled constraints

1 GPU selected for this run.
Mapping of GPU IDs to the 2 GPU tasks in the 1 rank on this node:
  PP:0,PME:0
PP tasks will do (non-perturbed) short-ranged interactions on the GPU
PP task will update and constrain coordinates on the GPU
PME tasks will do all aspects on the GPU
Using 1 MPI thread
Using 12 OpenMP threads 

System total charge: 0.000
Will do PME sum in reciprocal space for electrostatic interactions.

++++ PLEASE READ AND CITE THE FOLLOWING REFERENCE ++++
U. Essmann, L. Perera, M. L. Berkowitz, T. Darden, H. Lee and L. G. Pedersen 
A smooth particle mesh Ewald method
J. Chem. Phys. 103 (1995) pp. 8577-8592
-------- -------- --- Thank You --- -------- --------

Using a Gaussian width (1/beta) of 0.448228 nm for Ewald
Potential shift: LJ r^-12: -1.764e-02 r^-6: -1.328e-01, Ewald -7.143e-06
Initialized non-bonded Coulomb Ewald tables, spacing: 1.10e-03 size: 1270

Generated table with 1268 data points for 1-4 COUL.
Tabscale = 500 points/nm
Generated table with 1268 data points for 1-4 LJ6.
Tabscale = 500 points/nm
Generated table with 1268 data points for 1-4 LJ12.
Tabscale = 500 points/nm
Long Range LJ corr.: <C6> 3.3659e-04


Using GPU 8x8 nonbonded short-range kernels

Using a dual 8x8 pair-list setup updated with dynamic, rolling pruning:
  outer list: updated every 100 steps, buffer 0.137 nm, rlist 1.537 nm
  inner list: updated every  12 steps, buffer 0.002 nm, rlist 1.402 nm
At tolerance 0.005 kJ/mol/ps per atom, equivalent classical 1x1 list would be:
  outer list: updated every 100 steps, buffer 0.298 nm, rlist 1.698 nm
  inner list: updated every  12 steps, buffer 0.053 nm, rlist 1.453 nm

Using full Lennard-Jones parameter combination matrix
Removing pbc first time

Pinning threads with an auto-selected logical cpu stride of 2

Initializing LINear Constraint Solver

++++ PLEASE READ AND CITE THE FOLLOWING REFERENCE ++++
B. Hess and H. Bekker and H. J. C. Berendsen and J. G. E. M. Fraaije
LINCS: A Linear Constraint Solver for molecular simulations
J. Comp. Chem. 18 (1997) pp. 1463-1472
-------- -------- --- Thank You --- -------- --------

The number of constraints is 1135

++++ PLEASE READ AND CITE THE FOLLOWING REFERENCE ++++
S. Miyamoto and P. A. Kollman
SETTLE: An Analytical Version of the SHAKE and RATTLE Algorithms for Rigid
Water Models
J. Comp. Chem. 13 (1992) pp. 952-962
-------- -------- --- Thank You --- -------- --------


++++ PLEASE READ AND CITE THE FOLLOWING REFERENCE ++++
H. J. C. Berendsen, J. P. M. Postma, A. DiNola and J. R. Haak
Molecular dynamics with coupling to an external bath
J. Chem. Phys. 81 (1984) pp. 3684-3690
-------- -------- --- Thank You --- -------- --------

There are: 33207 Atoms

Updating coordinates and applying constraints on the GPU.

Constraining the starting coordinates (step 0)

Constraining the coordinates at t0-dt (step 0)
Center of mass motion removal mode is Linear
We have the following groups for center of mass motion removal:
  0:  System
RMS relative constraint deviation after constraining: 3.33e-05
Initial temperature: 308.504 K

Started mdrun on rank 0 Tue Jul 18 18:37:20 2023

           Step           Time
              0        0.00000

   Energies (kJ/mol)
       G96Angle    Proper Dih.  Improper Dih.          LJ-14     Coulomb-14
    8.22349e+02    7.45248e+02    3.04843e+02   -2.75252e+02    2.41027e+04
        LJ (SR)  Disper. corr.   Coulomb (SR)   Coul. recip. Position Rest.
    7.35877e+04   -1.64928e+03   -6.20904e+05    2.85277e+03    1.82346e-01
      Potential    Kinetic En.   Total Energy  Conserved En.    Temperature
   -5.20412e+05    8.52965e+04   -4.35116e+05   -4.33472e+05    3.08731e+02
 Pres. DC (bar) Pressure (bar)   Constr. rmsd
   -7.97938e+01   -3.04709e+03    3.33473e-05

           Step           Time
           1000        2.00000

   Energies (kJ/mol)
       G96Angle    Proper Dih.  Improper Dih.          LJ-14     Coulomb-14
    1.65887e+03    8.07690e+02    5.43186e+02   -1.70265e+02    2.40848e+04
        LJ (SR)  Disper. corr.   Coulomb (SR)   Coul. recip. Position Rest.
    7.11966e+04   -1.64457e+03   -5.69228e+05    1.03935e+03    8.06816e+02
      Potential    Kinetic En.   Total Energy  Conserved En.    Temperature
   -4.70906e+05    8.59082e+04   -3.84998e+05   -4.33986e+05    3.10945e+02
 Pres. DC (bar) Pressure (bar)   Constr. rmsd
   -7.93381e+01    1.27839e+01    3.33473e-05

           Step           Time
           2000        4.00000

   Energies (kJ/mol)
       G96Angle    Proper Dih.  Improper Dih.          LJ-14     Coulomb-14
    1.72924e+03    7.68722e+02    6.01203e+02   -2.10958e+02    2.40304e+04
        LJ (SR)  Disper. corr.   Coulomb (SR)   Coul. recip. Position Rest.
    7.17627e+04   -1.63594e+03   -5.70562e+05    1.11657e+03    7.70241e+02
      Potential    Kinetic En.   Total Energy  Conserved En.    Temperature
   -4.71629e+05    8.57679e+04   -3.85861e+05   -4.33979e+05    3.10437e+02
 Pres. DC (bar) Pressure (bar)   Constr. rmsd
   -7.85085e+01   -1.48431e+01    3.33473e-05

           Step           Time
           3000        6.00000

   Energies (kJ/mol)
       G96Angle    Proper Dih.  Improper Dih.          LJ-14     Coulomb-14
    1.80872e+03    7.76764e+02    5.85444e+02   -2.09580e+02    2.40361e+04
        LJ (SR)  Disper. corr.   Coulomb (SR)   Coul. recip. Position Rest.
    7.18815e+04   -1.63487e+03   -5.69610e+05    1.06495e+03    7.34049e+02
      Potential    Kinetic En.   Total Energy  Conserved En.    Temperature
   -4.70567e+05    8.50820e+04   -3.85485e+05   -4.34017e+05    3.07954e+02
 Pres. DC (bar) Pressure (bar)   Constr. rmsd
   -7.84055e+01    1.77880e+02    3.33473e-05

           Step           Time
           4000        8.00000

   Energies (kJ/mol)
       G96Angle    Proper Dih.  Improper Dih.          LJ-14     Coulomb-14
    1.66694e+03    7.84654e+02    5.62757e+02   -1.15867e+02    2.40601e+04
        LJ (SR)  Disper. corr.   Coulomb (SR)   Coul. recip. Position Rest.
    7.14518e+04   -1.63272e+03   -5.69139e+05    1.05143e+03    7.39173e+02
      Potential    Kinetic En.   Total Energy  Conserved En.    Temperature
   -4.70570e+05    8.49406e+04   -3.85630e+05   -4.34018e+05    3.07443e+02
 Pres. DC (bar) Pressure (bar)   Constr. rmsd
   -7.81996e+01    1.34694e+02    3.33473e-05

           Step           Time
           5000       10.00000

   Energies (kJ/mol)
       G96Angle    Proper Dih.  Improper Dih.          LJ-14     Coulomb-14
    1.69740e+03    7.63010e+02    5.73331e+02   -1.86232e+02    2.40567e+04
        LJ (SR)  Disper. corr.   Coulomb (SR)   Coul. recip. Position Rest.
    7.18079e+04   -1.63190e+03   -5.69792e+05    1.04305e+03    7.34974e+02
      Potential    Kinetic En.   Total Energy  Conserved En.    Temperature
   -4.70934e+05    8.58677e+04   -3.85067e+05   -4.33996e+05    3.10798e+02
 Pres. DC (bar) Pressure (bar)   Constr. rmsd
   -7.81211e+01    2.28306e+01    3.33473e-05

           Step           Time
           6000       12.00000

   Energies (kJ/mol)
       G96Angle    Proper Dih.  Improper Dih.          LJ-14     Coulomb-14
    1.80381e+03    7.69600e+02    4.92144e+02   -1.48477e+02    2.40613e+04
        LJ (SR)  Disper. corr.   Coulomb (SR)   Coul. recip. Position Rest.
    7.05793e+04   -1.63131e+03   -5.68247e+05    1.04247e+03    7.99949e+02
      Potential    Kinetic En.   Total Energy  Conserved En.    Temperature
   -4.70478e+05    8.57479e+04   -3.84730e+05   -4.33972e+05    3.10364e+02
 Pres. DC (bar) Pressure (bar)   Constr. rmsd
   -7.80651e+01   -8.74372e+01    3.33473e-05

step 6500: timed with pme grid 42 28 80, coulomb cutoff 1.400: 286.8 M-cycles
step 6700: timed with pme grid 40 25 72, coulomb cutoff 1.527: 350.1 M-cycles
step 6900: timed with pme grid 40 28 72, coulomb cutoff 1.458: 318.7 M-cycles
           Step           Time
           7000       14.00000

   Energies (kJ/mol)
       G96Angle    Proper Dih.  Improper Dih.          LJ-14     Coulomb-14
    1.63776e+03    7.29063e+02    5.28997e+02   -1.15444e+02    2.41122e+04
        LJ (SR)  Disper. corr.   Coulomb (SR)   Coul. recip. Position Rest.
    7.10617e+04   -1.63095e+03   -5.68737e+05    9.80002e+02    7.82485e+02
      Potential    Kinetic En.   Total Energy  Conserved En.    Temperature
   -4.70651e+05    8.58599e+04   -3.84791e+05   -4.33986e+05    3.10770e+02
 Pres. DC (bar) Pressure (bar)   Constr. rmsd
   -7.80305e+01   -2.56299e+01    3.33473e-05

step 7100: timed with pme grid 40 28 80, coulomb cutoff 1.435: 325.1 M-cycles
step 7300: timed with pme grid 42 28 80, coulomb cutoff 1.400: 289.8 M-cycles
              optimal pme grid 42 28 80, coulomb cutoff 1.400
           Step           Time
           8000       16.00000

   Energies (kJ/mol)
       G96Angle    Proper Dih.  Improper Dih.          LJ-14     Coulomb-14
    1.70990e+03    8.09507e+02    5.31933e+02   -1.98571e+02    2.40457e+04
        LJ (SR)  Disper. corr.   Coulomb (SR)   Coul. recip. Position Rest.
    7.17704e+04   -1.63163e+03   -5.69521e+05    1.06587e+03    6.93097e+02
      Potential    Kinetic En.   Total Energy  Conserved En.    Temperature
   -4.70725e+05    8.56527e+04   -3.85072e+05   -4.34015e+05    3.10020e+02
 Pres. DC (bar) Pressure (bar)   Constr. rmsd
   -7.80951e+01    1.04010e+02    3.33473e-05

           Step           Time
           9000       18.00000

   Energies (kJ/mol)
       G96Angle    Proper Dih.  Improper Dih.          LJ-14     Coulomb-14
    1.80285e+03    7.31811e+02    5.44661e+02   -1.56147e+02    2.40104e+04
        LJ (SR)  Disper. corr.   Coulomb (SR)   Coul. recip. Position Rest.
    7.14755e+04   -1.62987e+03   -5.69419e+05    1.08529e+03    7.19521e+02
      Potential    Kinetic En.   Total Energy  Conserved En.    Temperature
   -4.70835e+05    8.60288e+04   -3.84806e+05   -4.33988e+05    3.11381e+02
 Pres. DC (bar) Pressure (bar)   Constr. rmsd
   -7.79274e+01   -4.61240e+01    3.33473e-05

           Step           Time
          10000       20.00000

   Energies (kJ/mol)
       G96Angle    Proper Dih.  Improper Dih.          LJ-14     Coulomb-14
    1.64516e+03    7.83077e+02    5.35687e+02   -2.02608e+02    2.40665e+04
        LJ (SR)  Disper. corr.   Coulomb (SR)   Coul. recip. Position Rest.
    7.14193e+04   -1.63641e+03   -5.69555e+05    1.02369e+03    6.80444e+02
      Potential    Kinetic En.   Total Energy  Conserved En.    Temperature
   -4.71240e+05    8.55407e+04   -3.85699e+05   -4.34025e+05    3.09615e+02
 Pres. DC (bar) Pressure (bar)   Constr. rmsd
   -7.85536e+01    1.13322e+02    3.33473e-05

           Step           Time
          11000       22.00000

   Energies (kJ/mol)
       G96Angle    Proper Dih.  Improper Dih.          LJ-14     Coulomb-14
    1.84967e+03    7.46562e+02    5.37133e+02   -1.77905e+02    2.39928e+04
        LJ (SR)  Disper. corr.   Coulomb (SR)   Coul. recip. Position Rest.
    7.12407e+04   -1.62933e+03   -5.69492e+05    1.05705e+03    7.59420e+02
      Potential    Kinetic En.   Total Energy  Conserved En.    Temperature
   -4.71116e+05    8.58506e+04   -3.85265e+05   -4.33987e+05    3.10736e+02
 Pres. DC (bar) Pressure (bar)   Constr. rmsd
   -7.78753e+01   -7.44235e+01    3.33473e-05

           Step           Time
          12000       24.00000

   Energies (kJ/mol)
       G96Angle    Proper Dih.  Improper Dih.          LJ-14     Coulomb-14
    1.78879e+03    7.31156e+02    5.85479e+02   -2.03099e+02    2.39890e+04
        LJ (SR)  Disper. corr.   Coulomb (SR)   Coul. recip. Position Rest.
    7.21750e+04   -1.63262e+03   -5.69838e+05    1.03725e+03    7.26401e+02
      Potential    Kinetic En.   Total Energy  Conserved En.    Temperature
   -4.70640e+05    8.54014e+04   -3.85239e+05   -4.34014e+05    3.09110e+02
 Pres. DC (bar) Pressure (bar)   Constr. rmsd
   -7.81899e+01    1.01507e+02    3.33473e-05

           Step           Time
          13000       26.00000

   Energies (kJ/mol)
       G96Angle    Proper Dih.  Improper Dih.          LJ-14     Coulomb-14
    1.65928e+03    7.25586e+02    5.25101e+02   -1.73818e+02    2.40697e+04
        LJ (SR)  Disper. corr.   Coulomb (SR)   Coul. recip. Position Rest.
    7.18041e+04   -1.63237e+03   -5.70596e+05    1.01316e+03    7.40160e+02
      Potential    Kinetic En.   Total Energy  Conserved En.    Temperature
   -4.71866e+05    8.60615e+04   -3.85804e+05   -4.34027e+05    3.11500e+02
 Pres. DC (bar) Pressure (bar)   Constr. rmsd
   -7.81659e+01    4.03707e+01    3.33473e-05

           Step           Time
          14000       28.00000

   Energies (kJ/mol)
       G96Angle    Proper Dih.  Improper Dih.          LJ-14     Coulomb-14
    1.78105e+03    6.99231e+02    5.79923e+02   -1.69039e+02    2.40594e+04
        LJ (SR)  Disper. corr.   Coulomb (SR)   Coul. recip. Position Rest.
    7.17152e+04   -1.63554e+03   -5.70444e+05    1.04578e+03    7.34778e+02
      Potential    Kinetic En.   Total Energy  Conserved En.    Temperature
   -4.71634e+05    8.58996e+04   -3.85734e+05   -4.34024e+05    3.10914e+02
 Pres. DC (bar) Pressure (bar)   Constr. rmsd
   -7.84698e+01    4.58499e+01    3.33473e-05

           Step           Time
          15000       30.00000

   Energies (kJ/mol)
       G96Angle    Proper Dih.  Improper Dih.          LJ-14     Coulomb-14
    1.86002e+03    7.70141e+02    5.26606e+02   -2.07169e+02    2.40992e+04
        LJ (SR)  Disper. corr.   Coulomb (SR)   Coul. recip. Position Rest.
    7.09994e+04   -1.63443e+03   -5.69192e+05    9.92136e+02    7.10667e+02
      Potential    Kinetic En.   Total Energy  Conserved En.    Temperature
   -4.71075e+05    8.54900e+04   -3.85585e+05   -4.34025e+05    3.09431e+02
 Pres. DC (bar) Pressure (bar)   Constr. rmsd
   -7.83633e+01    3.95923e+01    3.33473e-05

           Step           Time
          16000       32.00000

   Energies (kJ/mol)
       G96Angle    Proper Dih.  Improper Dih.          LJ-14     Coulomb-14
    1.79484e+03    7.47164e+02    5.96054e+02   -1.96301e+02    2.40131e+04
        LJ (SR)  Disper. corr.   Coulomb (SR)   Coul. recip. Position Rest.
    7.19717e+04   -1.63031e+03   -5.69969e+05    1.04958e+03    6.98418e+02
      Potential    Kinetic En.   Total Energy  Conserved En.    Temperature
   -4.70925e+05    8.53199e+04   -3.85605e+05   -4.34037e+05    3.08815e+02
 Pres. DC (bar) Pressure (bar)   Constr. rmsd
   -7.79691e+01    1.26587e+02    3.33473e-05

           Step           Time
          17000       34.00000

   Energies (kJ/mol)
       G96Angle    Proper Dih.  Improper Dih.          LJ-14     Coulomb-14
    1.77251e+03    7.67677e+02    5.88746e+02   -1.82807e+02    2.39999e+04
        LJ (SR)  Disper. corr.   Coulomb (SR)   Coul. recip. Position Rest.
    7.13541e+04   -1.62874e+03   -5.69276e+05    9.96205e+02    7.35699e+02
      Potential    Kinetic En.   Total Energy  Conserved En.    Temperature
   -4.70873e+05    8.52292e+04   -3.85644e+05   -4.34015e+05    3.08487e+02
 Pres. DC (bar) Pressure (bar)   Constr. rmsd
   -7.78193e+01   -4.50701e+01    3.33473e-05

           Step           Time
          18000       36.00000

   Energies (kJ/mol)
       G96Angle    Proper Dih.  Improper Dih.          LJ-14     Coulomb-14
    1.69903e+03    8.13236e+02    5.13249e+02   -1.90073e+02    2.40496e+04
        LJ (SR)  Disper. corr.   Coulomb (SR)   Coul. recip. Position Rest.
    7.03603e+04   -1.63147e+03   -5.68648e+05    1.08005e+03    7.10862e+02
      Potential    Kinetic En.   Total Energy  Conserved En.    Temperature
   -4.71244e+05    8.55126e+04   -3.85731e+05   -4.33981e+05    3.09513e+02
 Pres. DC (bar) Pressure (bar)   Constr. rmsd
   -7.80806e+01   -2.01840e+02    3.33473e-05

           Step           Time
          19000       38.00000

   Energies (kJ/mol)
       G96Angle    Proper Dih.  Improper Dih.          LJ-14     Coulomb-14
    1.73792e+03    7.30966e+02    5.34607e+02   -1.88295e+02    2.39745e+04
        LJ (SR)  Disper. corr.   Coulomb (SR)   Coul. recip. Position Rest.
    7.10154e+04   -1.63372e+03   -5.69322e+05    1.00140e+03    7.75937e+02
      Potential    Kinetic En.   Total Energy  Conserved En.    Temperature
   -4.71374e+05    8.55974e+04   -3.85776e+05   -4.34011e+05    3.09820e+02
 Pres. DC (bar) Pressure (bar)   Constr. rmsd
   -7.82960e+01   -8.21079e+01    3.33473e-05

           Step           Time
          20000       40.00000

   Energies (kJ/mol)
       G96Angle    Proper Dih.  Improper Dih.          LJ-14     Coulomb-14
    1.78395e+03    7.93525e+02    5.24770e+02   -1.91528e+02    2.39930e+04
        LJ (SR)  Disper. corr.   Coulomb (SR)   Coul. recip. Position Rest.
    7.15269e+04   -1.63616e+03   -5.69427e+05    1.06791e+03    6.45827e+02
      Potential    Kinetic En.   Total Energy  Conserved En.    Temperature
   -4.70919e+05    8.56809e+04   -3.85238e+05   -4.34080e+05    3.10122e+02
 Pres. DC (bar) Pressure (bar)   Constr. rmsd
   -7.85294e+01    1.71834e+02    3.33473e-05

           Step           Time
          21000       42.00000

   Energies (kJ/mol)
       G96Angle    Proper Dih.  Improper Dih.          LJ-14     Coulomb-14
    1.72441e+03    7.86279e+02    5.45279e+02   -1.65012e+02    2.40028e+04
        LJ (SR)  Disper. corr.   Coulomb (SR)   Coul. recip. Position Rest.
    7.01085e+04   -1.63621e+03   -5.68672e+05    1.03621e+03    7.56513e+02
      Potential    Kinetic En.   Total Energy  Conserved En.    Temperature
   -4.71513e+05    8.62462e+04   -3.85267e+05   -4.33982e+05    3.12168e+02
 Pres. DC (bar) Pressure (bar)   Constr. rmsd
   -7.85341e+01   -2.45308e+02    3.33473e-05

           Step           Time
          22000       44.00000

   Energies (kJ/mol)
       G96Angle    Proper Dih.  Improper Dih.          LJ-14     Coulomb-14
    1.80309e+03    6.97117e+02    5.81996e+02   -2.18899e+02    2.39136e+04
        LJ (SR)  Disper. corr.   Coulomb (SR)   Coul. recip. Position Rest.
    7.22502e+04   -1.63617e+03   -5.70761e+05    1.03490e+03    6.70005e+02
      Potential    Kinetic En.   Total Energy  Conserved En.    Temperature
   -4.71665e+05    8.55526e+04   -3.86112e+05   -4.34035e+05    3.09658e+02
 Pres. DC (bar) Pressure (bar)   Constr. rmsd
   -7.85305e+01   -1.48663e+01    3.33473e-05

           Step           Time
          23000       46.00000

   Energies (kJ/mol)
       G96Angle    Proper Dih.  Improper Dih.          LJ-14     Coulomb-14
    1.71003e+03    7.73608e+02    5.31177e+02   -1.86311e+02    2.40240e+04
        LJ (SR)  Disper. corr.   Coulomb (SR)   Coul. recip. Position Rest.
    7.14607e+04   -1.63369e+03   -5.69521e+05    1.04370e+03    7.44402e+02
      Potential    Kinetic En.   Total Energy  Conserved En.    Temperature
   -4.71053e+05    8.53908e+04   -3.85662e+05   -4.34082e+05    3.09072e+02
 Pres. DC (bar) Pressure (bar)   Constr. rmsd
   -7.82929e+01    1.22697e+02    3.33473e-05

           Step           Time
          24000       48.00000

   Energies (kJ/mol)
       G96Angle    Proper Dih.  Improper Dih.          LJ-14     Coulomb-14
    1.75714e+03    7.55614e+02    5.26897e+02   -2.14942e+02    2.40781e+04
        LJ (SR)  Disper. corr.   Coulomb (SR)   Coul. recip. Position Rest.
    7.09315e+04   -1.63352e+03   -5.69125e+05    1.04108e+03    6.84735e+02
      Potential    Kinetic En.   Total Energy  Conserved En.    Temperature
   -4.71198e+05    8.59683e+04   -3.85230e+05   -4.34074e+05    3.11162e+02
 Pres. DC (bar) Pressure (bar)   Constr. rmsd
   -7.82767e+01    2.23160e+01    3.33473e-05

           Step           Time
          25000       50.00000

   Energies (kJ/mol)
       G96Angle    Proper Dih.  Improper Dih.          LJ-14     Coulomb-14
    1.80201e+03    7.41206e+02    5.18118e+02   -1.72639e+02    2.40575e+04
        LJ (SR)  Disper. corr.   Coulomb (SR)   Coul. recip. Position Rest.
    6.99442e+04   -1.63206e+03   -5.68231e+05    1.06113e+03    7.08199e+02
      Potential    Kinetic En.   Total Energy  Conserved En.    Temperature
   -4.71203e+05    8.55571e+04   -3.85646e+05   -4.34001e+05    3.09674e+02
 Pres. DC (bar) Pressure (bar)   Constr. rmsd
   -7.81362e+01   -2.43860e+02    3.33473e-05

           Step           Time
          26000       52.00000

   Energies (kJ/mol)
       G96Angle    Proper Dih.  Improper Dih.          LJ-14     Coulomb-14
    1.77486e+03    7.35964e+02    5.71422e+02   -1.91123e+02    2.40331e+04
        LJ (SR)  Disper. corr.   Coulomb (SR)   Coul. recip. Position Rest.
    7.17620e+04   -1.63520e+03   -5.69575e+05    1.05370e+03    6.86392e+02
      Potential    Kinetic En.   Total Energy  Conserved En.    Temperature
   -4.70784e+05    8.53124e+04   -3.85472e+05   -4.34081e+05    3.08788e+02
 Pres. DC (bar) Pressure (bar)   Constr. rmsd
   -7.84372e+01    7.17317e+01    3.33473e-05

           Step           Time
          27000       54.00000

   Energies (kJ/mol)
       G96Angle    Proper Dih.  Improper Dih.          LJ-14     Coulomb-14
    1.75608e+03    7.81882e+02    5.31525e+02   -1.40951e+02    2.40241e+04
        LJ (SR)  Disper. corr.   Coulomb (SR)   Coul. recip. Position Rest.
    7.12197e+04   -1.63497e+03   -5.68755e+05    1.05184e+03    6.86167e+02
      Potential    Kinetic En.   Total Energy  Conserved En.    Temperature
   -4.70480e+05    8.50315e+04   -3.85448e+05   -4.34080e+05    3.07771e+02
 Pres. DC (bar) Pressure (bar)   Constr. rmsd
   -7.84152e+01    1.15532e+02    3.33473e-05

           Step           Time
          28000       56.00000

   Energies (kJ/mol)
       G96Angle    Proper Dih.  Improper Dih.          LJ-14     Coulomb-14
    1.70791e+03    7.39502e+02    5.33318e+02   -1.42313e+02    2.40070e+04
        LJ (SR)  Disper. corr.   Coulomb (SR)   Coul. recip. Position Rest.
    7.09071e+04   -1.63386e+03   -5.68739e+05    1.09801e+03    7.00751e+02
      Potential    Kinetic En.   Total Energy  Conserved En.    Temperature
   -4.70821e+05    8.61885e+04   -3.84633e+05   -4.34094e+05    3.11959e+02
 Pres. DC (bar) Pressure (bar)   Constr. rmsd
   -7.83089e+01    6.67819e+01    3.33473e-05

           Step           Time
          29000       58.00000

   Energies (kJ/mol)
       G96Angle    Proper Dih.  Improper Dih.          LJ-14     Coulomb-14
    1.72722e+03    8.26731e+02    5.47774e+02   -2.22253e+02    2.40456e+04
        LJ (SR)  Disper. corr.   Coulomb (SR)   Coul. recip. Position Rest.
    7.13059e+04   -1.63284e+03   -5.69813e+05    1.01122e+03    7.05324e+02
      Potential    Kinetic En.   Total Energy  Conserved En.    Temperature
   -4.71498e+05    8.58404e+04   -3.85658e+05   -4.34083e+05    3.10699e+02
 Pres. DC (bar) Pressure (bar)   Constr. rmsd
   -7.82112e+01    5.89528e+01    3.33473e-05

           Step           Time
          30000       60.00000

   Energies (kJ/mol)
       G96Angle    Proper Dih.  Improper Dih.          LJ-14     Coulomb-14
    1.83772e+03    7.46427e+02    5.08489e+02   -2.32531e+02    2.40415e+04
        LJ (SR)  Disper. corr.   Coulomb (SR)   Coul. recip. Position Rest.
    7.10298e+04   -1.63119e+03   -5.69309e+05    1.00606e+03    6.94717e+02
      Potential    Kinetic En.   Total Energy  Conserved En.    Temperature
   -4.71308e+05    8.56555e+04   -3.85652e+05   -4.34036e+05    3.10030e+02
 Pres. DC (bar) Pressure (bar)   Constr. rmsd
   -7.80533e+01   -9.14243e+01    3.33473e-05

           Step           Time
          31000       62.00000

   Energies (kJ/mol)
       G96Angle    Proper Dih.  Improper Dih.          LJ-14     Coulomb-14
    1.72972e+03    7.56624e+02    5.59481e+02   -1.61112e+02    2.39747e+04
        LJ (SR)  Disper. corr.   Coulomb (SR)   Coul. recip. Position Rest.
    7.17490e+04   -1.62953e+03   -5.69848e+05    1.08146e+03    7.26662e+02
      Potential    Kinetic En.   Total Energy  Conserved En.    Temperature
   -4.71062e+05    8.58557e+04   -3.85206e+05   -4.34080e+05    3.10755e+02
 Pres. DC (bar) Pressure (bar)   Constr. rmsd
   -7.78949e+01   -2.03236e+01    3.33473e-05

           Step           Time
          32000       64.00000

   Energies (kJ/mol)
       G96Angle    Proper Dih.  Improper Dih.          LJ-14     Coulomb-14
    1.70127e+03    7.93888e+02    4.80694e+02   -1.86481e+02    2.40177e+04
        LJ (SR)  Disper. corr.   Coulomb (SR)   Coul. recip. Position Rest.
    7.12355e+04   -1.63350e+03   -5.70135e+05    1.07701e+03    7.07784e+02
      Potential    Kinetic En.   Total Energy  Conserved En.    Temperature
   -4.71941e+05    8.60865e+04   -3.85855e+05   -4.34093e+05    3.11590e+02
 Pres. DC (bar) Pressure (bar)   Constr. rmsd
   -7.82744e+01    6.15970e+01    3.33473e-05

           Step           Time
          33000       66.00000

   Energies (kJ/mol)
       G96Angle    Proper Dih.  Improper Dih.          LJ-14     Coulomb-14
    1.76374e+03    7.90117e+02    5.61983e+02   -1.99894e+02    2.39576e+04
        LJ (SR)  Disper. corr.   Coulomb (SR)   Coul. recip. Position Rest.
    7.10729e+04   -1.63269e+03   -5.69395e+05    1.03054e+03    7.23442e+02
      Potential    Kinetic En.   Total Energy  Conserved En.    Temperature
   -4.71327e+05    8.57731e+04   -3.85554e+05   -4.34075e+05    3.10456e+02
 Pres. DC (bar) Pressure (bar)   Constr. rmsd
   -7.81966e+01   -6.11820e+01    3.33473e-05

           Step           Time
          34000       68.00000

   Energies (kJ/mol)
       G96Angle    Proper Dih.  Improper Dih.          LJ-14     Coulomb-14
    1.81036e+03    8.33673e+02    5.30976e+02   -2.10820e+02    2.38833e+04
        LJ (SR)  Disper. corr.   Coulomb (SR)   Coul. recip. Position Rest.
    7.18485e+04   -1.63413e+03   -5.69817e+05    1.01692e+03    6.99712e+02
      Potential    Kinetic En.   Total Energy  Conserved En.    Temperature
   -4.71038e+05    8.55376e+04   -3.85501e+05   -4.34114e+05    3.09603e+02
 Pres. DC (bar) Pressure (bar)   Constr. rmsd
   -7.83349e+01    4.87274e+01    3.33473e-05

           Step           Time
          35000       70.00000

   Energies (kJ/mol)
       G96Angle    Proper Dih.  Improper Dih.          LJ-14     Coulomb-14
    1.72713e+03    7.79726e+02    5.37892e+02   -1.89573e+02    2.39442e+04
        LJ (SR)  Disper. corr.   Coulomb (SR)   Coul. recip. Position Rest.
    7.18933e+04   -1.63437e+03   -5.70612e+05    1.06527e+03    7.09623e+02
      Potential    Kinetic En.   Total Energy  Conserved En.    Temperature
   -4.71779e+05    8.55684e+04   -3.86210e+05   -4.34122e+05    3.09715e+02
 Pres. DC (bar) Pressure (bar)   Constr. rmsd
   -7.83577e+01    9.47105e+01    3.33473e-05

           Step           Time
          36000       72.00000

   Energies (kJ/mol)
       G96Angle    Proper Dih.  Improper Dih.          LJ-14     Coulomb-14
    1.66123e+03    7.62213e+02    5.08602e+02   -1.80205e+02    2.40236e+04
        LJ (SR)  Disper. corr.   Coulomb (SR)   Coul. recip. Position Rest.
    7.15349e+04   -1.63369e+03   -5.69786e+05    1.05654e+03    7.27394e+02
      Potential    Kinetic En.   Total Energy  Conserved En.    Temperature
   -4.71326e+05    8.53775e+04   -3.85948e+05   -4.34129e+05    3.09024e+02
 Pres. DC (bar) Pressure (bar)   Constr. rmsd
   -7.82922e+01    1.09050e+02    3.33473e-05

           Step           Time
          37000       74.00000

   Energies (kJ/mol)
       G96Angle    Proper Dih.  Improper Dih.          LJ-14     Coulomb-14
    1.72661e+03    8.06563e+02    5.53409e+02   -1.44550e+02    2.40442e+04
        LJ (SR)  Disper. corr.   Coulomb (SR)   Coul. recip. Position Rest.
    7.12227e+04   -1.63662e+03   -5.70046e+05    1.02930e+03    6.78775e+02
      Potential    Kinetic En.   Total Energy  Conserved En.    Temperature
   -4.71766e+05    8.58594e+04   -3.85907e+05   -4.34106e+05    3.10768e+02
 Pres. DC (bar) Pressure (bar)   Constr. rmsd
   -7.85739e+01    1.56803e+01    3.33473e-05

           Step           Time
          38000       76.00000

   Energies (kJ/mol)
       G96Angle    Proper Dih.  Improper Dih.          LJ-14     Coulomb-14
    1.75410e+03    7.36258e+02    5.57225e+02   -2.26273e+02    2.40412e+04
        LJ (SR)  Disper. corr.   Coulomb (SR)   Coul. recip. Position Rest.
    7.18271e+04   -1.63493e+03   -5.70505e+05    1.02446e+03    7.13693e+02
      Potential    Kinetic En.   Total Energy  Conserved En.    Temperature
   -4.71712e+05    8.56843e+04   -3.86028e+05   -4.34079e+05    3.10134e+02
 Pres. DC (bar) Pressure (bar)   Constr. rmsd
   -7.84116e+01   -7.42316e+01    3.33473e-05

           Step           Time
          39000       78.00000

   Energies (kJ/mol)
       G96Angle    Proper Dih.  Improper Dih.          LJ-14     Coulomb-14
    1.78469e+03    7.55559e+02    5.58696e+02   -2.19200e+02    2.40781e+04
        LJ (SR)  Disper. corr.   Coulomb (SR)   Coul. recip. Position Rest.
    7.10597e+04   -1.63382e+03   -5.69328e+05    1.02872e+03    6.93502e+02
      Potential    Kinetic En.   Total Energy  Conserved En.    Temperature
   -4.71222e+05    8.55872e+04   -3.85635e+05   -4.34074e+05    3.09783e+02
 Pres. DC (bar) Pressure (bar)   Constr. rmsd
   -7.83055e+01   -1.22470e+02    3.33473e-05

           Step           Time
          40000       80.00000

   Energies (kJ/mol)
       G96Angle    Proper Dih.  Improper Dih.          LJ-14     Coulomb-14
    1.75891e+03    7.45885e+02    6.00712e+02   -2.10497e+02    2.40321e+04
        LJ (SR)  Disper. corr.   Coulomb (SR)   Coul. recip. Position Rest.
    7.19127e+04   -1.63329e+03   -5.70163e+05    1.01814e+03    7.64921e+02
      Potential    Kinetic En.   Total Energy  Conserved En.    Temperature
   -4.71173e+05    8.53173e+04   -3.85856e+05   -4.34102e+05    3.08806e+02
 Pres. DC (bar) Pressure (bar)   Constr. rmsd
   -7.82546e+01   -4.66355e+01    3.33473e-05

           Step           Time
          41000       82.00000

   Energies (kJ/mol)
       G96Angle    Proper Dih.  Improper Dih.          LJ-14     Coulomb-14
    1.77737e+03    7.16864e+02    5.99043e+02   -2.43436e+02    2.40428e+04
        LJ (SR)  Disper. corr.   Coulomb (SR)   Coul. recip. Position Rest.
    7.03291e+04   -1.63431e+03   -5.67939e+05    1.03511e+03    6.95901e+02
      Potential    Kinetic En.   Total Energy  Conserved En.    Temperature
   -4.70620e+05    8.53548e+04   -3.85265e+05   -4.34102e+05    3.08942e+02
 Pres. DC (bar) Pressure (bar)   Constr. rmsd
   -7.83518e+01   -2.87030e+01    3.33473e-05

           Step           Time
          42000       84.00000

   Energies (kJ/mol)
       G96Angle    Proper Dih.  Improper Dih.          LJ-14     Coulomb-14
    1.67547e+03    8.21981e+02    5.48587e+02   -1.72946e+02    2.39199e+04
        LJ (SR)  Disper. corr.   Coulomb (SR)   Coul. recip. Position Rest.
    7.17198e+04   -1.63338e+03   -5.69737e+05    1.00426e+03    7.18448e+02
      Potential    Kinetic En.   Total Energy  Conserved En.    Temperature
   -4.71135e+05    8.60031e+04   -3.85132e+05   -4.34168e+05    3.11288e+02
 Pres. DC (bar) Pressure (bar)   Constr. rmsd
   -7.82631e+01    1.42101e+02    3.33473e-05

           Step           Time
          43000       86.00000

   Energies (kJ/mol)
       G96Angle    Proper Dih.  Improper Dih.          LJ-14     Coulomb-14
    1.75679e+03    6.94824e+02    5.61198e+02   -2.19576e+02    2.41101e+04
        LJ (SR)  Disper. corr.   Coulomb (SR)   Coul. recip. Position Rest.
    7.13581e+04   -1.63216e+03   -5.69411e+05    1.06181e+03    7.13655e+02
      Potential    Kinetic En.   Total Energy  Conserved En.    Temperature
   -4.71006e+05    8.56858e+04   -3.85321e+05   -4.34133e+05    3.10140e+02
 Pres. DC (bar) Pressure (bar)   Constr. rmsd
   -7.81458e+01    4.82850e+01    3.33473e-05

           Step           Time
          44000       88.00000

   Energies (kJ/mol)
       G96Angle    Proper Dih.  Improper Dih.          LJ-14     Coulomb-14
    1.74422e+03    7.54217e+02    4.85297e+02   -2.17540e+02    2.40480e+04
        LJ (SR)  Disper. corr.   Coulomb (SR)   Coul. recip. Position Rest.
    7.08388e+04   -1.62978e+03   -5.68997e+05    1.05139e+03    6.65324e+02
      Potential    Kinetic En.   Total Energy  Conserved En.    Temperature
   -4.71257e+05    8.61902e+04   -3.85067e+05   -4.34128e+05    3.11966e+02
 Pres. DC (bar) Pressure (bar)   Constr. rmsd
   -7.79190e+01   -5.85082e+01    3.33473e-05

           Step           Time
          45000       90.00000

   Energies (kJ/mol)
       G96Angle    Proper Dih.  Improper Dih.          LJ-14     Coulomb-14
    1.72225e+03    7.79559e+02    6.07950e+02   -2.05735e+02    2.40110e+04
        LJ (SR)  Disper. corr.   Coulomb (SR)   Coul. recip. Position Rest.
    7.09208e+04   -1.62969e+03   -5.69340e+05    1.06649e+03    7.34648e+02
      Potential    Kinetic En.   Total Energy  Conserved En.    Temperature
   -4.71332e+05    8.58083e+04   -3.85524e+05   -4.34134e+05    3.10583e+02
 Pres. DC (bar) Pressure (bar)   Constr. rmsd
   -7.79097e+01   -4.13436e+01    3.33473e-05

           Step           Time
          46000       92.00000

   Energies (kJ/mol)
       G96Angle    Proper Dih.  Improper Dih.          LJ-14     Coulomb-14
    1.69914e+03    7.61785e+02    5.29625e+02   -2.08137e+02    2.40227e+04
        LJ (SR)  Disper. corr.   Coulomb (SR)   Coul. recip. Position Rest.
    7.15663e+04   -1.62858e+03   -5.69066e+05    1.03456e+03    6.86934e+02
      Potential    Kinetic En.   Total Energy  Conserved En.    Temperature
   -4.70602e+05    8.59467e+04   -3.84655e+05   -4.34136e+05    3.11084e+02
 Pres. DC (bar) Pressure (bar)   Constr. rmsd
   -7.78035e+01   -2.31346e+01    3.33473e-05

           Step           Time
          47000       94.00000

   Energies (kJ/mol)
       G96Angle    Proper Dih.  Improper Dih.          LJ-14     Coulomb-14
    1.67817e+03    7.46502e+02    5.89430e+02   -1.71053e+02    2.39619e+04
        LJ (SR)  Disper. corr.   Coulomb (SR)   Coul. recip. Position Rest.
    7.11509e+04   -1.63229e+03   -5.69412e+05    1.06908e+03    7.30225e+02
      Potential    Kinetic En.   Total Energy  Conserved En.    Temperature
   -4.71289e+05    8.56528e+04   -3.85636e+05   -4.34124e+05    3.10020e+02
 Pres. DC (bar) Pressure (bar)   Constr. rmsd
   -7.81582e+01   -7.33700e+01    3.33473e-05

           Step           Time
          48000       96.00000

   Energies (kJ/mol)
       G96Angle    Proper Dih.  Improper Dih.          LJ-14     Coulomb-14
    1.73468e+03    7.28173e+02    5.14144e+02   -1.38743e+02    2.41052e+04
        LJ (SR)  Disper. corr.   Coulomb (SR)   Coul. recip. Position Rest.
    7.03920e+04   -1.63120e+03   -5.68478e+05    1.05944e+03    7.46822e+02
      Potential    Kinetic En.   Total Energy  Conserved En.    Temperature
   -4.70968e+05    8.55974e+04   -3.85370e+05   -4.34124e+05    3.09820e+02
 Pres. DC (bar) Pressure (bar)   Constr. rmsd
   -7.80547e+01   -3.64477e+01    3.33473e-05

           Step           Time
          49000       98.00000

   Energies (kJ/mol)
       G96Angle    Proper Dih.  Improper Dih.          LJ-14     Coulomb-14
    1.84091e+03    7.70246e+02    5.23414e+02   -2.06565e+02    2.39762e+04
        LJ (SR)  Disper. corr.   Coulomb (SR)   Coul. recip. Position Rest.
    7.07266e+04   -1.63285e+03   -5.69496e+05    1.04282e+03    6.82109e+02
      Potential    Kinetic En.   Total Energy  Conserved En.    Temperature
   -4.71774e+05    8.61921e+04   -3.85582e+05   -4.34123e+05    3.11972e+02
 Pres. DC (bar) Pressure (bar)   Constr. rmsd
   -7.82126e+01   -1.12254e+02    3.33473e-05

           Step           Time
          50000      100.00000

Writing checkpoint, step 50000 at Tue Jul 18 18:38:02 2023


   Energies (kJ/mol)
       G96Angle    Proper Dih.  Improper Dih.          LJ-14     Coulomb-14
    1.72798e+03    7.68615e+02    5.70085e+02   -1.78031e+02    2.39588e+04
        LJ (SR)  Disper. corr.   Coulomb (SR)   Coul. recip. Position Rest.
    7.23017e+04   -1.63345e+03   -5.71078e+05    1.00538e+03    6.80812e+02
      Potential    Kinetic En.   Total Energy  Conserved En.    Temperature
   -4.71876e+05    8.57643e+04   -3.86111e+05   -4.34186e+05    3.10424e+02
 Pres. DC (bar) Pressure (bar)   Constr. rmsd
   -7.82697e+01    1.61530e+02    3.33473e-05


Energy conservation over simulation part #1 of length 100 ps, time 0 to 100 ps
  Conserved energy drift: -2.15e-04 kJ/mol/ps per atom


	<======  ###############  ==>
	<====  A V E R A G E S  ====>
	<==  ###############  ======>

	Statistics over 50001 steps using 501 frames

   Energies (kJ/mol)
       G96Angle    Proper Dih.  Improper Dih.          LJ-14     Coulomb-14
    1.72635e+03    7.66138e+02    5.53781e+02   -1.87953e+02    2.40304e+04
        LJ (SR)  Disper. corr.   Coulomb (SR)   Coul. recip. Position Rest.
    7.13169e+04   -1.63357e+03   -5.69688e+05    1.05137e+03    7.21469e+02
      Potential    Kinetic En.   Total Energy  Conserved En.    Temperature
   -4.71343e+05    8.56308e+04   -3.85712e+05   -4.34060e+05    3.09940e+02
 Pres. DC (bar) Pressure (bar)   Constr. rmsd
   -7.82820e+01    5.62764e+00    0.00000e+00

          Box-X          Box-Y          Box-Z
    6.58096e+00    4.37594e+00    1.20383e+01

   Total Virial (kJ/mol)
    2.85347e+04   -2.35979e+02   -1.73942e+02
   -2.35975e+02    2.85426e+04    1.77553e+02
   -1.73933e+02    1.77560e+02    2.83805e+04

   Pressure (bar)
    4.03410e+00    2.21349e+01    1.80270e+01
    2.21346e+01    5.47414e+00   -1.40026e+01
    1.80261e+01   -1.40032e+01    7.37469e+00

      T-Protein  T-non-Protein
    3.10125e+02    3.09934e+02


	M E G A - F L O P S   A C C O U N T I N G

 NB=Group-cutoff nonbonded kernels    NxN=N-by-N cluster Verlet kernels
 RF=Reaction-Field  VdW=Van der Waals  QSTab=quadratic-spline table
 W3=SPC/TIP3p  W4=TIP4p (single or pairs)
 V&F=Potential and force  V=Potential only  F=Force only

 Computing:                               M-Number         M-Flops  % Flops
-----------------------------------------------------------------------------
 Pair Search distance check            2226.575744       20039.182     0.0
 NxN Ewald Elec. + LJ [F]           2837984.022720   187306945.500    98.4
 NxN Ewald Elec. + LJ [V&F]           28723.852096     3073452.174     1.6
 1,4 nonbonded interactions              94.501890        8505.170     0.0
 Shift-X                                 16.636707          99.820     0.0
 Angles                                  82.751655       13902.278     0.0
 Propers                                 28.750575        6583.882     0.0
 Impropers                               28.000560        5824.116     0.0
 Pos. Restr.                             46.000920        2300.046     0.0
 Virial                                  16.659252         299.867     0.0
 Stop-CM                                166.101414        1661.014     0.0
 P-Coupling                              16.636707          99.820     0.0
 Calc-Ekin                              332.136414        8967.683     0.0
 Lincs                                    0.002270           0.136     0.0
 Lincs-Mat                                0.039720           0.159     0.0
 Constraint-V                             0.034295           0.309     0.0
 Settle                                   0.021350           7.899     0.0
-----------------------------------------------------------------------------
 Total                                               190448689.055   100.0
-----------------------------------------------------------------------------


      R E A L   C Y C L E   A N D   T I M E   A C C O U N T I N G

On 1 MPI rank, each using 12 OpenMP threads

 Activity:              Num   Num      Call    Wall time         Giga-Cycles
                        Ranks Threads  Count      (s)         total sum    %
--------------------------------------------------------------------------------
 Neighbor search           1   12        501       0.818         37.245   1.9
 Launch PP GPU ops.        1   12      99501       1.325         60.291   3.2
 Force                     1   12      50001       2.169         98.700   5.2
 PME GPU mesh              1   12      50001       1.060         48.233   2.5
 Wait GPU NB local         1   12      49500       0.013          0.591   0.0
 Wait GPU state copy       1   12      71003      32.594       1483.511  77.5
 NB X/F buffer ops.        1   12        501       0.017          0.764   0.0
 Write traj.               1   12         51       0.297         13.533   0.7
 Constraints               1   12          2       0.000          0.014   0.0
 Rest                                              3.743        170.373   8.9
--------------------------------------------------------------------------------
 Total                                            42.036       1913.255 100.0
--------------------------------------------------------------------------------
 Breakdown of PME mesh activities
--------------------------------------------------------------------------------
 Wait PME GPU gather       1   12      50001       0.013          0.571   0.0
 Reduce GPU PME F          1   12      50001       0.010          0.448   0.0
 Launch PME GPU ops.       1   12     450009       1.003         45.659   2.4
--------------------------------------------------------------------------------

               Core t (s)   Wall t (s)        (%)
       Time:      504.411       42.036     1199.9
                 (ns/day)    (hour/ns)
Performance:      205.542        0.117
Finished mdrun on rank 0 Tue Jul 18 18:38:02 2023

