                       :-) GROMACS - gmx mdrun, 2023 (-:

Copyright 1991-2023 The GROMACS Authors.
GROMACS is free software; you can redistribute it and/or modify it
under the terms of the GNU Lesser General Public License
as published by the Free Software Foundation; either version 2.1
of the License, or (at your option) any later version.

                         Current GROMACS contributors:
       Mark Abraham           Andrey Alekseenko           Cathrine Bergh      
      Christian Blau            Eliane Briand             Mahesh Doijade      
    Stefan Fleischmann           Vytas Gapsys              Gaurav Garg        
      Sergey Gorelov         Gilles Gouaillardet            Alan Gray         
     M. Eric Irrgang         Farzaneh Jalalypour            Joe Jordan        
    Christoph Junghans        Prashanth Kanduri          Sebastian Keller     
     Carsten Kutzner           Justin A. Lemkul          Magnus Lundborg      
       Pascal Merz              Vedran Miletic            Dmitry Morozov      
       Szilard Pall             Roland Schulz             Michael Shirts      
     Alexey Shvetsov            Balint Soproni         David van der Spoel    
      Philip Turner             Carsten Uphoff           Alessandra Villa     
 Sebastian Wingbermuehle        Artem Zhmurov       

                         Previous GROMACS contributors:
        Emile Apol             Rossen Apostolov           James Barnett       
  Herman J.C. Berendsen          Par Bjelkmar           Viacheslav Bolnykh    
        Kevin Boyd            Aldert van Buuren          Carlo Camilloni      
     Rudi van Drunen            Anton Feenstra           Oliver Fleetwood     
     Gerrit Groenhof            Bert de Groot             Anca Hamuraru       
    Vincent Hindriksen          Victor Holanda           Aleksei Iupinov      
   Dimitrios Karkoulis           Peter Kasson             Sebastian Kehl      
        Jiri Kraus               Per Larsson              Viveca Lindahl      
      Erik Marklund           Pieter Meulenhoff           Teemu Murtola       
       Sander Pronk             Alfons Sijbers            Peter Tieleman      
       Jon Vincent             Teemu Virolainen         Christian Wennberg    
       Maarten Wolf       

                  Coordinated by the GROMACS project leaders:
                    Paul Bauer, Berk Hess, and Erik Lindahl

GROMACS:      gmx mdrun, version 2023
Executable:   /usr/local/gromacs/bin/gmx
Data prefix:  /usr/local/gromacs
Working dir:  /home/insilitox/Documentos/gromacs-tutorial/5-test
Process ID:   9169
Command line:
  gmx mdrun -v -deffnm em

GROMACS version:    2023
Precision:          mixed
Memory model:       64 bit
MPI library:        thread_mpi
OpenMP support:     enabled (GMX_OPENMP_MAX_THREADS = 128)
GPU support:        CUDA
NB cluster size:    8
SIMD instructions:  AVX2_256
CPU FFT library:    fftw-3.3.8-sse2-avx
GPU FFT library:    cuFFT
Multi-GPU FFT:      none
RDTSCP usage:       enabled
TNG support:        enabled
Hwloc support:      disabled
Tracing support:    disabled
C compiler:         /usr/bin/cc GNU 11.3.0
C compiler flags:   -fexcess-precision=fast -funroll-all-loops -mavx2 -mfma -Wno-missing-field-initializers -O3 -DNDEBUG
C++ compiler:       /usr/bin/c++ GNU 11.3.0
C++ compiler flags: -fexcess-precision=fast -funroll-all-loops -mavx2 -mfma -Wno-missing-field-initializers -Wno-cast-function-type-strict -fopenmp -O3 -DNDEBUG
BLAS library:       
LAPACK library:     
CUDA compiler:      /usr/local/cuda/bin/nvcc nvcc: NVIDIA (R) Cuda compiler driver;Copyright (c) 2005-2023 NVIDIA Corporation;Built on Mon_Apr__3_17:16:06_PDT_2023;Cuda compilation tools, release 12.1, V12.1.105;Build cuda_12.1.r12.1/compiler.32688072_0
CUDA compiler flags:-std=c++17;--generate-code=arch=compute_50,code=sm_50;--generate-code=arch=compute_52,code=sm_52;--generate-code=arch=compute_60,code=sm_60;--generate-code=arch=compute_61,code=sm_61;--generate-code=arch=compute_70,code=sm_70;--generate-code=arch=compute_75,code=sm_75;--generate-code=arch=compute_80,code=sm_80;--generate-code=arch=compute_86,code=sm_86;--generate-code=arch=compute_89,code=sm_89;--generate-code=arch=compute_90,code=sm_90;-Wno-deprecated-gpu-targets;--generate-code=arch=compute_53,code=sm_53;--generate-code=arch=compute_80,code=sm_80;-use_fast_math;-Xptxas;-warn-double-usage;-Xptxas;-Werror;-D_FORCE_INLINES;-fexcess-precision=fast -funroll-all-loops -mavx2 -mfma -Wno-missing-field-initializers -Wno-cast-function-type-strict -fopenmp -O3 -DNDEBUG
CUDA driver:        12.10
CUDA runtime:       12.10


Running on 1 node with total 12 cores, 24 processing units, 1 compatible GPU
Hardware detected on host insilitox:
  CPU info:
    Vendor: AMD
    Brand:  AMD Ryzen 9 3900X 12-Core Processor            
    Family: 23   Model: 113   Stepping: 0
    Features: aes amd apic avx avx2 clfsh cmov cx8 cx16 f16c fma htt lahf misalignsse mmx msr nonstop_tsc pclmuldq pdpe1gb popcnt pse rdrnd rdtscp sha sse2 sse3 sse4a sse4.1 sse4.2 ssse3
  Hardware topology: Basic
    Packages, cores, and logical processors:
    [indices refer to OS logical processors]
      Package  0: [   0  12] [   1  13] [   2  14] [   3  15] [   4  16] [   5  17] [   6  18] [   7  19] [   8  20] [   9  21] [  10  22] [  11  23]
    CPU limit set by OS: -1   Recommended max number of threads: 24
  GPU info:
    Number of GPUs detected: 1
    #0: NVIDIA Quadro RTX 4000, compute cap.: 7.5, ECC:  no, stat: compatible


++++ PLEASE READ AND CITE THE FOLLOWING REFERENCE ++++
M. J. Abraham, T. Murtola, R. Schulz, S. Páll, J. C. Smith, B. Hess, E.
Lindahl
GROMACS: High performance molecular simulations through multi-level
parallelism from laptops to supercomputers
SoftwareX 1 (2015) pp. 19-25
-------- -------- --- Thank You --- -------- --------


++++ PLEASE READ AND CITE THE FOLLOWING REFERENCE ++++
S. Páll, M. J. Abraham, C. Kutzner, B. Hess, E. Lindahl
Tackling Exascale Software Challenges in Molecular Dynamics Simulations with
GROMACS
In S. Markidis & E. Laure (Eds.), Solving Software Challenges for Exascale 8759 (2015) pp. 3-27
-------- -------- --- Thank You --- -------- --------


++++ PLEASE READ AND CITE THE FOLLOWING REFERENCE ++++
S. Pronk, S. Páll, R. Schulz, P. Larsson, P. Bjelkmar, R. Apostolov, M. R.
Shirts, J. C. Smith, P. M. Kasson, D. van der Spoel, B. Hess, and E. Lindahl
GROMACS 4.5: a high-throughput and highly parallel open source molecular
simulation toolkit
Bioinformatics 29 (2013) pp. 845-54
-------- -------- --- Thank You --- -------- --------


++++ PLEASE READ AND CITE THE FOLLOWING REFERENCE ++++
B. Hess and C. Kutzner and D. van der Spoel and E. Lindahl
GROMACS 4: Algorithms for highly efficient, load-balanced, and scalable
molecular simulation
J. Chem. Theory Comput. 4 (2008) pp. 435-447
-------- -------- --- Thank You --- -------- --------


++++ PLEASE READ AND CITE THE FOLLOWING REFERENCE ++++
D. van der Spoel, E. Lindahl, B. Hess, G. Groenhof, A. E. Mark and H. J. C.
Berendsen
GROMACS: Fast, Flexible and Free
J. Comp. Chem. 26 (2005) pp. 1701-1719
-------- -------- --- Thank You --- -------- --------


++++ PLEASE READ AND CITE THE FOLLOWING REFERENCE ++++
E. Lindahl and B. Hess and D. van der Spoel
GROMACS 3.0: A package for molecular simulation and trajectory analysis
J. Mol. Mod. 7 (2001) pp. 306-317
-------- -------- --- Thank You --- -------- --------


++++ PLEASE READ AND CITE THE FOLLOWING REFERENCE ++++
H. J. C. Berendsen, D. van der Spoel and R. van Drunen
GROMACS: A message-passing parallel molecular dynamics implementation
Comp. Phys. Comm. 91 (1995) pp. 43-56
-------- -------- --- Thank You --- -------- --------


++++ PLEASE CITE THE DOI FOR THIS VERSION OF GROMACS ++++
https://doi.org/10.5281/zenodo.7588619
-------- -------- --- Thank You --- -------- --------

Input Parameters:
   integrator                     = steep
   tinit                          = 0
   dt                             = 0.001
   nsteps                         = 50000
   init-step                      = 0
   simulation-part                = 1
   mts                            = false
   comm-mode                      = Linear
   nstcomm                        = 100
   bd-fric                        = 0
   ld-seed                        = 384003501
   emtol                          = 1000
   emstep                         = 0.01
   niter                          = 20
   fcstep                         = 0
   nstcgsteep                     = 1000
   nbfgscorr                      = 10
   rtpi                           = 0.05
   nstxout                        = 0
   nstvout                        = 0
   nstfout                        = 0
   nstlog                         = 1000
   nstcalcenergy                  = 100
   nstenergy                      = 1000
   nstxout-compressed             = 0
   compressed-x-precision         = 1000
   cutoff-scheme                  = Verlet
   nstlist                        = 1
   pbc                            = xyz
   periodic-molecules             = false
   verlet-buffer-tolerance        = 0.005
   rlist                          = 1.2
   coulombtype                    = PME
   coulomb-modifier               = Potential-shift
   rcoulomb-switch                = 0
   rcoulomb                       = 1.2
   epsilon-r                      = 1
   epsilon-rf                     = inf
   vdw-type                       = Cut-off
   vdw-modifier                   = Force-switch
   rvdw-switch                    = 1
   rvdw                           = 1.2
   DispCorr                       = No
   table-extension                = 1
   fourierspacing                 = 0.12
   fourier-nx                     = 72
   fourier-ny                     = 72
   fourier-nz                     = 72
   pme-order                      = 4
   ewald-rtol                     = 1e-05
   ewald-rtol-lj                  = 0.001
   lj-pme-comb-rule               = Geometric
   ewald-geometry                 = 3d
   epsilon-surface                = 0
   ensemble-temperature-setting   = not available
   ensemble-temperature           = -1
   tcoupl                         = No
   nsttcouple                     = -1
   nh-chain-length                = 0
   print-nose-hoover-chain-variables = false
   pcoupl                         = No
   pcoupltype                     = Isotropic
   nstpcouple                     = -1
   tau-p                          = 1
   compressibility (3x3):
      compressibility[    0]={ 0.00000e+00,  0.00000e+00,  0.00000e+00}
      compressibility[    1]={ 0.00000e+00,  0.00000e+00,  0.00000e+00}
      compressibility[    2]={ 0.00000e+00,  0.00000e+00,  0.00000e+00}
   ref-p (3x3):
      ref-p[    0]={ 0.00000e+00,  0.00000e+00,  0.00000e+00}
      ref-p[    1]={ 0.00000e+00,  0.00000e+00,  0.00000e+00}
      ref-p[    2]={ 0.00000e+00,  0.00000e+00,  0.00000e+00}
   refcoord-scaling               = No
   posres-com (3):
      posres-com[0]= 0.00000e+00
      posres-com[1]= 0.00000e+00
      posres-com[2]= 0.00000e+00
   posres-comB (3):
      posres-comB[0]= 0.00000e+00
      posres-comB[1]= 0.00000e+00
      posres-comB[2]= 0.00000e+00
   QMMM                           = false
qm-opts:
   ngQM                           = 0
   constraint-algorithm           = Lincs
   continuation                   = false
   Shake-SOR                      = false
   shake-tol                      = 0.0001
   lincs-order                    = 4
   lincs-iter                     = 1
   lincs-warnangle                = 30
   nwall                          = 0
   wall-type                      = 9-3
   wall-r-linpot                  = -1
   wall-atomtype[0]               = -1
   wall-atomtype[1]               = -1
   wall-density[0]                = 0
   wall-density[1]                = 0
   wall-ewald-zfac                = 3
   pull                           = false
   awh                            = false
   rotation                       = false
   interactiveMD                  = false
   disre                          = No
   disre-weighting                = Conservative
   disre-mixed                    = false
   dr-fc                          = 1000
   dr-tau                         = 0
   nstdisreout                    = 100
   orire-fc                       = 0
   orire-tau                      = 0
   nstorireout                    = 100
   free-energy                    = no
   cos-acceleration               = 0
   deform (3x3):
      deform[    0]={ 0.00000e+00,  0.00000e+00,  0.00000e+00}
      deform[    1]={ 0.00000e+00,  0.00000e+00,  0.00000e+00}
      deform[    2]={ 0.00000e+00,  0.00000e+00,  0.00000e+00}
   simulated-tempering            = false
   swapcoords                     = no
   userint1                       = 0
   userint2                       = 0
   userint3                       = 0
   userint4                       = 0
   userreal1                      = 0
   userreal2                      = 0
   userreal3                      = 0
   userreal4                      = 0
   applied-forces:
     electric-field:
       x:
         E0                       = 0
         omega                    = 0
         t0                       = 0
         sigma                    = 0
       y:
         E0                       = 0
         omega                    = 0
         t0                       = 0
         sigma                    = 0
       z:
         E0                       = 0
         omega                    = 0
         t0                       = 0
         sigma                    = 0
     density-guided-simulation:
       active                     = false
       group                      = protein
       similarity-measure         = inner-product
       atom-spreading-weight      = unity
       force-constant             = 1e+09
       gaussian-transform-spreading-width = 0.2
       gaussian-transform-spreading-range-in-multiples-of-width = 4
       reference-density-filename = reference.mrc
       nst                        = 1
       normalize-densities        = true
       adaptive-force-scaling     = false
       adaptive-force-scaling-time-constant = 4
       shift-vector               = 
       transformation-matrix      = 
     qmmm-cp2k:
       active                     = false
       qmgroup                    = System
       qmmethod                   = PBE
       qmfilenames                = 
       qmcharge                   = 0
       qmmultiplicity             = 1
grpopts:
   nrdf:       69651
   ref-t:           0
   tau-t:           0
annealing:          No
annealing-npoints:           0
   acc:	           0           0           0
   nfreeze:           N           N           N
   energygrp-flags[  0]: 0

When checking whether update groups are usable:
  Domain decomposition is not active, so there is no need for update groups

Update task can not run on the GPU, because the following condition(s) were not satisfied:

Only the md integrator is supported.

1 GPU selected for this run.
Mapping of GPU IDs to the 1 GPU task in the 1 rank on this node:
  PP:0
PP tasks will do (non-perturbed) short-ranged interactions on the GPU
PP task will update and constrain coordinates on the CPU
Using 1 MPI thread
Using 24 OpenMP threads 

System total charge: 0.000
Will do PME sum in reciprocal space for electrostatic interactions.

++++ PLEASE READ AND CITE THE FOLLOWING REFERENCE ++++
U. Essmann, L. Perera, M. L. Berkowitz, T. Darden, H. Lee and L. G. Pedersen 
A smooth particle mesh Ewald method
J. Chem. Phys. 103 (1995) pp. 8577-8592
-------- -------- --- Thank You --- -------- --------

Using a Gaussian width (1/beta) of 0.384195 nm for Ewald
Potential shift: LJ r^-12: -2.648e-01 r^-6: -5.349e-01, Ewald -8.333e-06
Initialized non-bonded Coulomb Ewald tables, spacing: 1.02e-03 size: 1176

Generated table with 1100 data points for 1-4 COUL.
Tabscale = 500 points/nm
Generated table with 1100 data points for 1-4 LJ6.
Tabscale = 500 points/nm
Generated table with 1100 data points for 1-4 LJ12.
Tabscale = 500 points/nm


Using GPU 8x8 nonbonded short-range kernels

Using a 8x8 pair-list setup:
  updated every 1 steps, buffer 0.000 nm, rlist 1.200 nm
Removing pbc first time

Pinning threads with an auto-selected logical cpu stride of 1

++++ PLEASE READ AND CITE THE FOLLOWING REFERENCE ++++
S. Miyamoto and P. A. Kollman
SETTLE: An Analytical Version of the SHAKE and RATTLE Algorithms for Rigid
Water Models
J. Comp. Chem. 13 (1992) pp. 952-962
-------- -------- --- Thank You --- -------- --------


Note that activating steepest-descent energy minimization via the integrator .mdp option and the command gmx mdrun may be available in a different form in a future version of GROMACS, e.g. gmx minimize and an .mdp option.
Initiating Steepest Descents
Started Steepest Descents on rank 0 Thu Aug 10 18:29:53 2023


Steepest Descents:
   Tolerance (Fmax)   =  1.00000e+03
   Number of steps    =        50000
           Step           Time
              0        0.00000

   Energies (kJ/mol)
           Bond            U-B    Proper Dih.  Improper Dih.      CMAP Dih.
    1.64200e+04    3.48237e+03    6.12406e+03    8.07922e+01   -1.50165e+02
          LJ-14     Coulomb-14        LJ (SR)   Coulomb (SR)   Coul. recip.
    3.18969e+03    1.95489e+04    2.04839e+05   -5.09577e+05    9.56108e+03
      Potential Pressure (bar)
   -2.46481e+05    4.08501e+04

           Step           Time
              1        1.00000

   Energies (kJ/mol)
           Bond            U-B    Proper Dih.  Improper Dih.      CMAP Dih.
    1.56214e+04    3.46356e+03    6.11991e+03    7.93474e+01   -1.52849e+02
          LJ-14     Coulomb-14        LJ (SR)   Coulomb (SR)   Coul. recip.
    3.18690e+03    1.95366e+04    1.72612e+05   -5.10108e+05    9.53744e+03
      Potential Pressure (bar)
   -2.80104e+05    3.34169e+04

           Step           Time
              2        2.00000

   Energies (kJ/mol)
           Bond            U-B    Proper Dih.  Improper Dih.      CMAP Dih.
    1.34334e+04    3.48241e+03    6.12054e+03    8.32386e+01   -1.60762e+02
          LJ-14     Coulomb-14        LJ (SR)   Coulomb (SR)   Coul. recip.
    3.17919e+03    1.94979e+04    1.37289e+05   -5.11211e+05    9.47038e+03
      Potential Pressure (bar)
   -3.18816e+05    2.52006e+04

           Step           Time
              3        3.00000

   Energies (kJ/mol)
           Bond            U-B    Proper Dih.  Improper Dih.      CMAP Dih.
    9.24344e+03    3.62488e+03    6.13027e+03    9.56747e+01   -1.76619e+02
          LJ-14     Coulomb-14        LJ (SR)   Coulomb (SR)   Coul. recip.
    3.16172e+03    1.94179e+04    1.12339e+05   -5.12747e+05    9.31967e+03
      Potential Pressure (bar)
   -3.49591e+05    1.91835e+04

           Step           Time
              4        4.00000

   Energies (kJ/mol)
           Bond            U-B    Proper Dih.  Improper Dih.      CMAP Dih.
    4.54181e+03    3.87871e+03    6.15556e+03    1.16488e+02   -1.99730e+02
          LJ-14     Coulomb-14        LJ (SR)   Coulomb (SR)   Coul. recip.
    3.12087e+03    1.93047e+04    9.61743e+04   -5.14770e+05    9.03689e+03
      Potential Pressure (bar)
   -3.72641e+05    1.46692e+04

           Step           Time
              5        5.00000

   Energies (kJ/mol)
           Bond            U-B    Proper Dih.  Improper Dih.      CMAP Dih.
    2.85702e+03    3.66274e+03    6.16342e+03    1.24538e+02   -2.12608e+02
          LJ-14     Coulomb-14        LJ (SR)   Coulomb (SR)   Coul. recip.
    3.06800e+03    1.92434e+04    8.94511e+04   -5.16220e+05    8.80936e+03
      Potential Pressure (bar)
   -3.83053e+05    1.24797e+04

           Step           Time
              6        6.00000

   Energies (kJ/mol)
           Bond            U-B    Proper Dih.  Improper Dih.      CMAP Dih.
    2.06928e+03    3.41000e+03    6.16778e+03    1.30512e+02   -2.21769e+02
          LJ-14     Coulomb-14        LJ (SR)   Coulomb (SR)   Coul. recip.
    3.00987e+03    1.91916e+04    8.45925e+04   -5.17615e+05    8.56739e+03
      Potential Pressure (bar)
   -3.90698e+05    1.08059e+04

           Step           Time
              7        7.00000

   Energies (kJ/mol)
           Bond            U-B    Proper Dih.  Improper Dih.      CMAP Dih.
    1.25822e+03    3.06946e+03    6.17337e+03    1.37741e+02   -2.33275e+02
          LJ-14     Coulomb-14        LJ (SR)   Coulomb (SR)   Coul. recip.
    2.92259e+03    1.91140e+04    7.85987e+04   -5.19900e+05    8.16017e+03
      Potential Pressure (bar)
   -4.00699e+05    8.56627e+03

           Step           Time
              8        8.00000

   Energies (kJ/mol)
           Bond            U-B    Proper Dih.  Improper Dih.      CMAP Dih.
    1.19643e+03    2.95811e+03    6.17229e+03    1.35697e+02   -2.36481e+02
          LJ-14     Coulomb-14        LJ (SR)   Coulomb (SR)   Coul. recip.
    2.88156e+03    1.90808e+04    7.59753e+04   -5.21025e+05    7.95156e+03
      Potential Pressure (bar)
   -4.04910e+05    7.66734e+03

           Step           Time
              9        9.00000

   Energies (kJ/mol)
           Bond            U-B    Proper Dih.  Improper Dih.      CMAP Dih.
    1.14281e+03    2.77880e+03    6.17250e+03    1.33452e+02   -2.43830e+02
          LJ-14     Coulomb-14        LJ (SR)   Coulomb (SR)   Coul. recip.
    2.80197e+03    1.90014e+04    7.19033e+04   -5.23679e+05    7.45663e+03
      Potential Pressure (bar)
   -4.12532e+05    6.03613e+03

           Step           Time
             10       10.00000

   Energies (kJ/mol)
           Bond            U-B    Proper Dih.  Improper Dih.      CMAP Dih.
    8.85182e+02    2.74766e+03    6.17054e+03    1.32868e+02   -2.45019e+02
          LJ-14     Coulomb-14        LJ (SR)   Coulomb (SR)   Coul. recip.
    2.78480e+03    1.89809e+04    7.00411e+04   -5.24218e+05    7.35571e+03
      Potential Pressure (bar)
   -4.15364e+05    5.54409e+03

           Step           Time
             11       11.00000

   Energies (kJ/mol)
           Bond            U-B    Proper Dih.  Improper Dih.      CMAP Dih.
    1.42391e+03    2.63921e+03    6.16810e+03    1.31560e+02   -2.54261e+02
          LJ-14     Coulomb-14        LJ (SR)   Coulomb (SR)   Coul. recip.
    2.68150e+03    1.88576e+04    6.52536e+04   -5.27937e+05    6.64980e+03
      Potential Pressure (bar)
   -4.24386e+05    3.79811e+03

           Step           Time
             12       12.00000

   Energies (kJ/mol)
           Bond            U-B    Proper Dih.  Improper Dih.      CMAP Dih.
    7.88943e+02    2.54847e+03    6.16172e+03    1.31262e+02   -2.55956e+02
          LJ-14     Coulomb-14        LJ (SR)   Coulomb (SR)   Coul. recip.
    2.66997e+03    1.88404e+04    6.40383e+04   -5.28628e+05    6.53614e+03
      Potential Pressure (bar)
   -4.27169e+05    3.50727e+03

           Step           Time
             13       13.00000

   Energies (kJ/mol)
           Bond            U-B    Proper Dih.  Improper Dih.      CMAP Dih.
    3.03843e+03    3.20322e+03    6.16799e+03    1.30461e+02   -2.65263e+02
          LJ-14     Coulomb-14        LJ (SR)   Coulomb (SR)   Coul. recip.
    2.69480e+03    1.86864e+04    6.35713e+04   -5.31788e+05    5.96668e+03
      Potential Pressure (bar)
   -4.28594e+05    2.98621e+03


step 14: One or more water molecules can not be settled.
Check for bad contacts and/or reduce the timestep if appropriate.
Wrote pdb files with previous and current coordinates
           Step           Time
             14       14.00000

           Step           Time
             15       15.00000

   Energies (kJ/mol)
           Bond            U-B    Proper Dih.  Improper Dih.      CMAP Dih.
    1.88426e+03    3.03276e+03    6.16384e+03    1.30378e+02   -2.65405e+02
          LJ-14     Coulomb-14        LJ (SR)   Coulomb (SR)   Coul. recip.
    2.67836e+03    1.86882e+04    5.98432e+04   -5.31912e+05    5.94854e+03
      Potential Pressure (bar)
   -4.33808e+05    2.22246e+03

           Step           Time
             16       16.00000

   Energies (kJ/mol)
           Bond            U-B    Proper Dih.  Improper Dih.      CMAP Dih.
    1.22427e+03    2.62098e+03    6.14905e+03    1.29459e+02   -2.67288e+02
          LJ-14     Coulomb-14        LJ (SR)   Coulomb (SR)   Coul. recip.
    2.59724e+03    1.87241e+04    5.88032e+04   -5.33007e+05    5.79200e+03
      Potential Pressure (bar)
   -4.37234e+05    1.93420e+03

           Step           Time
             17       17.00000

           Step           Time
             18       18.00000

   Energies (kJ/mol)
           Bond            U-B    Proper Dih.  Improper Dih.      CMAP Dih.
    1.25054e+03    2.48070e+03    6.14680e+03    1.29080e+02   -2.70812e+02
          LJ-14     Coulomb-14        LJ (SR)   Coulomb (SR)   Coul. recip.
    2.58397e+03    1.86707e+04    5.79918e+04   -5.33850e+05    5.65200e+03
      Potential Pressure (bar)
   -4.39215e+05    1.68682e+03

           Step           Time
             19       19.00000

   Energies (kJ/mol)
           Bond            U-B    Proper Dih.  Improper Dih.      CMAP Dih.
    1.42935e+03    2.54609e+03    6.14490e+03    1.28565e+02   -2.70423e+02
          LJ-14     Coulomb-14        LJ (SR)   Coulomb (SR)   Coul. recip.
    2.56341e+03    1.86834e+04    5.72643e+04   -5.34667e+05    5.54856e+03
      Potential Pressure (bar)
   -4.40629e+05    1.41436e+03

           Step           Time
             20       20.00000

   Energies (kJ/mol)
           Bond            U-B    Proper Dih.  Improper Dih.      CMAP Dih.
    1.65629e+03    2.47243e+03    6.14749e+03    1.28445e+02   -2.74994e+02
          LJ-14     Coulomb-14        LJ (SR)   Coulomb (SR)   Coul. recip.
    2.54856e+03    1.86163e+04    5.66575e+04   -5.35316e+05    5.43346e+03
      Potential Pressure (bar)
   -4.41931e+05    1.24541e+03

           Step           Time
             21       21.00000

           Step           Time
             22       22.00000

   Energies (kJ/mol)
           Bond            U-B    Proper Dih.  Improper Dih.      CMAP Dih.
    7.12564e+02    2.31743e+03    6.14230e+03    1.28450e+02   -2.73804e+02
          LJ-14     Coulomb-14        LJ (SR)   Coulomb (SR)   Coul. recip.
    2.54292e+03    1.86406e+04    5.63311e+04   -5.35712e+05    5.39162e+03
      Potential Pressure (bar)
   -4.43779e+05    1.15071e+03

           Step           Time
             23       23.00000

   Energies (kJ/mol)
           Bond            U-B    Proper Dih.  Improper Dih.      CMAP Dih.
    2.66249e+03    2.57723e+03    6.14756e+03    1.26772e+02   -2.79777e+02
          LJ-14     Coulomb-14        LJ (SR)   Coulomb (SR)   Coul. recip.
    2.50842e+03    1.85542e+04    5.50552e+04   -5.37184e+05    5.16106e+03
      Potential Pressure (bar)
   -4.44671e+05    6.91353e+02

           Step           Time
             24       24.00000

   Energies (kJ/mol)
           Bond            U-B    Proper Dih.  Improper Dih.      CMAP Dih.
    9.73332e+02    2.31502e+03    6.13908e+03    1.26850e+02   -2.77210e+02
          LJ-14     Coulomb-14        LJ (SR)   Coulomb (SR)   Coul. recip.
    2.51261e+03    1.86019e+04    5.47648e+04   -5.37563e+05    5.13699e+03
      Potential Pressure (bar)
   -4.47270e+05    6.19354e+02

           Step           Time
             25       25.00000

           Step           Time
             26       26.00000

   Energies (kJ/mol)
           Bond            U-B    Proper Dih.  Improper Dih.      CMAP Dih.
    1.06920e+03    2.30861e+03    6.14118e+03    1.25995e+02   -2.81148e+02
          LJ-14     Coulomb-14        LJ (SR)   Coulomb (SR)   Coul. recip.
    2.49161e+03    1.85532e+04    5.43308e+04   -5.38080e+05    5.04701e+03
      Potential Pressure (bar)
   -4.48293e+05    5.04266e+02

           Step           Time
             27       27.00000

   Energies (kJ/mol)
           Bond            U-B    Proper Dih.  Improper Dih.      CMAP Dih.
    1.52598e+03    2.41219e+03    6.13770e+03    1.26880e+02   -2.77986e+02
          LJ-14     Coulomb-14        LJ (SR)   Coulomb (SR)   Coul. recip.
    2.49887e+03    1.85849e+04    5.38653e+04   -5.38702e+05    4.99398e+03
      Potential Pressure (bar)
   -4.48834e+05    2.89271e+02

           Step           Time
             28       28.00000

   Energies (kJ/mol)
           Bond            U-B    Proper Dih.  Improper Dih.      CMAP Dih.
    2.07257e+03    2.48121e+03    6.14113e+03    1.25444e+02   -2.83482e+02
          LJ-14     Coulomb-14        LJ (SR)   Coulomb (SR)   Coul. recip.
    2.46882e+03    1.85099e+04    5.34422e+04   -5.39209e+05    4.89195e+03
      Potential Pressure (bar)
   -4.49360e+05    1.85511e+02

           Step           Time
             29       29.00000

           Step           Time
             30       30.00000

   Energies (kJ/mol)
           Bond            U-B    Proper Dih.  Improper Dih.      CMAP Dih.
    6.42273e+02    2.17861e+03    6.13596e+03    1.25331e+02   -2.82282e+02
          LJ-14     Coulomb-14        LJ (SR)   Coulomb (SR)   Coul. recip.
    2.47456e+03    1.85450e+04    5.32440e+04   -5.39484e+05    4.87837e+03
      Potential Pressure (bar)
   -4.51542e+05    1.41220e+02

           Step           Time
             31       31.00000

           Step           Time
             32       32.00000

   Energies (kJ/mol)
           Bond            U-B    Proper Dih.  Improper Dih.      CMAP Dih.
    1.28518e+03    2.31366e+03    6.13426e+03    1.24425e+02   -2.86209e+02
          LJ-14     Coulomb-14        LJ (SR)   Coulomb (SR)   Coul. recip.
    2.44931e+03    1.84942e+04    5.24923e+04   -5.40462e+05    4.73602e+03
      Potential Pressure (bar)
   -4.52719e+05   -1.09567e+02

           Step           Time
             33       33.00000

   Energies (kJ/mol)
           Bond            U-B    Proper Dih.  Improper Dih.      CMAP Dih.
    8.89422e+02    2.19236e+03    6.13212e+03    1.25095e+02   -2.83835e+02
          LJ-14     Coulomb-14        LJ (SR)   Coulomb (SR)   Coul. recip.
    2.45540e+03    1.85252e+04    5.22486e+04   -5.40817e+05    4.71589e+03
      Potential Pressure (bar)
   -4.53817e+05   -2.10495e+02

           Step           Time
             34       34.00000

           Step           Time
             35       35.00000

   Energies (kJ/mol)
           Bond            U-B    Proper Dih.  Improper Dih.      CMAP Dih.
    7.85234e+02    2.19203e+03    6.13088e+03    1.23738e+02   -2.87368e+02
          LJ-14     Coulomb-14        LJ (SR)   Coulomb (SR)   Coul. recip.
    2.43994e+03    1.84913e+04    5.19763e+04   -5.41171e+05    4.65538e+03
      Potential Pressure (bar)
   -4.54664e+05   -2.73080e+02

           Step           Time
             36       36.00000

   Energies (kJ/mol)
           Bond            U-B    Proper Dih.  Improper Dih.      CMAP Dih.
    1.07334e+03    2.20700e+03    6.12963e+03    1.25007e+02   -2.84809e+02
          LJ-14     Coulomb-14        LJ (SR)   Coulomb (SR)   Coul. recip.
    2.44209e+03    1.85094e+04    5.16160e+04   -5.41698e+05    4.61118e+03
      Potential Pressure (bar)
   -4.55269e+05   -4.35075e+02

           Step           Time
             37       37.00000

   Energies (kJ/mol)
           Bond            U-B    Proper Dih.  Improper Dih.      CMAP Dih.
    1.06391e+03    2.24078e+03    6.12781e+03    1.23115e+02   -2.88879e+02
          LJ-14     Coulomb-14        LJ (SR)   Coulomb (SR)   Coul. recip.
    2.42346e+03    1.84667e+04    5.13344e+04   -5.42068e+05    4.54412e+03
      Potential Pressure (bar)
   -4.56032e+05   -4.96881e+02

           Step           Time
             38       38.00000

   Energies (kJ/mol)
           Bond            U-B    Proper Dih.  Improper Dih.      CMAP Dih.
    1.47808e+03    2.26580e+03    6.12756e+03    1.25206e+02   -2.84593e+02
          LJ-14     Coulomb-14        LJ (SR)   Coulomb (SR)   Coul. recip.
    2.43097e+03    1.84964e+04    5.10434e+04   -5.42520e+05    4.51733e+03
      Potential Pressure (bar)
   -4.56320e+05   -6.51282e+02

           Step           Time
             39       39.00000

   Energies (kJ/mol)
           Bond            U-B    Proper Dih.  Improper Dih.      CMAP Dih.
    1.67635e+03    2.36157e+03    6.12515e+03    1.22681e+02   -2.89111e+02
          LJ-14     Coulomb-14        LJ (SR)   Coulomb (SR)   Coul. recip.
    2.40821e+03    1.84413e+04    5.07588e+04   -5.42895e+05    4.44263e+03
      Potential Pressure (bar)
   -4.56847e+05   -7.11450e+02

           Step           Time
             40       40.00000

           Step           Time
             41       41.00000

   Energies (kJ/mol)
           Bond            U-B    Proper Dih.  Improper Dih.      CMAP Dih.
    5.98822e+02    2.10870e+03    6.12480e+03    1.22844e+02   -2.90005e+02
          LJ-14     Coulomb-14        LJ (SR)   Coulomb (SR)   Coul. recip.
    2.41250e+03    1.84646e+04    5.06283e+04   -5.43098e+05    4.43607e+03
      Potential Pressure (bar)
   -4.58492e+05   -7.38637e+02

           Step           Time
             42       42.00000

   Energies (kJ/mol)
           Bond            U-B    Proper Dih.  Improper Dih.      CMAP Dih.
    2.02152e+03    2.40201e+03    6.11966e+03    1.22596e+02   -2.91913e+02
          LJ-14     Coulomb-14        LJ (SR)   Coulomb (SR)   Coul. recip.
    2.37948e+03    1.84037e+04    4.95580e+04   -5.44668e+05    4.23524e+03
      Potential Pressure (bar)
   -4.59718e+05   -1.14491e+03

           Step           Time
             43       43.00000

   Energies (kJ/mol)
           Bond            U-B    Proper Dih.  Improper Dih.      CMAP Dih.
    7.16710e+02    2.10220e+03    6.11972e+03    1.22533e+02   -2.92962e+02
          LJ-14     Coulomb-14        LJ (SR)   Coulomb (SR)   Coul. recip.
    2.38436e+03    1.84313e+04    4.94326e+04   -5.44877e+05    4.23399e+03
      Potential Pressure (bar)
   -4.61626e+05   -1.16451e+03

           Step           Time
             44       44.00000

           Step           Time
             45       45.00000

   Energies (kJ/mol)
           Bond            U-B    Proper Dih.  Improper Dih.      CMAP Dih.
    8.80874e+02    2.15367e+03    6.11784e+03    1.21265e+02   -2.94638e+02
          LJ-14     Coulomb-14        LJ (SR)   Coulomb (SR)   Coul. recip.
    2.37261e+03    1.84052e+04    4.91813e+04   -5.45253e+05    4.18009e+03
      Potential Pressure (bar)
   -4.62135e+05   -1.24279e+03

           Step           Time
             46       46.00000

   Energies (kJ/mol)
           Bond            U-B    Proper Dih.  Improper Dih.      CMAP Dih.
    8.73462e+02    2.12128e+03    6.11778e+03    1.22368e+02   -2.93272e+02
          LJ-14     Coulomb-14        LJ (SR)   Coulomb (SR)   Coul. recip.
    2.37448e+03    1.84190e+04    4.89973e+04   -5.45564e+05    4.16182e+03
      Potential Pressure (bar)
   -4.62670e+05   -1.32630e+03

           Step           Time
             47       47.00000

   Energies (kJ/mol)
           Bond            U-B    Proper Dih.  Improper Dih.      CMAP Dih.
    1.17748e+03    2.20900e+03    6.11583e+03    1.20789e+02   -2.94824e+02
          LJ-14     Coulomb-14        LJ (SR)   Coulomb (SR)   Coul. recip.
    2.36095e+03    1.83866e+04    4.87590e+04   -5.45921e+05    4.10593e+03
      Potential Pressure (bar)
   -4.62981e+05   -1.40063e+03

           Step           Time
             48       48.00000

   Energies (kJ/mol)
           Bond            U-B    Proper Dih.  Improper Dih.      CMAP Dih.
    1.20553e+03    2.17404e+03    6.11620e+03    1.22499e+02   -2.92670e+02
          LJ-14     Coulomb-14        LJ (SR)   Coulomb (SR)   Coul. recip.
    2.36579e+03    1.84082e+04    4.85909e+04   -5.46224e+05    4.09510e+03
      Potential Pressure (bar)
   -4.63438e+05   -1.48736e+03

           Step           Time
             49       49.00000

           Step           Time
             50       50.00000

   Energies (kJ/mol)
           Bond            U-B    Proper Dih.  Improper Dih.      CMAP Dih.
    5.98044e+02    2.07613e+03    6.11470e+03    1.20596e+02   -2.96725e+02
          LJ-14     Coulomb-14        LJ (SR)   Coulomb (SR)   Coul. recip.
    2.35616e+03    1.83880e+04    4.84704e+04   -5.46394e+05    4.06406e+03
      Potential Pressure (bar)
   -4.64503e+05   -1.49066e+03

           Step           Time
             51       51.00000

   Energies (kJ/mol)
           Bond            U-B    Proper Dih.  Improper Dih.      CMAP Dih.
    1.60771e+03    2.23441e+03    6.11271e+03    1.22760e+02   -2.93696e+02
          LJ-14     Coulomb-14        LJ (SR)   Coulomb (SR)   Coul. recip.
    2.34562e+03    1.83804e+04    4.77761e+04   -5.47564e+05    3.95533e+03
      Potential Pressure (bar)
   -4.65323e+05   -1.79934e+03

           Step           Time
             52       52.00000

   Energies (kJ/mol)
           Bond            U-B    Proper Dih.  Improper Dih.      CMAP Dih.
    7.35799e+02    2.09428e+03    6.11090e+03    1.19668e+02   -2.98809e+02
          LJ-14     Coulomb-14        LJ (SR)   Coulomb (SR)   Coul. recip.
    2.33261e+03    1.83539e+04    4.76446e+04   -5.47751e+05    3.91953e+03
      Potential Pressure (bar)
   -4.66738e+05   -1.79150e+03

           Step           Time
             53       53.00000

           Step           Time
             54       54.00000

   Energies (kJ/mol)
           Bond            U-B    Proper Dih.  Improper Dih.      CMAP Dih.
    7.81668e+02    2.08390e+03    6.11061e+03    1.20556e+02   -2.98151e+02
          LJ-14     Coulomb-14        LJ (SR)   Coulomb (SR)   Coul. recip.
    2.33312e+03    1.83604e+04    4.74867e+04   -5.48038e+05    3.90020e+03
      Potential Pressure (bar)
   -4.67159e+05   -1.86172e+03

           Step           Time
             55       55.00000

   Energies (kJ/mol)
           Bond            U-B    Proper Dih.  Improper Dih.      CMAP Dih.
    8.95739e+02    2.12289e+03    6.10941e+03    1.19147e+02   -2.98967e+02
          LJ-14     Coulomb-14        LJ (SR)   Coulomb (SR)   Coul. recip.
    2.32281e+03    1.83385e+04    4.73116e+04   -5.48322e+05    3.86091e+03
      Potential Pressure (bar)
   -4.67540e+05   -1.91754e+03

           Step           Time
             56       56.00000

   Energies (kJ/mol)
           Bond            U-B    Proper Dih.  Improper Dih.      CMAP Dih.
    9.94630e+02    2.11749e+03    6.10932e+03    1.20564e+02   -2.97733e+02
          LJ-14     Coulomb-14        LJ (SR)   Coulomb (SR)   Coul. recip.
    2.32547e+03    1.83500e+04    4.71678e+04   -5.48597e+05    3.84695e+03
      Potential Pressure (bar)
   -4.67863e+05   -1.98896e+03

           Step           Time
             57       57.00000

   Energies (kJ/mol)
           Bond            U-B    Proper Dih.  Improper Dih.      CMAP Dih.
    1.21048e+03    2.18326e+03    6.10809e+03    1.18716e+02   -2.98190e+02
          LJ-14     Coulomb-14        LJ (SR)   Coulomb (SR)   Coul. recip.
    2.31330e+03    1.83225e+04    4.69966e+04   -5.48872e+05    3.80475e+03
      Potential Pressure (bar)
   -4.68112e+05   -2.04347e+03

           Step           Time
             58       58.00000

   Energies (kJ/mol)
           Bond            U-B    Proper Dih.  Improper Dih.      CMAP Dih.
    1.43687e+03    2.19481e+03    6.10829e+03    1.20888e+02   -2.96004e+02
          LJ-14     Coulomb-14        LJ (SR)   Coulomb (SR)   Coul. recip.
    2.31901e+03    1.83407e+04    4.68675e+04   -5.49140e+05    3.79737e+03
      Potential Pressure (bar)
   -4.68250e+05   -2.12022e+03

           Step           Time
             59       59.00000

   Energies (kJ/mol)
           Bond            U-B    Proper Dih.  Improper Dih.      CMAP Dih.
    1.83114e+03    2.30650e+03    6.10704e+03    1.18434e+02   -2.95632e+02
          LJ-14     Coulomb-14        LJ (SR)   Coulomb (SR)   Coul. recip.
    2.30421e+03    1.83055e+04    4.66988e+04   -5.49404e+05    3.75078e+03
      Potential Pressure (bar)
   -4.68277e+05   -2.17521e+03

           Step           Time
             60       60.00000

           Step           Time
             61       61.00000

   Energies (kJ/mol)
           Bond            U-B    Proper Dih.  Improper Dih.      CMAP Dih.
    5.84887e+02    2.04144e+03    6.10658e+03    1.18504e+02   -3.01249e+02
          LJ-14     Coulomb-14        LJ (SR)   Coulomb (SR)   Coul. recip.
    2.30657e+03    1.83201e+04    4.66333e+04   -5.49534e+05    3.74992e+03
      Potential Pressure (bar)
   -4.69974e+05   -2.16292e+03

           Step           Time
             62       62.00000

   Energies (kJ/mol)
           Bond            U-B    Proper Dih.  Improper Dih.      CMAP Dih.
    2.55377e+03    2.42878e+03    6.10410e+03    1.19428e+02   -2.94900e+02
          LJ-14     Coulomb-14        LJ (SR)   Coulomb (SR)   Coul. recip.
    2.27918e+03    1.82653e+04    4.58331e+04   -5.50989e+05    3.59494e+03
      Potential Pressure (bar)
   -4.70105e+05   -2.53012e+03

           Step           Time
             63       63.00000

   Energies (kJ/mol)
           Bond            U-B    Proper Dih.  Improper Dih.      CMAP Dih.
    7.34870e+02    2.05500e+03    6.10325e+03    1.18456e+02   -3.03266e+02
          LJ-14     Coulomb-14        LJ (SR)   Coulomb (SR)   Coul. recip.
    2.28185e+03    1.82870e+04    4.57703e+04   -5.51125e+05    3.60067e+03
      Potential Pressure (bar)
   -4.72477e+05   -2.50026e+03

           Step           Time
             64       64.00000

           Step           Time
             65       65.00000

   Energies (kJ/mol)
           Bond            U-B    Proper Dih.  Improper Dih.      CMAP Dih.
    1.01370e+03    2.12044e+03    6.10236e+03    1.17057e+02   -3.01863e+02
          LJ-14     Coulomb-14        LJ (SR)   Coulomb (SR)   Coul. recip.
    2.27356e+03    1.82659e+04    4.56187e+04   -5.51398e+05    3.56477e+03
      Potential Pressure (bar)
   -4.72623e+05   -2.55508e+03

           Step           Time
             66       66.00000

   Energies (kJ/mol)
           Bond            U-B    Proper Dih.  Improper Dih.      CMAP Dih.
    9.39001e+02    2.09069e+03    6.10225e+03    1.18223e+02   -3.02193e+02
          LJ-14     Coulomb-14        LJ (SR)   Coulomb (SR)   Coul. recip.
    2.27572e+03    1.82778e+04    4.55291e+04   -5.51600e+05    3.56008e+03
      Potential Pressure (bar)
   -4.73010e+05   -2.60223e+03

           Step           Time
             67       67.00000

           Step           Time
             68       68.00000

   Energies (kJ/mol)
           Bond            U-B    Proper Dih.  Improper Dih.      CMAP Dih.
    6.01164e+02    2.03248e+03    6.10153e+03    1.16830e+02   -3.04556e+02
          LJ-14     Coulomb-14        LJ (SR)   Coulomb (SR)   Coul. recip.
    2.26977e+03    1.82649e+04    4.54536e+04   -5.51728e+05    3.54036e+03
      Potential Pressure (bar)
   -4.73652e+05   -2.60768e+03

           Step           Time
             69       69.00000

   Energies (kJ/mol)
           Bond            U-B    Proper Dih.  Improper Dih.      CMAP Dih.
    1.18630e+03    2.13422e+03    6.10075e+03    1.18459e+02   -3.01953e+02
          LJ-14     Coulomb-14        LJ (SR)   Coulomb (SR)   Coul. recip.
    2.26486e+03    1.82611e+04    4.51473e+04   -5.52365e+05    3.49302e+03
      Potential Pressure (bar)
   -4.73961e+05   -2.76234e+03

           Step           Time
             70       70.00000

   Energies (kJ/mol)
           Bond            U-B    Proper Dih.  Improper Dih.      CMAP Dih.
    6.98570e+02    2.04868e+03    6.09981e+03    1.16154e+02   -3.04869e+02
          LJ-14     Coulomb-14        LJ (SR)   Coulomb (SR)   Coul. recip.
    2.25673e+03    1.82442e+04    4.50634e+04   -5.52503e+05    3.46987e+03
      Potential Pressure (bar)
   -4.74811e+05   -2.76093e+03

           Step           Time
             71       71.00000

           Step           Time
             72       72.00000

   Energies (kJ/mol)
           Bond            U-B    Proper Dih.  Improper Dih.      CMAP Dih.
    6.77672e+02    2.03768e+03    6.09959e+03    1.16815e+02   -3.05405e+02
          LJ-14     Coulomb-14        LJ (SR)   Coulomb (SR)   Coul. recip.
    2.25671e+03    1.82475e+04    4.49775e+04   -5.52696e+05    3.45926e+03
      Potential Pressure (bar)
   -4.75129e+05   -2.80192e+03

           Step           Time
             73       73.00000

   Energies (kJ/mol)
           Bond            U-B    Proper Dih.  Improper Dih.      CMAP Dih.
    8.11454e+02    2.06956e+03    6.09894e+03    1.15802e+02   -3.04520e+02
          LJ-14     Coulomb-14        LJ (SR)   Coulomb (SR)   Coul. recip.
    2.24970e+03    1.82326e+04    4.48570e+04   -5.52929e+05    3.43210e+03
      Potential Pressure (bar)
   -4.75366e+05   -2.84516e+03

           Step           Time
             74       74.00000

   Energies (kJ/mol)
           Bond            U-B    Proper Dih.  Improper Dih.      CMAP Dih.
    8.02850e+02    2.05939e+03    6.09881e+03    1.16773e+02   -3.04992e+02
          LJ-14     Coulomb-14        LJ (SR)   Coulomb (SR)   Coul. recip.
    2.25096e+03    1.82391e+04    4.47760e+04   -5.53122e+05    3.42418e+03
      Potential Pressure (bar)
   -4.75658e+05   -2.88833e+03

           Step           Time
             75       75.00000

   Energies (kJ/mol)
           Bond            U-B    Proper Dih.  Improper Dih.      CMAP Dih.
    1.03237e+03    2.11262e+03    6.09818e+03    1.15462e+02   -3.03148e+02
          LJ-14     Coulomb-14        LJ (SR)   Coulomb (SR)   Coul. recip.
    2.24289e+03    1.82206e+04    4.46608e+04   -5.53339e+05    3.39558e+03
      Potential Pressure (bar)
   -4.75764e+05   -2.92963e+03

           Step           Time
             76       76.00000

   Energies (kJ/mol)
           Bond            U-B    Proper Dih.  Improper Dih.      CMAP Dih.
    1.07547e+03    2.11056e+03    6.09821e+03    1.16943e+02   -3.03435e+02
          LJ-14     Coulomb-14        LJ (SR)   Coulomb (SR)   Coul. recip.
    2.24604e+03    1.82315e+04    4.45862e+04   -5.53533e+05    3.39136e+03
      Potential Pressure (bar)
   -4.75980e+05   -2.97744e+03

           Step           Time
             77       77.00000

           Step           Time
             78       78.00000

   Energies (kJ/mol)
           Bond            U-B    Proper Dih.  Improper Dih.      CMAP Dih.
    5.92749e+02    2.01955e+03    6.09750e+03    1.15254e+02   -3.06769e+02
          LJ-14     Coulomb-14        LJ (SR)   Coulomb (SR)   Coul. recip.
    2.23993e+03    1.82202e+04    4.45260e+04   -5.53637e+05    3.37507e+03
      Potential Pressure (bar)
   -4.76758e+05   -2.97215e+03

           Step           Time
             79       79.00000

   Energies (kJ/mol)
           Bond            U-B    Proper Dih.  Improper Dih.      CMAP Dih.
    1.26347e+03    2.14561e+03    6.09674e+03    1.17480e+02   -3.03873e+02
          LJ-14     Coulomb-14        LJ (SR)   Coulomb (SR)   Coul. recip.
    2.23300e+03    1.82107e+04    4.41825e+04   -5.54414e+05    3.31709e+03
      Potential Pressure (bar)
   -4.77152e+05   -3.14978e+03

           Step           Time
             80       80.00000

   Energies (kJ/mol)
           Bond            U-B    Proper Dih.  Improper Dih.      CMAP Dih.
    6.78854e+02    2.03326e+03    6.09581e+03    1.14661e+02   -3.07163e+02
          LJ-14     Coulomb-14        LJ (SR)   Coulomb (SR)   Coul. recip.
    2.22507e+03    1.81971e+04    4.41151e+04   -5.54529e+05    3.29864e+03
      Potential Pressure (bar)
   -4.78078e+05   -3.14037e+03

           Step           Time
             81       81.00000

           Step           Time
             82       82.00000

   Energies (kJ/mol)
           Bond            U-B    Proper Dih.  Improper Dih.      CMAP Dih.
    7.10163e+02    2.03662e+03    6.09564e+03    1.15338e+02   -3.07635e+02
          LJ-14     Coulomb-14        LJ (SR)   Coulomb (SR)   Coul. recip.
    2.22530e+03    1.81989e+04    4.40386e+04   -5.54720e+05    3.28800e+03
      Potential Pressure (bar)
   -4.78319e+05   -3.17986e+03

           Step           Time
             83       83.00000

   Energies (kJ/mol)
           Bond            U-B    Proper Dih.  Improper Dih.      CMAP Dih.
    7.82537e+02    2.05308e+03    6.09513e+03    1.14244e+02   -3.06452e+02
          LJ-14     Coulomb-14        LJ (SR)   Coulomb (SR)   Coul. recip.
    2.21902e+03    1.81870e+04    4.39504e+04   -5.54901e+05    3.26744e+03
      Potential Pressure (bar)
   -4.78538e+05   -3.21053e+03

           Step           Time
             84       84.00000

   Energies (kJ/mol)
           Bond            U-B    Proper Dih.  Improper Dih.      CMAP Dih.
    8.53331e+02    2.06401e+03    6.09508e+03    1.15346e+02   -3.06864e+02
          LJ-14     Coulomb-14        LJ (SR)   Coulomb (SR)   Coul. recip.
    2.22063e+03    1.81914e+04    4.38810e+04   -5.55088e+05    3.25939e+03
      Potential Pressure (bar)
   -4.78715e+05   -3.25193e+03

           Step           Time
             85       85.00000

   Energies (kJ/mol)
           Bond            U-B    Proper Dih.  Improper Dih.      CMAP Dih.
    9.93046e+02    2.09522e+03    6.09456e+03    1.13926e+02   -3.04660e+02
          LJ-14     Coulomb-14        LJ (SR)   Coulomb (SR)   Coul. recip.
    2.21309e+03    1.81766e+04    4.37930e+04   -5.55266e+05    3.23702e+03
      Potential Pressure (bar)
   -4.78854e+05   -3.28221e+03

           Step           Time
             86       86.00000

   Energies (kJ/mol)
           Bond            U-B    Proper Dih.  Improper Dih.      CMAP Dih.
    1.15718e+03    2.12408e+03    6.09470e+03    1.15597e+02   -3.04736e+02
          LJ-14     Coulomb-14        LJ (SR)   Coulomb (SR)   Coul. recip.
    2.21675e+03    1.81846e+04    4.37314e+04   -5.55448e+05    3.23229e+03
      Potential Pressure (bar)
   -4.78897e+05   -3.32839e+03

           Step           Time
             87       87.00000

           Step           Time
             88       88.00000

   Energies (kJ/mol)
           Bond            U-B    Proper Dih.  Improper Dih.      CMAP Dih.
    5.89126e+02    2.01019e+03    6.09400e+03    1.13703e+02   -3.08855e+02
          LJ-14     Coulomb-14        LJ (SR)   Coulomb (SR)   Coul. recip.
    2.21070e+03    1.81757e+04    4.36826e+04   -5.55534e+05    3.21922e+03
      Potential Pressure (bar)
   -4.79748e+05   -3.31724e+03

           Step           Time
             89       89.00000

   Energies (kJ/mol)
           Bond            U-B    Proper Dih.  Improper Dih.      CMAP Dih.
    1.33728e+03    2.16168e+03    6.09325e+03    1.17044e+02   -3.06008e+02
          LJ-14     Coulomb-14        LJ (SR)   Coulomb (SR)   Coul. recip.
    2.19938e+03    1.81561e+04    4.32490e+04   -5.56615e+05    3.13837e+03
      Potential Pressure (bar)
   -4.80468e+05   -3.54170e+03

           Step           Time
             90       90.00000

   Energies (kJ/mol)
           Bond            U-B    Proper Dih.  Improper Dih.      CMAP Dih.
    6.65412e+02    2.02131e+03    6.09218e+03    1.13253e+02   -3.09655e+02
          LJ-14     Coulomb-14        LJ (SR)   Coulomb (SR)   Coul. recip.
    2.19155e+03    1.81465e+04    4.31950e+04   -5.56710e+05    3.12442e+03
      Potential Pressure (bar)
   -4.81470e+05   -3.52653e+03

           Step           Time
             91       91.00000

           Step           Time
             92       92.00000

   Energies (kJ/mol)
           Bond            U-B    Proper Dih.  Improper Dih.      CMAP Dih.
    7.45171e+02    2.03933e+03    6.09206e+03    1.13703e+02   -3.09825e+02
          LJ-14     Coulomb-14        LJ (SR)   Coulomb (SR)   Coul. recip.
    2.19222e+03    1.81466e+04    4.31293e+04   -5.56898e+05    3.11372e+03
      Potential Pressure (bar)
   -4.81636e+05   -3.56306e+03

           Step           Time
             93       93.00000

   Energies (kJ/mol)
           Bond            U-B    Proper Dih.  Improper Dih.      CMAP Dih.
    7.59464e+02    2.03977e+03    6.09163e+03    1.12565e+02   -3.08493e+02
          LJ-14     Coulomb-14        LJ (SR)   Coulomb (SR)   Coul. recip.
    2.18641e+03    1.81379e+04    4.30651e+04   -5.57043e+05    3.09854e+03
      Potential Pressure (bar)
   -4.81860e+05   -3.58491e+03

           Step           Time
             94       94.00000

   Energies (kJ/mol)
           Bond            U-B    Proper Dih.  Improper Dih.      CMAP Dih.
    9.06608e+02    2.07246e+03    6.09171e+03    1.13768e+02   -3.08741e+02
          LJ-14     Coulomb-14        LJ (SR)   Coulomb (SR)   Coul. recip.
    2.18852e+03    1.81399e+04    4.30080e+04   -5.57221e+05    3.09018e+03
      Potential Pressure (bar)
   -4.81919e+05   -3.62304e+03

           Step           Time
             95       95.00000

   Energies (kJ/mol)
           Bond            U-B    Proper Dih.  Improper Dih.      CMAP Dih.
    9.58718e+02    2.08057e+03    6.09121e+03    1.12258e+02   -3.06326e+02
          LJ-14     Coulomb-14        LJ (SR)   Coulomb (SR)   Coul. recip.
    2.18129e+03    1.81292e+04    4.29416e+04   -5.57366e+05    3.07339e+03
      Potential Pressure (bar)
   -4.82105e+05   -3.64545e+03

           Step           Time
             96       96.00000

           Step           Time
             97       97.00000

   Energies (kJ/mol)
           Bond            U-B    Proper Dih.  Improper Dih.      CMAP Dih.
    5.97865e+02    2.00665e+03    6.09105e+03    1.12394e+02   -3.11208e+02
          LJ-14     Coulomb-14        LJ (SR)   Coulomb (SR)   Coul. recip.
    2.18243e+03    1.81318e+04    4.29145e+04   -5.57452e+05    3.07021e+03
      Potential Pressure (bar)
   -4.82656e+05   -3.64772e+03

           Step           Time
             98       98.00000

   Energies (kJ/mol)
           Bond            U-B    Proper Dih.  Improper Dih.      CMAP Dih.
    1.20376e+03    2.12999e+03    6.09051e+03    1.12801e+02   -3.04662e+02
          LJ-14     Coulomb-14        LJ (SR)   Coulomb (SR)   Coul. recip.
    2.17156e+03    1.81131e+04    4.27001e+04   -5.58021e+05    3.02353e+03
      Potential Pressure (bar)
   -4.82780e+05   -3.76257e+03

           Step           Time
             99       99.00000

   Energies (kJ/mol)
           Bond            U-B    Proper Dih.  Improper Dih.      CMAP Dih.
    6.66503e+02    2.02053e+03    6.09025e+03    1.12370e+02   -3.11671e+02
          LJ-14     Coulomb-14        LJ (SR)   Coulomb (SR)   Coul. recip.
    2.17338e+03    1.81175e+04    4.26725e+04   -5.58116e+05    3.02143e+03
      Potential Pressure (bar)
   -4.83553e+05   -3.75977e+03

           Step           Time
            100      100.00000

           Step           Time
            101      101.00000

   Energies (kJ/mol)
           Bond            U-B    Proper Dih.  Improper Dih.      CMAP Dih.
    7.28844e+02    2.03026e+03    6.08985e+03    1.11681e+02   -3.09976e+02
          LJ-14     Coulomb-14        LJ (SR)   Coulomb (SR)   Coul. recip.
    2.16882e+03    1.81104e+04    4.26124e+04   -5.58270e+05    3.00704e+03
      Potential Pressure (bar)
   -4.83721e+05   -3.78505e+03

           Step           Time
            102      102.00000

   Energies (kJ/mol)
           Bond            U-B    Proper Dih.  Improper Dih.      CMAP Dih.
    7.59583e+02    2.04063e+03    6.08992e+03    1.12317e+02   -3.11150e+02
          LJ-14     Coulomb-14        LJ (SR)   Coulomb (SR)   Coul. recip.
    2.16976e+03    1.81113e+04    4.25682e+04   -5.58416e+05    3.00003e+03
      Potential Pressure (bar)
   -4.83875e+05   -3.81172e+03

           Step           Time
            103      103.00000

   Energies (kJ/mol)
           Bond            U-B    Proper Dih.  Improper Dih.      CMAP Dih.
    8.75373e+02    2.06053e+03    6.08945e+03    1.11443e+02   -3.08184e+02
          LJ-14     Coulomb-14        LJ (SR)   Coulomb (SR)   Coul. recip.
    2.16429e+03    1.81030e+04    4.25082e+04   -5.58566e+05    2.98483e+03
      Potential Pressure (bar)
   -4.83977e+05   -3.83734e+03

           Step           Time
            104      104.00000

   Energies (kJ/mol)
           Bond            U-B    Proper Dih.  Improper Dih.      CMAP Dih.
    9.61770e+02    2.08451e+03    6.08972e+03    1.12451e+02   -3.09469e+02
          LJ-14     Coulomb-14        LJ (SR)   Coulomb (SR)   Coul. recip.
    2.16674e+03    1.81055e+04    4.24691e+04   -5.58713e+05    2.97947e+03
      Potential Pressure (bar)
   -4.84054e+05   -3.86661e+03

           Step           Time
            105      105.00000

           Step           Time
            106      106.00000

   Energies (kJ/mol)
           Bond            U-B    Proper Dih.  Improper Dih.      CMAP Dih.
    5.98535e+02    2.00274e+03    6.08913e+03    1.11094e+02   -3.12275e+02
          LJ-14     Coulomb-14        LJ (SR)   Coulomb (SR)   Coul. recip.
    2.16232e+03    1.81008e+04    4.24357e+04   -5.58787e+05    2.97092e+03
      Potential Pressure (bar)
   -4.84628e+05   -3.86232e+03

           Step           Time
            107      107.00000

   Energies (kJ/mol)
           Bond            U-B    Proper Dih.  Improper Dih.      CMAP Dih.
    1.13533e+03    2.12466e+03    6.08909e+03    1.13899e+02   -3.09833e+02
          LJ-14     Coulomb-14        LJ (SR)   Coulomb (SR)   Coul. recip.
    2.15525e+03    1.80861e+04    4.21880e+04   -5.59561e+05    2.91803e+03
      Potential Pressure (bar)
   -4.85060e+05   -4.00723e+03

           Step           Time
            108      108.00000

   Energies (kJ/mol)
           Bond            U-B    Proper Dih.  Improper Dih.      CMAP Dih.
    6.57908e+02    2.01271e+03    6.08808e+03    1.10841e+02   -3.12509e+02
          LJ-14     Coulomb-14        LJ (SR)   Coulomb (SR)   Coul. recip.
    2.14927e+03    1.80809e+04    4.21495e+04   -5.59643e+05    2.90853e+03
      Potential Pressure (bar)
   -4.85797e+05   -3.99812e+03

           Step           Time
            109      109.00000

           Step           Time
            110      110.00000

   Energies (kJ/mol)
           Bond            U-B    Proper Dih.  Improper Dih.      CMAP Dih.
    7.11533e+02    2.02936e+03    6.08816e+03    1.11153e+02   -3.13225e+02
          LJ-14     Coulomb-14        LJ (SR)   Coulomb (SR)   Coul. recip.
    2.14975e+03    1.80799e+04    4.21066e+04   -5.59798e+05    2.89975e+03
      Potential Pressure (bar)
   -4.85935e+05   -4.02475e+03

           Step           Time
            111      111.00000

   Energies (kJ/mol)
           Bond            U-B    Proper Dih.  Improper Dih.      CMAP Dih.
    7.32883e+02    2.02784e+03    6.08769e+03    1.10359e+02   -3.11379e+02
          LJ-14     Coulomb-14        LJ (SR)   Coulomb (SR)   Coul. recip.
    2.14523e+03    1.80744e+04    4.20615e+04   -5.59922e+05    2.88865e+03
      Potential Pressure (bar)
   -4.86105e+05   -4.04237e+03

           Step           Time
            112      112.00000

   Energies (kJ/mol)
           Bond            U-B    Proper Dih.  Improper Dih.      CMAP Dih.
    8.35406e+02    2.05747e+03    6.08799e+03    1.11184e+02   -3.12242e+02
          LJ-14     Coulomb-14        LJ (SR)   Coulomb (SR)   Coul. recip.
    2.14686e+03    1.80744e+04    4.20244e+04   -5.60072e+05    2.88130e+03
      Potential Pressure (bar)
   -4.86165e+05   -4.07022e+03

           Step           Time
            113      113.00000

   Energies (kJ/mol)
           Bond            U-B    Proper Dih.  Improper Dih.      CMAP Dih.
    8.92366e+02    2.06151e+03    6.08741e+03    1.10167e+02   -3.09154e+02
          LJ-14     Coulomb-14        LJ (SR)   Coulomb (SR)   Coul. recip.
    2.14123e+03    1.80679e+04    4.19774e+04   -5.60196e+05    2.86928e+03
      Potential Pressure (bar)
   -4.86298e+05   -4.08858e+03

           Step           Time
            114      114.00000

           Step           Time
            115      115.00000

   Energies (kJ/mol)
           Bond            U-B    Proper Dih.  Improper Dih.      CMAP Dih.
    6.03824e+02    2.00280e+03    6.08742e+03    1.10072e+02   -3.14255e+02
          LJ-14     Coulomb-14        LJ (SR)   Coulomb (SR)   Coul. recip.
    2.14205e+03    1.80689e+04    4.19594e+04   -5.60268e+05    2.86616e+03
      Potential Pressure (bar)
   -4.86741e+05   -4.08940e+03

           Step           Time
            116      116.00000

   Energies (kJ/mol)
           Bond            U-B    Proper Dih.  Improper Dih.      CMAP Dih.
    1.09378e+03    2.10455e+03    6.08701e+03    1.11011e+02   -3.07526e+02
          LJ-14     Coulomb-14        LJ (SR)   Coulomb (SR)   Coul. recip.
    2.13308e+03    1.80546e+04    4.18034e+04   -5.60785e+05    2.82824e+03
      Potential Pressure (bar)
   -4.86877e+05   -4.18327e+03

           Step           Time
            117      117.00000

   Energies (kJ/mol)
           Bond            U-B    Proper Dih.  Improper Dih.      CMAP Dih.
    6.57486e+02    2.01569e+03    6.08698e+03    1.10126e+02   -3.14799e+02
          LJ-14     Coulomb-14        LJ (SR)   Coulomb (SR)   Coul. recip.
    2.13442e+03    1.80565e+04    4.17851e+04   -5.60865e+05    2.82555e+03
      Potential Pressure (bar)
   -4.87508e+05   -4.17933e+03

           Step           Time
            118      118.00000

           Step           Time
            119      119.00000

   Energies (kJ/mol)
           Bond            U-B    Proper Dih.  Improper Dih.      CMAP Dih.
    7.14471e+02    2.02267e+03    6.08656e+03    1.09678e+02   -3.12759e+02
          LJ-14     Coulomb-14        LJ (SR)   Coulomb (SR)   Coul. recip.
    2.13082e+03    1.80520e+04    4.17426e+04   -5.60999e+05    2.81473e+03
      Potential Pressure (bar)
   -4.87639e+05   -4.19986e+03

           Step           Time
            120      120.00000

   Energies (kJ/mol)
           Bond            U-B    Proper Dih.  Improper Dih.      CMAP Dih.
    7.32453e+02    2.03362e+03    6.08682e+03    1.10016e+02   -3.14284e+02
          LJ-14     Coulomb-14        LJ (SR)   Coulomb (SR)   Coul. recip.
    2.13156e+03    1.80514e+04    4.17138e+04   -5.61126e+05    2.80847e+03
      Potential Pressure (bar)
   -4.87772e+05   -4.21914e+03

           Step           Time
            121      121.00000

   Energies (kJ/mol)
           Bond            U-B    Proper Dih.  Improper Dih.      CMAP Dih.
    8.35982e+02    2.04863e+03    6.08630e+03    1.09551e+02   -3.10905e+02
          LJ-14     Coulomb-14        LJ (SR)   Coulomb (SR)   Coul. recip.
    2.12726e+03    1.80463e+04    4.16716e+04   -5.61254e+05    2.79733e+03
      Potential Pressure (bar)
   -4.87842e+05   -4.24023e+03

           Step           Time
            122      122.00000

   Energies (kJ/mol)
           Bond            U-B    Proper Dih.  Improper Dih.      CMAP Dih.
    8.97112e+02    2.07243e+03    6.08681e+03    1.10112e+02   -3.12692e+02
          LJ-14     Coulomb-14        LJ (SR)   Coulomb (SR)   Coul. recip.
    2.12920e+03    1.80465e+04    4.16465e+04   -5.61380e+05    2.79197e+03
      Potential Pressure (bar)
   -4.87912e+05   -4.26149e+03

           Step           Time
            123      123.00000

           Step           Time
            124      124.00000

   Energies (kJ/mol)
           Bond            U-B    Proper Dih.  Improper Dih.      CMAP Dih.
    6.07353e+02    2.00045e+03    6.08619e+03    1.09071e+02   -3.15059e+02
          LJ-14     Coulomb-14        LJ (SR)   Coulomb (SR)   Coul. recip.
    2.12563e+03    1.80439e+04    4.16223e+04   -5.61444e+05    2.78589e+03
      Potential Pressure (bar)
   -4.88378e+05   -4.25832e+03

           Step           Time
            125      125.00000

   Energies (kJ/mol)
           Bond            U-B    Proper Dih.  Improper Dih.      CMAP Dih.
    1.06010e+03    2.11240e+03    6.08670e+03    1.11701e+02   -3.12686e+02
          LJ-14     Coulomb-14        LJ (SR)   Coulomb (SR)   Coul. recip.
    2.12067e+03    1.80318e+04    4.14660e+04   -5.62072e+05    2.74594e+03
      Potential Pressure (bar)
   -4.88649e+05   -4.36555e+03

           Step           Time
            126      126.00000

   Energies (kJ/mol)
           Bond            U-B    Proper Dih.  Improper Dih.      CMAP Dih.
    6.58563e+02    2.00971e+03    6.08561e+03    1.09069e+02   -3.15010e+02
          LJ-14     Coulomb-14        LJ (SR)   Coulomb (SR)   Coul. recip.
    2.11574e+03    1.80290e+04    4.14375e+04   -5.62144e+05    2.73912e+03
      Potential Pressure (bar)
   -4.89275e+05   -4.35733e+03

           Step           Time
            127      127.00000

           Step           Time
            128      128.00000

   Energies (kJ/mol)
           Bond            U-B    Proper Dih.  Improper Dih.      CMAP Dih.
    7.04376e+02    2.02679e+03    6.08589e+03    1.09226e+02   -3.15915e+02
          LJ-14     Coulomb-14        LJ (SR)   Coulomb (SR)   Coul. recip.
    2.11618e+03    1.80275e+04    4.14090e+04   -5.62276e+05    2.73161e+03
      Potential Pressure (bar)
   -4.89382e+05   -4.37840e+03

           Step           Time
            129      129.00000

   Energies (kJ/mol)
           Bond            U-B    Proper Dih.  Improper Dih.      CMAP Dih.
    7.24865e+02    2.02349e+03    6.08537e+03    1.08713e+02   -3.13803e+02
          LJ-14     Coulomb-14        LJ (SR)   Coulomb (SR)   Coul. recip.
    2.11249e+03    1.80239e+04    4.13768e+04   -5.62386e+05    2.72323e+03
      Potential Pressure (bar)
   -4.89521e+05   -4.39204e+03

           Step           Time
            130      130.00000

   Energies (kJ/mol)
           Bond            U-B    Proper Dih.  Improper Dih.      CMAP Dih.
    8.14128e+02    2.05363e+03    6.08590e+03    1.09265e+02   -3.14878e+02
          LJ-14     Coulomb-14        LJ (SR)   Coulomb (SR)   Coul. recip.
    2.11391e+03    1.80230e+04    4.13528e+04   -5.62516e+05    2.71659e+03
      Potential Pressure (bar)
   -4.89562e+05   -4.41445e+03

           Step           Time
            131      131.00000

   Energies (kJ/mol)
           Bond            U-B    Proper Dih.  Improper Dih.      CMAP Dih.
    8.67089e+02    2.05444e+03    6.08521e+03    1.08639e+02   -3.11429e+02
          LJ-14     Coulomb-14        LJ (SR)   Coulomb (SR)   Coul. recip.
    2.10929e+03    1.80188e+04    4.13191e+04   -5.62626e+05    2.70770e+03
      Potential Pressure (bar)
   -4.89667e+05   -4.42865e+03

           Step           Time
            132      132.00000

           Step           Time
            133      133.00000

   Energies (kJ/mol)
           Bond            U-B    Proper Dih.  Improper Dih.      CMAP Dih.
    6.11683e+02    2.00205e+03    6.08538e+03    1.08333e+02   -3.16756e+02
          LJ-14     Coulomb-14        LJ (SR)   Coulomb (SR)   Coul. recip.
    2.10991e+03    1.80191e+04    4.13071e+04   -5.62690e+05    2.70469e+03
      Potential Pressure (bar)
   -4.90058e+05   -4.42846e+03

           Step           Time
            134      134.00000

   Energies (kJ/mol)
           Bond            U-B    Proper Dih.  Improper Dih.      CMAP Dih.
    1.04758e+03    2.09478e+03    6.08514e+03    1.09779e+02   -3.09702e+02
          LJ-14     Coulomb-14        LJ (SR)   Coulomb (SR)   Coul. recip.
    2.10267e+03    1.80081e+04    4.11995e+04   -5.63143e+05    2.67454e+03
      Potential Pressure (bar)
   -4.90131e+05   -4.50401e+03

           Step           Time
            135      135.00000

   Energies (kJ/mol)
           Bond            U-B    Proper Dih.  Improper Dih.      CMAP Dih.
    6.60803e+02    2.01513e+03    6.08531e+03    1.08499e+02   -3.17199e+02
          LJ-14     Coulomb-14        LJ (SR)   Coulomb (SR)   Coul. recip.
    2.10370e+03    1.80089e+04    4.11873e+04   -5.63215e+05    2.67156e+03
      Potential Pressure (bar)
   -4.90691e+05   -4.49938e+03

           Step           Time
            136      136.00000

           Step           Time
            137      137.00000

   Energies (kJ/mol)
           Bond            U-B    Proper Dih.  Improper Dih.      CMAP Dih.
    7.10072e+02    2.01977e+03    6.08488e+03    1.08270e+02   -3.14998e+02
          LJ-14     Coulomb-14        LJ (SR)   Coulomb (SR)   Coul. recip.
    2.10077e+03    1.80058e+04    4.11577e+04   -5.63333e+05    2.66331e+03
      Potential Pressure (bar)
   -4.90797e+05   -4.51558e+03

           Step           Time
            138      138.00000

   Energies (kJ/mol)
           Bond            U-B    Proper Dih.  Improper Dih.      CMAP Dih.
    7.29827e+02    2.03276e+03    6.08534e+03    1.08389e+02   -3.16605e+02
          LJ-14     Coulomb-14        LJ (SR)   Coulomb (SR)   Coul. recip.
    2.10142e+03    1.80046e+04    4.11389e+04   -5.63442e+05    2.65758e+03
      Potential Pressure (bar)
   -4.90900e+05   -4.53106e+03

           Step           Time
            139      139.00000

   Energies (kJ/mol)
           Bond            U-B    Proper Dih.  Improper Dih.      CMAP Dih.
    8.19919e+02    2.04390e+03    6.08475e+03    1.08240e+02   -3.13034e+02
          LJ-14     Coulomb-14        LJ (SR)   Coulomb (SR)   Coul. recip.
    2.09791e+03    1.80014e+04    4.11090e+04   -5.63556e+05    2.64926e+03
      Potential Pressure (bar)
   -4.90955e+05   -4.54787e+03

           Step           Time
            140      140.00000

   Energies (kJ/mol)
           Bond            U-B    Proper Dih.  Improper Dih.      CMAP Dih.
    8.81750e+02    2.07063e+03    6.08550e+03    1.08482e+02   -3.14920e+02
          LJ-14     Coulomb-14        LJ (SR)   Coulomb (SR)   Coul. recip.
    2.09957e+03    1.80005e+04    4.10935e+04   -5.63668e+05    2.64400e+03
      Potential Pressure (bar)
   -4.91000e+05   -4.56531e+03

           Step           Time
            141      141.00000

           Step           Time
            142      142.00000

   Energies (kJ/mol)
           Bond            U-B    Proper Dih.  Improper Dih.      CMAP Dih.
    6.14741e+02    1.99997e+03    6.08482e+03    1.07644e+02   -3.17238e+02
          LJ-14     Coulomb-14        LJ (SR)   Coulomb (SR)   Coul. recip.
    2.09651e+03    1.79991e+04    4.10754e+04   -5.63724e+05    2.63956e+03
      Potential Pressure (bar)
   -4.91424e+05   -4.56124e+03


Steepest Descents converged to Fmax < 1000 in 143 steps
Potential Energy  = -4.9142375e+05
Maximum force     =  8.0195221e+02 on atom 27
Norm of force     =  5.5382360e+01
Finished mdrun on rank 0 Thu Aug 10 18:29:54 2023

