                       :-) GROMACS - gmx mdrun, 2023 (-:

Copyright 1991-2023 The GROMACS Authors.
GROMACS is free software; you can redistribute it and/or modify it
under the terms of the GNU Lesser General Public License
as published by the Free Software Foundation; either version 2.1
of the License, or (at your option) any later version.

                         Current GROMACS contributors:
       Mark Abraham           Andrey Alekseenko           Cathrine Bergh      
      Christian Blau            Eliane Briand             Mahesh Doijade      
    Stefan Fleischmann           Vytas Gapsys              Gaurav Garg        
      Sergey Gorelov         Gilles Gouaillardet            Alan Gray         
     M. Eric Irrgang         Farzaneh Jalalypour            Joe Jordan        
    Christoph Junghans        Prashanth Kanduri          Sebastian Keller     
     Carsten Kutzner           Justin A. Lemkul          Magnus Lundborg      
       Pascal Merz              Vedran Miletic            Dmitry Morozov      
       Szilard Pall             Roland Schulz             Michael Shirts      
     Alexey Shvetsov            Balint Soproni         David van der Spoel    
      Philip Turner             Carsten Uphoff           Alessandra Villa     
 Sebastian Wingbermuehle        Artem Zhmurov       

                         Previous GROMACS contributors:
        Emile Apol             Rossen Apostolov           James Barnett       
  Herman J.C. Berendsen          Par Bjelkmar           Viacheslav Bolnykh    
        Kevin Boyd            Aldert van Buuren          Carlo Camilloni      
     Rudi van Drunen            Anton Feenstra           Oliver Fleetwood     
     Gerrit Groenhof            Bert de Groot             Anca Hamuraru       
    Vincent Hindriksen          Victor Holanda           Aleksei Iupinov      
   Dimitrios Karkoulis           Peter Kasson             Sebastian Kehl      
        Jiri Kraus               Per Larsson              Viveca Lindahl      
      Erik Marklund           Pieter Meulenhoff           Teemu Murtola       
       Sander Pronk             Alfons Sijbers            Peter Tieleman      
       Jon Vincent             Teemu Virolainen         Christian Wennberg    
       Maarten Wolf       

                  Coordinated by the GROMACS project leaders:
                    Paul Bauer, Berk Hess, and Erik Lindahl

GROMACS:      gmx mdrun, version 2023
Executable:   /usr/local/gromacs/bin/gmx
Data prefix:  /usr/local/gromacs
Working dir:  /home/insilitox/Documentos/gromacs-tutorial/5-test
Process ID:   7634
Command line:
  gmx mdrun -deffnm md

GROMACS version:    2023
Precision:          mixed
Memory model:       64 bit
MPI library:        thread_mpi
OpenMP support:     enabled (GMX_OPENMP_MAX_THREADS = 128)
GPU support:        CUDA
NB cluster size:    8
SIMD instructions:  AVX2_256
CPU FFT library:    fftw-3.3.8-sse2-avx
GPU FFT library:    cuFFT
Multi-GPU FFT:      none
RDTSCP usage:       enabled
TNG support:        enabled
Hwloc support:      disabled
Tracing support:    disabled
C compiler:         /usr/bin/cc GNU 11.3.0
C compiler flags:   -fexcess-precision=fast -funroll-all-loops -mavx2 -mfma -Wno-missing-field-initializers -O3 -DNDEBUG
C++ compiler:       /usr/bin/c++ GNU 11.3.0
C++ compiler flags: -fexcess-precision=fast -funroll-all-loops -mavx2 -mfma -Wno-missing-field-initializers -Wno-cast-function-type-strict -fopenmp -O3 -DNDEBUG
BLAS library:       
LAPACK library:     
CUDA compiler:      /usr/local/cuda/bin/nvcc nvcc: NVIDIA (R) Cuda compiler driver;Copyright (c) 2005-2023 NVIDIA Corporation;Built on Mon_Apr__3_17:16:06_PDT_2023;Cuda compilation tools, release 12.1, V12.1.105;Build cuda_12.1.r12.1/compiler.32688072_0
CUDA compiler flags:-std=c++17;--generate-code=arch=compute_50,code=sm_50;--generate-code=arch=compute_52,code=sm_52;--generate-code=arch=compute_60,code=sm_60;--generate-code=arch=compute_61,code=sm_61;--generate-code=arch=compute_70,code=sm_70;--generate-code=arch=compute_75,code=sm_75;--generate-code=arch=compute_80,code=sm_80;--generate-code=arch=compute_86,code=sm_86;--generate-code=arch=compute_89,code=sm_89;--generate-code=arch=compute_90,code=sm_90;-Wno-deprecated-gpu-targets;--generate-code=arch=compute_53,code=sm_53;--generate-code=arch=compute_80,code=sm_80;-use_fast_math;-Xptxas;-warn-double-usage;-Xptxas;-Werror;-D_FORCE_INLINES;-fexcess-precision=fast -funroll-all-loops -mavx2 -mfma -Wno-missing-field-initializers -Wno-cast-function-type-strict -fopenmp -O3 -DNDEBUG
CUDA driver:        12.10
CUDA runtime:       12.10


Running on 1 node with total 12 cores, 24 processing units, 1 compatible GPU
Hardware detected on host insilitox:
  CPU info:
    Vendor: AMD
    Brand:  AMD Ryzen 9 3900X 12-Core Processor            
    Family: 23   Model: 113   Stepping: 0
    Features: aes amd apic avx avx2 clfsh cmov cx8 cx16 f16c fma htt lahf misalignsse mmx msr nonstop_tsc pclmuldq pdpe1gb popcnt pse rdrnd rdtscp sha sse2 sse3 sse4a sse4.1 sse4.2 ssse3
  Hardware topology: Basic
    Packages, cores, and logical processors:
    [indices refer to OS logical processors]
      Package  0: [   0  12] [   1  13] [   2  14] [   3  15] [   4  16] [   5  17] [   6  18] [   7  19] [   8  20] [   9  21] [  10  22] [  11  23]
    CPU limit set by OS: -1   Recommended max number of threads: 24
  GPU info:
    Number of GPUs detected: 1
    #0: NVIDIA Quadro RTX 4000, compute cap.: 7.5, ECC:  no, stat: compatible


++++ PLEASE READ AND CITE THE FOLLOWING REFERENCE ++++
M. J. Abraham, T. Murtola, R. Schulz, S. Páll, J. C. Smith, B. Hess, E.
Lindahl
GROMACS: High performance molecular simulations through multi-level
parallelism from laptops to supercomputers
SoftwareX 1 (2015) pp. 19-25
-------- -------- --- Thank You --- -------- --------


++++ PLEASE READ AND CITE THE FOLLOWING REFERENCE ++++
S. Páll, M. J. Abraham, C. Kutzner, B. Hess, E. Lindahl
Tackling Exascale Software Challenges in Molecular Dynamics Simulations with
GROMACS
In S. Markidis & E. Laure (Eds.), Solving Software Challenges for Exascale 8759 (2015) pp. 3-27
-------- -------- --- Thank You --- -------- --------


++++ PLEASE READ AND CITE THE FOLLOWING REFERENCE ++++
S. Pronk, S. Páll, R. Schulz, P. Larsson, P. Bjelkmar, R. Apostolov, M. R.
Shirts, J. C. Smith, P. M. Kasson, D. van der Spoel, B. Hess, and E. Lindahl
GROMACS 4.5: a high-throughput and highly parallel open source molecular
simulation toolkit
Bioinformatics 29 (2013) pp. 845-54
-------- -------- --- Thank You --- -------- --------


++++ PLEASE READ AND CITE THE FOLLOWING REFERENCE ++++
B. Hess and C. Kutzner and D. van der Spoel and E. Lindahl
GROMACS 4: Algorithms for highly efficient, load-balanced, and scalable
molecular simulation
J. Chem. Theory Comput. 4 (2008) pp. 435-447
-------- -------- --- Thank You --- -------- --------


++++ PLEASE READ AND CITE THE FOLLOWING REFERENCE ++++
D. van der Spoel, E. Lindahl, B. Hess, G. Groenhof, A. E. Mark and H. J. C.
Berendsen
GROMACS: Fast, Flexible and Free
J. Comp. Chem. 26 (2005) pp. 1701-1719
-------- -------- --- Thank You --- -------- --------


++++ PLEASE READ AND CITE THE FOLLOWING REFERENCE ++++
E. Lindahl and B. Hess and D. van der Spoel
GROMACS 3.0: A package for molecular simulation and trajectory analysis
J. Mol. Mod. 7 (2001) pp. 306-317
-------- -------- --- Thank You --- -------- --------


++++ PLEASE READ AND CITE THE FOLLOWING REFERENCE ++++
H. J. C. Berendsen, D. van der Spoel and R. van Drunen
GROMACS: A message-passing parallel molecular dynamics implementation
Comp. Phys. Comm. 91 (1995) pp. 43-56
-------- -------- --- Thank You --- -------- --------


++++ PLEASE CITE THE DOI FOR THIS VERSION OF GROMACS ++++
https://doi.org/10.5281/zenodo.7588619
-------- -------- --- Thank You --- -------- --------

Input Parameters:
   integrator                     = md
   tinit                          = 0
   dt                             = 0.002
   nsteps                         = 50000
   init-step                      = 0
   simulation-part                = 1
   mts                            = false
   comm-mode                      = Linear
   nstcomm                        = 100
   bd-fric                        = 0
   ld-seed                        = 836903029
   emtol                          = 10
   emstep                         = 0.01
   niter                          = 20
   fcstep                         = 0
   nstcgsteep                     = 1000
   nbfgscorr                      = 10
   rtpi                           = 0.05
   nstxout                        = 0
   nstvout                        = 0
   nstfout                        = 0
   nstlog                         = 500
   nstcalcenergy                  = 100
   nstenergy                      = 500
   nstxout-compressed             = 500
   compressed-x-precision         = 1000
   cutoff-scheme                  = Verlet
   nstlist                        = 20
   pbc                            = xyz
   periodic-molecules             = false
   verlet-buffer-tolerance        = 0.005
   rlist                          = 1.223
   coulombtype                    = PME
   coulomb-modifier               = Potential-shift
   rcoulomb-switch                = 0
   rcoulomb                       = 1.2
   epsilon-r                      = 1
   epsilon-rf                     = inf
   vdw-type                       = Cut-off
   vdw-modifier                   = Force-switch
   rvdw-switch                    = 1
   rvdw                           = 1.2
   DispCorr                       = No
   table-extension                = 1
   fourierspacing                 = 0.16
   fourier-nx                     = 52
   fourier-ny                     = 52
   fourier-nz                     = 52
   pme-order                      = 4
   ewald-rtol                     = 1e-05
   ewald-rtol-lj                  = 0.001
   lj-pme-comb-rule               = Geometric
   ewald-geometry                 = 3d
   epsilon-surface                = 0
   ensemble-temperature-setting   = constant
   ensemble-temperature           = 300
   tcoupl                         = V-rescale
   nsttcouple                     = 10
   nh-chain-length                = 0
   print-nose-hoover-chain-variables = false
   pcoupl                         = Parrinello-Rahman
   pcoupltype                     = Isotropic
   nstpcouple                     = 50
   tau-p                          = 2
   compressibility (3x3):
      compressibility[    0]={ 4.50000e-05,  0.00000e+00,  0.00000e+00}
      compressibility[    1]={ 0.00000e+00,  4.50000e-05,  0.00000e+00}
      compressibility[    2]={ 0.00000e+00,  0.00000e+00,  4.50000e-05}
   ref-p (3x3):
      ref-p[    0]={ 1.00000e+00,  0.00000e+00,  0.00000e+00}
      ref-p[    1]={ 0.00000e+00,  1.00000e+00,  0.00000e+00}
      ref-p[    2]={ 0.00000e+00,  0.00000e+00,  1.00000e+00}
   refcoord-scaling               = No
   posres-com (3):
      posres-com[0]= 0.00000e+00
      posres-com[1]= 0.00000e+00
      posres-com[2]= 0.00000e+00
   posres-comB (3):
      posres-comB[0]= 0.00000e+00
      posres-comB[1]= 0.00000e+00
      posres-comB[2]= 0.00000e+00
   QMMM                           = false
qm-opts:
   ngQM                           = 0
   constraint-algorithm           = Lincs
   continuation                   = true
   Shake-SOR                      = false
   shake-tol                      = 0.0001
   lincs-order                    = 4
   lincs-iter                     = 1
   lincs-warnangle                = 30
   nwall                          = 0
   wall-type                      = 9-3
   wall-r-linpot                  = -1
   wall-atomtype[0]               = -1
   wall-atomtype[1]               = -1
   wall-density[0]                = 0
   wall-density[1]                = 0
   wall-ewald-zfac                = 3
   pull                           = false
   awh                            = false
   rotation                       = false
   interactiveMD                  = false
   disre                          = No
   disre-weighting                = Conservative
   disre-mixed                    = false
   dr-fc                          = 1000
   dr-tau                         = 0
   nstdisreout                    = 100
   orire-fc                       = 0
   orire-tau                      = 0
   nstorireout                    = 100
   free-energy                    = no
   cos-acceleration               = 0
   deform (3x3):
      deform[    0]={ 0.00000e+00,  0.00000e+00,  0.00000e+00}
      deform[    1]={ 0.00000e+00,  0.00000e+00,  0.00000e+00}
      deform[    2]={ 0.00000e+00,  0.00000e+00,  0.00000e+00}
   simulated-tempering            = false
   swapcoords                     = no
   userint1                       = 0
   userint2                       = 0
   userint3                       = 0
   userint4                       = 0
   userreal1                      = 0
   userreal2                      = 0
   userreal3                      = 0
   userreal4                      = 0
   applied-forces:
     electric-field:
       x:
         E0                       = 0
         omega                    = 0
         t0                       = 0
         sigma                    = 0
       y:
         E0                       = 0
         omega                    = 0
         t0                       = 0
         sigma                    = 0
       z:
         E0                       = 0
         omega                    = 0
         t0                       = 0
         sigma                    = 0
     density-guided-simulation:
       active                     = false
       group                      = protein
       similarity-measure         = inner-product
       atom-spreading-weight      = unity
       force-constant             = 1e+09
       gaussian-transform-spreading-width = 0.2
       gaussian-transform-spreading-range-in-multiples-of-width = 4
       reference-density-filename = reference.mrc
       nst                        = 1
       normalize-densities        = true
       adaptive-force-scaling     = false
       adaptive-force-scaling-time-constant = 4
       shift-vector               = 
       transformation-matrix      = 
     qmmm-cp2k:
       active                     = false
       qmgroup                    = System
       qmmethod                   = PBE
       qmfilenames                = 
       qmcharge                   = 0
       qmmultiplicity             = 1
grpopts:
   nrdf:     6582.71     61743.3
   ref-t:         300         300
   tau-t:         0.1         0.1
annealing:          No          No
annealing-npoints:           0           0
   acc:	           0           0           0
   nfreeze:           N           N           N
   energygrp-flags[  0]: 0

Changing nstlist from 20 to 100, rlist from 1.223 to 1.343

Update groups can not be used for this system because atoms that are (in)directly constrained together are interdispersed with other atoms

1 GPU selected for this run.
Mapping of GPU IDs to the 2 GPU tasks in the 1 rank on this node:
  PP:0,PME:0
PP tasks will do (non-perturbed) short-ranged interactions on the GPU
PP task will update and constrain coordinates on the GPU
PME tasks will do all aspects on the GPU
Using 1 MPI thread
Using 12 OpenMP threads 

System total charge: 0.000
Will do PME sum in reciprocal space for electrostatic interactions.

++++ PLEASE READ AND CITE THE FOLLOWING REFERENCE ++++
U. Essmann, L. Perera, M. L. Berkowitz, T. Darden, H. Lee and L. G. Pedersen 
A smooth particle mesh Ewald method
J. Chem. Phys. 103 (1995) pp. 8577-8592
-------- -------- --- Thank You --- -------- --------

Using a Gaussian width (1/beta) of 0.384195 nm for Ewald
Potential shift: LJ r^-12: -2.648e-01 r^-6: -5.349e-01, Ewald -8.333e-06
Initialized non-bonded Coulomb Ewald tables, spacing: 1.02e-03 size: 1176

Generated table with 1171 data points for 1-4 COUL.
Tabscale = 500 points/nm
Generated table with 1171 data points for 1-4 LJ6.
Tabscale = 500 points/nm
Generated table with 1171 data points for 1-4 LJ12.
Tabscale = 500 points/nm


Using GPU 8x8 nonbonded short-range kernels

Using a dual 8x8 pair-list setup updated with dynamic, rolling pruning:
  outer list: updated every 100 steps, buffer 0.143 nm, rlist 1.343 nm
  inner list: updated every  12 steps, buffer 0.004 nm, rlist 1.204 nm
At tolerance 0.005 kJ/mol/ps per atom, equivalent classical 1x1 list would be:
  outer list: updated every 100 steps, buffer 0.296 nm, rlist 1.496 nm
  inner list: updated every  12 steps, buffer 0.053 nm, rlist 1.253 nm

Pinning threads with an auto-selected logical cpu stride of 2

Initializing LINear Constraint Solver

++++ PLEASE READ AND CITE THE FOLLOWING REFERENCE ++++
B. Hess and H. Bekker and H. J. C. Berendsen and J. G. E. M. Fraaije
LINCS: A Linear Constraint Solver for molecular simulations
J. Comp. Chem. 18 (1997) pp. 1463-1472
-------- -------- --- Thank You --- -------- --------

The number of constraints is 1325

++++ PLEASE READ AND CITE THE FOLLOWING REFERENCE ++++
S. Miyamoto and P. A. Kollman
SETTLE: An Analytical Version of the SHAKE and RATTLE Algorithms for Rigid
Water Models
J. Comp. Chem. 13 (1992) pp. 952-962
-------- -------- --- Thank You --- -------- --------


++++ PLEASE READ AND CITE THE FOLLOWING REFERENCE ++++
G. Bussi, D. Donadio and M. Parrinello
Canonical sampling through velocity rescaling
J. Chem. Phys. 126 (2007) pp. 014101
-------- -------- --- Thank You --- -------- --------

There are: 33506 Atoms

Updating coordinates and applying constraints on the GPU.
Center of mass motion removal mode is Linear
We have the following groups for center of mass motion removal:
  0:  rest

Started mdrun on rank 0 Tue Aug 15 18:15:15 2023

           Step           Time
              0        0.00000

   Energies (kJ/mol)
           Bond            U-B    Proper Dih.  Improper Dih.      CMAP Dih.
    2.27426e+03    5.82186e+03    6.53619e+03    3.53091e+02   -1.76900e+02
          LJ-14     Coulomb-14        LJ (SR)   Coulomb (SR)   Coul. recip.
    2.01419e+03    1.76467e+04    4.06908e+04   -5.20940e+05    1.58330e+03
      Potential    Kinetic En.   Total Energy  Conserved En.    Temperature
   -4.44196e+05    8.53560e+04   -3.58840e+05   -3.58820e+05    3.00500e+02
 Pressure (bar)   Constr. rmsd
    7.67838e+01    0.00000e+00

           Step           Time
            500        1.00000

   Energies (kJ/mol)
           Bond            U-B    Proper Dih.  Improper Dih.      CMAP Dih.
    2.08260e+03    5.80850e+03    6.63307e+03    3.59537e+02   -2.26843e+02
          LJ-14     Coulomb-14        LJ (SR)   Coulomb (SR)   Coul. recip.
    2.10880e+03    1.78606e+04    4.20856e+04   -5.23812e+05    1.56088e+03
      Potential    Kinetic En.   Total Energy  Conserved En.    Temperature
   -4.45539e+05    8.52922e+04   -3.60247e+05   -3.58763e+05    3.00275e+02
 Pressure (bar)   Constr. rmsd
    1.71570e+02    0.00000e+00

           Step           Time
           1000        2.00000

   Energies (kJ/mol)
           Bond            U-B    Proper Dih.  Improper Dih.      CMAP Dih.
    2.33263e+03    6.10154e+03    6.63900e+03    3.57957e+02   -2.24289e+02
          LJ-14     Coulomb-14        LJ (SR)   Coulomb (SR)   Coul. recip.
    2.02416e+03    1.73620e+04    4.04355e+04   -5.22069e+05    1.54387e+03
      Potential    Kinetic En.   Total Energy  Conserved En.    Temperature
   -4.45496e+05    8.54689e+04   -3.60028e+05   -3.58754e+05    3.00897e+02
 Pressure (bar)   Constr. rmsd
   -2.45264e+02    0.00000e+00

           Step           Time
           1500        3.00000

   Energies (kJ/mol)
           Bond            U-B    Proper Dih.  Improper Dih.      CMAP Dih.
    2.22503e+03    6.20493e+03    6.65937e+03    3.59554e+02   -2.02881e+02
          LJ-14     Coulomb-14        LJ (SR)   Coulomb (SR)   Coul. recip.
    1.96871e+03    1.77106e+04    4.08331e+04   -5.21837e+05    1.53981e+03
      Potential    Kinetic En.   Total Energy  Conserved En.    Temperature
   -4.44539e+05    8.52407e+04   -3.59298e+05   -3.58747e+05    3.00094e+02
 Pressure (bar)   Constr. rmsd
   -2.30540e+00    0.00000e+00

           Step           Time
           2000        4.00000

   Energies (kJ/mol)
           Bond            U-B    Proper Dih.  Improper Dih.      CMAP Dih.
    2.25856e+03    5.98562e+03    6.65414e+03    3.84689e+02   -2.47322e+02
          LJ-14     Coulomb-14        LJ (SR)   Coulomb (SR)   Coul. recip.
    1.97246e+03    1.76300e+04    4.07440e+04   -5.22033e+05    1.57817e+03
      Potential    Kinetic En.   Total Energy  Conserved En.    Temperature
   -4.45073e+05    8.44740e+04   -3.60599e+05   -3.58736e+05    2.97394e+02
 Pressure (bar)   Constr. rmsd
   -2.12217e+02    0.00000e+00

           Step           Time
           2500        5.00000

   Energies (kJ/mol)
           Bond            U-B    Proper Dih.  Improper Dih.      CMAP Dih.
    2.21577e+03    5.78208e+03    6.69686e+03    4.22885e+02   -1.89097e+02
          LJ-14     Coulomb-14        LJ (SR)   Coulomb (SR)   Coul. recip.
    2.03246e+03    1.76632e+04    4.23582e+04   -5.25105e+05    1.53233e+03
      Potential    Kinetic En.   Total Energy  Conserved En.    Temperature
   -4.46590e+05    8.49847e+04   -3.61605e+05   -3.58710e+05    2.99192e+02
 Pressure (bar)   Constr. rmsd
    1.88042e+02    0.00000e+00

           Step           Time
           3000        6.00000

   Energies (kJ/mol)
           Bond            U-B    Proper Dih.  Improper Dih.      CMAP Dih.
    2.20173e+03    5.97911e+03    6.65027e+03    3.60104e+02   -2.06452e+02
          LJ-14     Coulomb-14        LJ (SR)   Coulomb (SR)   Coul. recip.
    2.06858e+03    1.78792e+04    4.17677e+04   -5.21182e+05    1.52034e+03
      Potential    Kinetic En.   Total Energy  Conserved En.    Temperature
   -4.42961e+05    8.56108e+04   -3.57351e+05   -3.58649e+05    3.01397e+02
 Pressure (bar)   Constr. rmsd
    1.03362e+02    0.00000e+00

           Step           Time
           3500        7.00000

   Energies (kJ/mol)
           Bond            U-B    Proper Dih.  Improper Dih.      CMAP Dih.
    2.29330e+03    6.22568e+03    6.62434e+03    3.52201e+02   -2.46300e+02
          LJ-14     Coulomb-14        LJ (SR)   Coulomb (SR)   Coul. recip.
    2.10417e+03    1.77574e+04    4.08444e+04   -5.22345e+05    1.48586e+03
      Potential    Kinetic En.   Total Energy  Conserved En.    Temperature
   -4.44904e+05    8.56423e+04   -3.59261e+05   -3.58581e+05    3.01508e+02
 Pressure (bar)   Constr. rmsd
    6.90001e+01    0.00000e+00

           Step           Time
           4000        8.00000

   Energies (kJ/mol)
           Bond            U-B    Proper Dih.  Improper Dih.      CMAP Dih.
    2.15767e+03    6.23687e+03    6.66800e+03    3.94467e+02   -2.61054e+02
          LJ-14     Coulomb-14        LJ (SR)   Coulomb (SR)   Coul. recip.
    2.09509e+03    1.76017e+04    4.13609e+04   -5.23334e+05    1.52987e+03
      Potential    Kinetic En.   Total Energy  Conserved En.    Temperature
   -4.45550e+05    8.54921e+04   -3.60058e+05   -3.58587e+05    3.00979e+02
 Pressure (bar)   Constr. rmsd
   -2.23907e+01    0.00000e+00

           Step           Time
           4500        9.00000

   Energies (kJ/mol)
           Bond            U-B    Proper Dih.  Improper Dih.      CMAP Dih.
    2.34628e+03    6.19345e+03    6.62400e+03    3.92216e+02   -1.97578e+02
          LJ-14     Coulomb-14        LJ (SR)   Coulomb (SR)   Coul. recip.
    1.99947e+03    1.75934e+04    4.09464e+04   -5.22140e+05    1.54909e+03
      Potential    Kinetic En.   Total Energy  Conserved En.    Temperature
   -4.44694e+05    8.54684e+04   -3.59225e+05   -3.58576e+05    3.00895e+02
 Pressure (bar)   Constr. rmsd
   -1.13444e+02    0.00000e+00

           Step           Time
           5000       10.00000

   Energies (kJ/mol)
           Bond            U-B    Proper Dih.  Improper Dih.      CMAP Dih.
    2.10745e+03    6.12857e+03    6.52223e+03    3.60594e+02   -1.73252e+02
          LJ-14     Coulomb-14        LJ (SR)   Coulomb (SR)   Coul. recip.
    2.08555e+03    1.78814e+04    4.23504e+04   -5.24210e+05    1.54761e+03
      Potential    Kinetic En.   Total Energy  Conserved En.    Temperature
   -4.45399e+05    8.47952e+04   -3.60604e+05   -3.58522e+05    2.98525e+02
 Pressure (bar)   Constr. rmsd
    4.02715e+02    0.00000e+00

           Step           Time
           5500       11.00000

   Energies (kJ/mol)
           Bond            U-B    Proper Dih.  Improper Dih.      CMAP Dih.
    2.13171e+03    6.05753e+03    6.66061e+03    3.60740e+02   -1.82514e+02
          LJ-14     Coulomb-14        LJ (SR)   Coulomb (SR)   Coul. recip.
    1.97515e+03    1.77165e+04    4.09901e+04   -5.22663e+05    1.54137e+03
      Potential    Kinetic En.   Total Energy  Conserved En.    Temperature
   -4.45412e+05    8.51492e+04   -3.60262e+05   -3.58468e+05    2.99771e+02
 Pressure (bar)   Constr. rmsd
   -9.83733e+01    0.00000e+00

           Step           Time
           6000       12.00000

   Energies (kJ/mol)
           Bond            U-B    Proper Dih.  Improper Dih.      CMAP Dih.
    2.20946e+03    6.17326e+03    6.66975e+03    3.44323e+02   -1.97487e+02
          LJ-14     Coulomb-14        LJ (SR)   Coulomb (SR)   Coul. recip.
    1.91290e+03    1.76393e+04    4.05612e+04   -5.20943e+05    1.63315e+03
      Potential    Kinetic En.   Total Energy  Conserved En.    Temperature
   -4.43997e+05    8.43187e+04   -3.59679e+05   -3.58314e+05    2.96848e+02
 Pressure (bar)   Constr. rmsd
   -1.83703e+02    0.00000e+00

           Step           Time
           6500       13.00000

   Energies (kJ/mol)
           Bond            U-B    Proper Dih.  Improper Dih.      CMAP Dih.
    2.21752e+03    5.97036e+03    6.60762e+03    3.49165e+02   -1.60157e+02
          LJ-14     Coulomb-14        LJ (SR)   Coulomb (SR)   Coul. recip.
    2.09045e+03    1.75403e+04    4.14824e+04   -5.21918e+05    1.51462e+03
      Potential    Kinetic En.   Total Energy  Conserved En.    Temperature
   -4.44306e+05    8.52986e+04   -3.59007e+05   -3.58337e+05    3.00297e+02
 Pressure (bar)   Constr. rmsd
    2.58411e+02    0.00000e+00

           Step           Time
           7000       14.00000

   Energies (kJ/mol)
           Bond            U-B    Proper Dih.  Improper Dih.      CMAP Dih.
    2.23350e+03    6.20791e+03    6.64741e+03    4.22134e+02   -2.06590e+02
          LJ-14     Coulomb-14        LJ (SR)   Coulomb (SR)   Coul. recip.
    2.05773e+03    1.78018e+04    4.15003e+04   -5.22999e+05    1.57170e+03
      Potential    Kinetic En.   Total Energy  Conserved En.    Temperature
   -4.44763e+05    8.52451e+04   -3.59518e+05   -3.58292e+05    3.00109e+02
 Pressure (bar)   Constr. rmsd
    2.40692e+02    0.00000e+00

step 7100: timed with pme grid 52 52 52, coulomb cutoff 1.200: 269.5 M-cycles
step 7300: timed with pme grid 44 44 44, coulomb cutoff 1.320: 312.7 M-cycles
step 7500: timed with pme grid 48 48 48, coulomb cutoff 1.210: 271.0 M-cycles
           Step           Time
           7500       15.00000

   Energies (kJ/mol)
           Bond            U-B    Proper Dih.  Improper Dih.      CMAP Dih.
    2.29417e+03    5.99529e+03    6.60467e+03    3.47202e+02   -1.58224e+02
          LJ-14     Coulomb-14        LJ (SR)   Coulomb (SR)   Coul. recip.
    2.07537e+03    1.75812e+04    4.12713e+04   -5.22743e+05    1.59471e+03
      Potential    Kinetic En.   Total Energy  Conserved En.    Temperature
   -4.45138e+05    8.54347e+04   -3.59703e+05   -3.58279e+05    3.00777e+02
 Pressure (bar)   Constr. rmsd
   -1.05598e+02    0.00000e+00

step 7700: timed with pme grid 52 52 52, coulomb cutoff 1.200: 266.1 M-cycles
              optimal pme grid 52 52 52, coulomb cutoff 1.200
           Step           Time
           8000       16.00000

   Energies (kJ/mol)
           Bond            U-B    Proper Dih.  Improper Dih.      CMAP Dih.
    2.15753e+03    6.05701e+03    6.55726e+03    3.80332e+02   -2.19240e+02
          LJ-14     Coulomb-14        LJ (SR)   Coulomb (SR)   Coul. recip.
    2.11698e+03    1.76817e+04    4.09989e+04   -5.23196e+05    1.53195e+03
      Potential    Kinetic En.   Total Energy  Conserved En.    Temperature
   -4.45934e+05    8.49465e+04   -3.60987e+05   -3.58214e+05    2.99058e+02
 Pressure (bar)   Constr. rmsd
    1.13742e+02    0.00000e+00

           Step           Time
           8500       17.00000

   Energies (kJ/mol)
           Bond            U-B    Proper Dih.  Improper Dih.      CMAP Dih.
    2.29223e+03    6.44118e+03    6.55498e+03    3.56218e+02   -1.95999e+02
          LJ-14     Coulomb-14        LJ (SR)   Coulomb (SR)   Coul. recip.
    2.08268e+03    1.76631e+04    4.03469e+04   -5.19963e+05    1.61691e+03
      Potential    Kinetic En.   Total Energy  Conserved En.    Temperature
   -4.42805e+05    8.53880e+04   -3.57417e+05   -3.58121e+05    3.00612e+02
 Pressure (bar)   Constr. rmsd
   -1.16427e+02    0.00000e+00

           Step           Time
           9000       18.00000

   Energies (kJ/mol)
           Bond            U-B    Proper Dih.  Improper Dih.      CMAP Dih.
    2.30079e+03    6.15080e+03    6.62431e+03    3.30799e+02   -1.53848e+02
          LJ-14     Coulomb-14        LJ (SR)   Coulomb (SR)   Coul. recip.
    2.02612e+03    1.75149e+04    4.09055e+04   -5.21226e+05    1.65186e+03
      Potential    Kinetic En.   Total Energy  Conserved En.    Temperature
   -4.43875e+05    8.50864e+04   -3.58788e+05   -3.58097e+05    2.99550e+02
 Pressure (bar)   Constr. rmsd
    1.05650e+02    0.00000e+00

           Step           Time
           9500       19.00000

   Energies (kJ/mol)
           Bond            U-B    Proper Dih.  Improper Dih.      CMAP Dih.
    2.23956e+03    6.23496e+03    6.65748e+03    3.41835e+02   -2.28684e+02
          LJ-14     Coulomb-14        LJ (SR)   Coulomb (SR)   Coul. recip.
    2.06979e+03    1.75689e+04    4.27845e+04   -5.23275e+05    1.58161e+03
      Potential    Kinetic En.   Total Energy  Conserved En.    Temperature
   -4.44025e+05    8.51147e+04   -3.58910e+05   -3.58093e+05    2.99650e+02
 Pressure (bar)   Constr. rmsd
    3.15942e+02    0.00000e+00

           Step           Time
          10000       20.00000

   Energies (kJ/mol)
           Bond            U-B    Proper Dih.  Improper Dih.      CMAP Dih.
    2.14453e+03    6.01004e+03    6.63612e+03    3.61997e+02   -2.40502e+02
          LJ-14     Coulomb-14        LJ (SR)   Coulomb (SR)   Coul. recip.
    2.06765e+03    1.79068e+04    4.17314e+04   -5.22466e+05    1.61631e+03
      Potential    Kinetic En.   Total Energy  Conserved En.    Temperature
   -4.44232e+05    8.43000e+04   -3.59932e+05   -3.58088e+05    2.96782e+02
 Pressure (bar)   Constr. rmsd
    1.31364e+02    0.00000e+00

           Step           Time
          10500       21.00000

   Energies (kJ/mol)
           Bond            U-B    Proper Dih.  Improper Dih.      CMAP Dih.
    2.10786e+03    5.87634e+03    6.74567e+03    4.12966e+02   -2.12281e+02
          LJ-14     Coulomb-14        LJ (SR)   Coulomb (SR)   Coul. recip.
    2.03414e+03    1.79183e+04    4.14472e+04   -5.23021e+05    1.52615e+03
      Potential    Kinetic En.   Total Energy  Conserved En.    Temperature
   -4.45165e+05    8.40388e+04   -3.61126e+05   -3.58087e+05    2.95862e+02
 Pressure (bar)   Constr. rmsd
   -4.72534e+00    0.00000e+00

           Step           Time
          11000       22.00000

   Energies (kJ/mol)
           Bond            U-B    Proper Dih.  Improper Dih.      CMAP Dih.
    2.21731e+03    6.04637e+03    6.61921e+03    3.78569e+02   -2.29580e+02
          LJ-14     Coulomb-14        LJ (SR)   Coulomb (SR)   Coul. recip.
    2.07846e+03    1.78212e+04    4.06582e+04   -5.20591e+05    1.59221e+03
      Potential    Kinetic En.   Total Energy  Conserved En.    Temperature
   -4.43409e+05    8.61740e+04   -3.57235e+05   -3.58098e+05    3.03379e+02
 Pressure (bar)   Constr. rmsd
    1.67004e+02    0.00000e+00

           Step           Time
          11500       23.00000

   Energies (kJ/mol)
           Bond            U-B    Proper Dih.  Improper Dih.      CMAP Dih.
    2.08873e+03    6.08994e+03    6.53994e+03    4.05118e+02   -2.46339e+02
          LJ-14     Coulomb-14        LJ (SR)   Coulomb (SR)   Coul. recip.
    1.98653e+03    1.77382e+04    3.96704e+04   -5.20268e+05    1.64241e+03
      Potential    Kinetic En.   Total Energy  Conserved En.    Temperature
   -4.44353e+05    8.49655e+04   -3.59388e+05   -3.58075e+05    2.99125e+02
 Pressure (bar)   Constr. rmsd
   -4.51152e+02    0.00000e+00

           Step           Time
          12000       24.00000

   Energies (kJ/mol)
           Bond            U-B    Proper Dih.  Improper Dih.      CMAP Dih.
    2.27315e+03    6.11935e+03    6.58986e+03    3.64597e+02   -2.18590e+02
          LJ-14     Coulomb-14        LJ (SR)   Coulomb (SR)   Coul. recip.
    2.04230e+03    1.78324e+04    3.99867e+04   -5.20885e+05    1.53346e+03
      Potential    Kinetic En.   Total Energy  Conserved En.    Temperature
   -4.44362e+05    8.49656e+04   -3.59397e+05   -3.58017e+05    2.99125e+02
 Pressure (bar)   Constr. rmsd
   -2.29726e+02    0.00000e+00

           Step           Time
          12500       25.00000

   Energies (kJ/mol)
           Bond            U-B    Proper Dih.  Improper Dih.      CMAP Dih.
    2.24675e+03    6.00616e+03    6.53712e+03    3.74866e+02   -2.37310e+02
          LJ-14     Coulomb-14        LJ (SR)   Coulomb (SR)   Coul. recip.
    1.99407e+03    1.76316e+04    4.05239e+04   -5.21346e+05    1.47776e+03
      Potential    Kinetic En.   Total Energy  Conserved En.    Temperature
   -4.44791e+05    8.56115e+04   -3.59179e+05   -3.58032e+05    3.01399e+02
 Pressure (bar)   Constr. rmsd
   -2.04127e+02    0.00000e+00

           Step           Time
          13000       26.00000

   Energies (kJ/mol)
           Bond            U-B    Proper Dih.  Improper Dih.      CMAP Dih.
    2.27286e+03    6.02254e+03    6.63320e+03    3.97375e+02   -1.68499e+02
          LJ-14     Coulomb-14        LJ (SR)   Coulomb (SR)   Coul. recip.
    2.00380e+03    1.75878e+04    4.11744e+04   -5.23279e+05    1.55123e+03
      Potential    Kinetic En.   Total Energy  Conserved En.    Temperature
   -4.45804e+05    8.51737e+04   -3.60630e+05   -3.57993e+05    2.99858e+02
 Pressure (bar)   Constr. rmsd
    8.28908e+01    0.00000e+00

           Step           Time
          13500       27.00000

   Energies (kJ/mol)
           Bond            U-B    Proper Dih.  Improper Dih.      CMAP Dih.
    2.15837e+03    6.08832e+03    6.62794e+03    3.30172e+02   -2.57821e+02
          LJ-14     Coulomb-14        LJ (SR)   Coulomb (SR)   Coul. recip.
    2.09708e+03    1.78278e+04    4.15383e+04   -5.23132e+05    1.52326e+03
      Potential    Kinetic En.   Total Energy  Conserved En.    Temperature
   -4.45198e+05    8.47065e+04   -3.60492e+05   -3.57927e+05    2.98213e+02
 Pressure (bar)   Constr. rmsd
    2.11685e+02    0.00000e+00

           Step           Time
          14000       28.00000

   Energies (kJ/mol)
           Bond            U-B    Proper Dih.  Improper Dih.      CMAP Dih.
    2.19585e+03    6.16104e+03    6.70468e+03    3.86915e+02   -2.32324e+02
          LJ-14     Coulomb-14        LJ (SR)   Coulomb (SR)   Coul. recip.
    2.06037e+03    1.78152e+04    4.12269e+04   -5.22093e+05    1.55043e+03
      Potential    Kinetic En.   Total Energy  Conserved En.    Temperature
   -4.44224e+05    8.65531e+04   -3.57671e+05   -3.57933e+05    3.04714e+02
 Pressure (bar)   Constr. rmsd
    1.02240e+02    0.00000e+00

           Step           Time
          14500       29.00000

   Energies (kJ/mol)
           Bond            U-B    Proper Dih.  Improper Dih.      CMAP Dih.
    2.15987e+03    6.14812e+03    6.55259e+03    3.92868e+02   -1.78579e+02
          LJ-14     Coulomb-14        LJ (SR)   Coulomb (SR)   Coul. recip.
    2.00169e+03    1.77589e+04    4.06377e+04   -5.21516e+05    1.62030e+03
      Potential    Kinetic En.   Total Energy  Conserved En.    Temperature
   -4.44423e+05    8.44464e+04   -3.59976e+05   -3.57845e+05    2.97297e+02
 Pressure (bar)   Constr. rmsd
   -4.43367e+01    0.00000e+00

           Step           Time
          15000       30.00000

   Energies (kJ/mol)
           Bond            U-B    Proper Dih.  Improper Dih.      CMAP Dih.
    2.12313e+03    6.10769e+03    6.64710e+03    3.74119e+02   -2.92328e+02
          LJ-14     Coulomb-14        LJ (SR)   Coulomb (SR)   Coul. recip.
    2.07323e+03    1.76191e+04    4.08369e+04   -5.21629e+05    1.59498e+03
      Potential    Kinetic En.   Total Energy  Conserved En.    Temperature
   -4.44545e+05    8.46504e+04   -3.59895e+05   -3.57741e+05    2.98016e+02
 Pressure (bar)   Constr. rmsd
   -3.91191e+01    0.00000e+00

           Step           Time
          15500       31.00000

   Energies (kJ/mol)
           Bond            U-B    Proper Dih.  Improper Dih.      CMAP Dih.
    2.29000e+03    6.02855e+03    6.51099e+03    3.23292e+02   -2.10763e+02
          LJ-14     Coulomb-14        LJ (SR)   Coulomb (SR)   Coul. recip.
    1.92511e+03    1.76185e+04    4.20952e+04   -5.23779e+05    1.57952e+03
      Potential    Kinetic En.   Total Energy  Conserved En.    Temperature
   -4.45618e+05    8.49084e+04   -3.60710e+05   -3.57689e+05    2.98924e+02
 Pressure (bar)   Constr. rmsd
    1.69815e+02    0.00000e+00

           Step           Time
          16000       32.00000

   Energies (kJ/mol)
           Bond            U-B    Proper Dih.  Improper Dih.      CMAP Dih.
    2.42648e+03    6.47274e+03    6.72623e+03    3.70333e+02   -2.23997e+02
          LJ-14     Coulomb-14        LJ (SR)   Coulomb (SR)   Coul. recip.
    2.03147e+03    1.76132e+04    4.01747e+04   -5.19687e+05    1.62154e+03
      Potential    Kinetic En.   Total Energy  Conserved En.    Temperature
   -4.42474e+05    8.61097e+04   -3.56365e+05   -3.57624e+05    3.03153e+02
 Pressure (bar)   Constr. rmsd
   -1.15951e+02    0.00000e+00

           Step           Time
          16500       33.00000

   Energies (kJ/mol)
           Bond            U-B    Proper Dih.  Improper Dih.      CMAP Dih.
    2.11622e+03    6.00899e+03    6.62109e+03    3.44504e+02   -2.37803e+02
          LJ-14     Coulomb-14        LJ (SR)   Coulomb (SR)   Coul. recip.
    2.01819e+03    1.76927e+04    4.14575e+04   -5.24019e+05    1.63638e+03
      Potential    Kinetic En.   Total Energy  Conserved En.    Temperature
   -4.46361e+05    8.61093e+04   -3.60252e+05   -3.57654e+05    3.03152e+02
 Pressure (bar)   Constr. rmsd
    1.88438e+02    0.00000e+00

           Step           Time
          17000       34.00000

   Energies (kJ/mol)
           Bond            U-B    Proper Dih.  Improper Dih.      CMAP Dih.
    2.24425e+03    6.29416e+03    6.55186e+03    3.73760e+02   -2.43181e+02
          LJ-14     Coulomb-14        LJ (SR)   Coulomb (SR)   Coul. recip.
    1.97652e+03    1.74451e+04    4.15590e+04   -5.22519e+05    1.57109e+03
      Potential    Kinetic En.   Total Energy  Conserved En.    Temperature
   -4.44746e+05    8.51011e+04   -3.59645e+05   -3.57637e+05    2.99602e+02
 Pressure (bar)   Constr. rmsd
    8.19076e+01    0.00000e+00

           Step           Time
          17500       35.00000

   Energies (kJ/mol)
           Bond            U-B    Proper Dih.  Improper Dih.      CMAP Dih.
    2.33146e+03    6.14442e+03    6.57004e+03    3.59957e+02   -1.70607e+02
          LJ-14     Coulomb-14        LJ (SR)   Coulomb (SR)   Coul. recip.
    2.03772e+03    1.74317e+04    4.10958e+04   -5.21982e+05    1.56914e+03
      Potential    Kinetic En.   Total Energy  Conserved En.    Temperature
   -4.44613e+05    8.57220e+04   -3.58891e+05   -3.57611e+05    3.01788e+02
 Pressure (bar)   Constr. rmsd
    1.84286e+02    0.00000e+00

           Step           Time
          18000       36.00000

   Energies (kJ/mol)
           Bond            U-B    Proper Dih.  Improper Dih.      CMAP Dih.
    2.15842e+03    6.02242e+03    6.58067e+03    3.87138e+02   -1.96113e+02
          LJ-14     Coulomb-14        LJ (SR)   Coulomb (SR)   Coul. recip.
    2.08604e+03    1.78559e+04    4.11607e+04   -5.22688e+05    1.55435e+03
      Potential    Kinetic En.   Total Energy  Conserved En.    Temperature
   -4.45078e+05    8.45064e+04   -3.60572e+05   -3.57609e+05    2.97508e+02
 Pressure (bar)   Constr. rmsd
    2.72887e+02    0.00000e+00

           Step           Time
          18500       37.00000

   Energies (kJ/mol)
           Bond            U-B    Proper Dih.  Improper Dih.      CMAP Dih.
    2.20818e+03    6.15951e+03    6.66396e+03    3.52772e+02   -2.20461e+02
          LJ-14     Coulomb-14        LJ (SR)   Coulomb (SR)   Coul. recip.
    2.01501e+03    1.75164e+04    4.02791e+04   -5.21064e+05    1.53928e+03
      Potential    Kinetic En.   Total Energy  Conserved En.    Temperature
   -4.44550e+05    8.59995e+04   -3.58550e+05   -3.57599e+05    3.02765e+02
 Pressure (bar)   Constr. rmsd
   -3.58256e+01    0.00000e+00

           Step           Time
          19000       38.00000

   Energies (kJ/mol)
           Bond            U-B    Proper Dih.  Improper Dih.      CMAP Dih.
    2.15878e+03    6.11217e+03    6.65705e+03    3.51803e+02   -2.13021e+02
          LJ-14     Coulomb-14        LJ (SR)   Coulomb (SR)   Coul. recip.
    2.14723e+03    1.78680e+04    4.00869e+04   -5.19951e+05    1.54858e+03
      Potential    Kinetic En.   Total Energy  Conserved En.    Temperature
   -4.43234e+05    8.46353e+04   -3.58598e+05   -3.57508e+05    2.97962e+02
 Pressure (bar)   Constr. rmsd
   -1.60172e+02    0.00000e+00

           Step           Time
          19500       39.00000

   Energies (kJ/mol)
           Bond            U-B    Proper Dih.  Improper Dih.      CMAP Dih.
    2.17921e+03    6.08063e+03    6.69516e+03    3.61545e+02   -2.11621e+02
          LJ-14     Coulomb-14        LJ (SR)   Coulomb (SR)   Coul. recip.
    2.06310e+03    1.75001e+04    4.19008e+04   -5.23372e+05    1.54175e+03
      Potential    Kinetic En.   Total Energy  Conserved En.    Temperature
   -4.45262e+05    8.50566e+04   -3.60205e+05   -3.57434e+05    2.99446e+02
 Pressure (bar)   Constr. rmsd
    3.18475e+02    0.00000e+00

           Step           Time
          20000       40.00000

   Energies (kJ/mol)
           Bond            U-B    Proper Dih.  Improper Dih.      CMAP Dih.
    2.37562e+03    6.11162e+03    6.64118e+03    3.73154e+02   -2.51490e+02
          LJ-14     Coulomb-14        LJ (SR)   Coulomb (SR)   Coul. recip.
    1.95235e+03    1.74365e+04    4.13426e+04   -5.21893e+05    1.57442e+03
      Potential    Kinetic En.   Total Energy  Conserved En.    Temperature
   -4.44337e+05    8.53721e+04   -3.58965e+05   -3.57439e+05    3.00556e+02
 Pressure (bar)   Constr. rmsd
   -5.90814e+01    0.00000e+00

           Step           Time
          20500       41.00000

   Energies (kJ/mol)
           Bond            U-B    Proper Dih.  Improper Dih.      CMAP Dih.
    2.12676e+03    6.05269e+03    6.58795e+03    3.52903e+02   -2.46991e+02
          LJ-14     Coulomb-14        LJ (SR)   Coulomb (SR)   Coul. recip.
    2.00193e+03    1.75783e+04    4.08754e+04   -5.22509e+05    1.54665e+03
      Potential    Kinetic En.   Total Energy  Conserved En.    Temperature
   -4.45633e+05    8.58027e+04   -3.59830e+05   -3.57405e+05    3.02072e+02
 Pressure (bar)   Constr. rmsd
    7.50273e+01    0.00000e+00

           Step           Time
          21000       42.00000

   Energies (kJ/mol)
           Bond            U-B    Proper Dih.  Improper Dih.      CMAP Dih.
    2.12607e+03    6.11204e+03    6.61705e+03    4.07338e+02   -2.55777e+02
          LJ-14     Coulomb-14        LJ (SR)   Coulomb (SR)   Coul. recip.
    2.03174e+03    1.77242e+04    4.19362e+04   -5.23524e+05    1.57633e+03
      Potential    Kinetic En.   Total Energy  Conserved En.    Temperature
   -4.45248e+05    8.50957e+04   -3.60153e+05   -3.57353e+05    2.99583e+02
 Pressure (bar)   Constr. rmsd
    3.46788e+02    0.00000e+00

           Step           Time
          21500       43.00000

   Energies (kJ/mol)
           Bond            U-B    Proper Dih.  Improper Dih.      CMAP Dih.
    2.18636e+03    6.23234e+03    6.62800e+03    3.76674e+02   -2.37525e+02
          LJ-14     Coulomb-14        LJ (SR)   Coulomb (SR)   Coul. recip.
    2.02193e+03    1.77070e+04    4.13954e+04   -5.21107e+05    1.51308e+03
      Potential    Kinetic En.   Total Energy  Conserved En.    Temperature
   -4.43284e+05    8.44089e+04   -3.58875e+05   -3.57304e+05    2.97165e+02
 Pressure (bar)   Constr. rmsd
    1.99380e+02    0.00000e+00

           Step           Time
          22000       44.00000

   Energies (kJ/mol)
           Bond            U-B    Proper Dih.  Improper Dih.      CMAP Dih.
    2.14098e+03    6.27365e+03    6.57610e+03    4.38397e+02   -1.79551e+02
          LJ-14     Coulomb-14        LJ (SR)   Coulomb (SR)   Coul. recip.
    2.08182e+03    1.76035e+04    4.05440e+04   -5.20957e+05    1.59832e+03
      Potential    Kinetic En.   Total Energy  Conserved En.    Temperature
   -4.43880e+05    8.54535e+04   -3.58427e+05   -3.57213e+05    3.00843e+02
 Pressure (bar)   Constr. rmsd
    5.30791e+01    0.00000e+00

           Step           Time
          22500       45.00000

   Energies (kJ/mol)
           Bond            U-B    Proper Dih.  Improper Dih.      CMAP Dih.
    2.17151e+03    5.91456e+03    6.63505e+03    4.09468e+02   -1.77261e+02
          LJ-14     Coulomb-14        LJ (SR)   Coulomb (SR)   Coul. recip.
    2.00590e+03    1.78409e+04    4.13153e+04   -5.22618e+05    1.57536e+03
      Potential    Kinetic En.   Total Energy  Conserved En.    Temperature
   -4.44927e+05    8.46294e+04   -3.60297e+05   -3.57110e+05    2.97941e+02
 Pressure (bar)   Constr. rmsd
    1.26021e+02    0.00000e+00

           Step           Time
          23000       46.00000

   Energies (kJ/mol)
           Bond            U-B    Proper Dih.  Improper Dih.      CMAP Dih.
    2.15944e+03    6.11637e+03    6.64908e+03    3.47094e+02   -2.18673e+02
          LJ-14     Coulomb-14        LJ (SR)   Coulomb (SR)   Coul. recip.
    2.00222e+03    1.75451e+04    4.07262e+04   -5.22615e+05    1.53974e+03
      Potential    Kinetic En.   Total Energy  Conserved En.    Temperature
   -4.45749e+05    8.52172e+04   -3.60531e+05   -3.57066e+05    3.00011e+02
 Pressure (bar)   Constr. rmsd
    5.08147e+01    0.00000e+00

           Step           Time
          23500       47.00000

   Energies (kJ/mol)
           Bond            U-B    Proper Dih.  Improper Dih.      CMAP Dih.
    2.18856e+03    6.25269e+03    6.58467e+03    3.54896e+02   -1.47349e+02
          LJ-14     Coulomb-14        LJ (SR)   Coulomb (SR)   Coul. recip.
    2.05667e+03    1.78332e+04    4.14102e+04   -5.22327e+05    1.51829e+03
      Potential    Kinetic En.   Total Energy  Conserved En.    Temperature
   -4.44275e+05    8.64071e+04   -3.57868e+05   -3.57009e+05    3.04200e+02
 Pressure (bar)   Constr. rmsd
    1.64306e+02    0.00000e+00

           Step           Time
          24000       48.00000

   Energies (kJ/mol)
           Bond            U-B    Proper Dih.  Improper Dih.      CMAP Dih.
    2.41776e+03    6.11912e+03    6.49527e+03    3.82390e+02   -2.07466e+02
          LJ-14     Coulomb-14        LJ (SR)   Coulomb (SR)   Coul. recip.
    1.96438e+03    1.75680e+04    4.05239e+04   -5.20929e+05    1.51227e+03
      Potential    Kinetic En.   Total Energy  Conserved En.    Temperature
   -4.44153e+05    8.51503e+04   -3.59003e+05   -3.56981e+05    2.99775e+02
 Pressure (bar)   Constr. rmsd
   -2.10162e+02    0.00000e+00

           Step           Time
          24500       49.00000

   Energies (kJ/mol)
           Bond            U-B    Proper Dih.  Improper Dih.      CMAP Dih.
    2.27706e+03    6.02628e+03    6.57588e+03    4.04080e+02   -2.09893e+02
          LJ-14     Coulomb-14        LJ (SR)   Coulomb (SR)   Coul. recip.
    1.99250e+03    1.76408e+04    3.99565e+04   -5.21386e+05    1.52012e+03
      Potential    Kinetic En.   Total Energy  Conserved En.    Temperature
   -4.45203e+05    8.49114e+04   -3.60292e+05   -3.56969e+05    2.98934e+02
 Pressure (bar)   Constr. rmsd
   -3.04728e+02    0.00000e+00

           Step           Time
          25000       50.00000

   Energies (kJ/mol)
           Bond            U-B    Proper Dih.  Improper Dih.      CMAP Dih.
    2.15349e+03    5.75799e+03    6.57869e+03    3.87415e+02   -1.96064e+02
          LJ-14     Coulomb-14        LJ (SR)   Coulomb (SR)   Coul. recip.
    2.05342e+03    1.78625e+04    4.20941e+04   -5.24482e+05    1.48975e+03
      Potential    Kinetic En.   Total Energy  Conserved En.    Temperature
   -4.46300e+05    8.43954e+04   -3.61905e+05   -3.56956e+05    2.97118e+02
 Pressure (bar)   Constr. rmsd
    3.05584e+02    0.00000e+00

           Step           Time
          25500       51.00000

   Energies (kJ/mol)
           Bond            U-B    Proper Dih.  Improper Dih.      CMAP Dih.
    2.06468e+03    6.15104e+03    6.56819e+03    3.84476e+02   -2.25679e+02
          LJ-14     Coulomb-14        LJ (SR)   Coulomb (SR)   Coul. recip.
    1.98990e+03    1.76317e+04    4.06083e+04   -5.21083e+05    1.59481e+03
      Potential    Kinetic En.   Total Energy  Conserved En.    Temperature
   -4.44316e+05    8.49646e+04   -3.59351e+05   -3.56937e+05    2.99122e+02
 Pressure (bar)   Constr. rmsd
   -2.12104e+02    0.00000e+00

           Step           Time
          26000       52.00000

   Energies (kJ/mol)
           Bond            U-B    Proper Dih.  Improper Dih.      CMAP Dih.
    2.25577e+03    6.01651e+03    6.66553e+03    3.27157e+02   -2.04274e+02
          LJ-14     Coulomb-14        LJ (SR)   Coulomb (SR)   Coul. recip.
    2.00446e+03    1.76862e+04    4.18502e+04   -5.22383e+05    1.58450e+03
      Potential    Kinetic En.   Total Energy  Conserved En.    Temperature
   -4.44197e+05    8.46479e+04   -3.59549e+05   -3.56899e+05    2.98006e+02
 Pressure (bar)   Constr. rmsd
    9.54352e+01    0.00000e+00

           Step           Time
          26500       53.00000

   Energies (kJ/mol)
           Bond            U-B    Proper Dih.  Improper Dih.      CMAP Dih.
    2.25976e+03    5.92007e+03    6.69628e+03    3.70196e+02   -1.87255e+02
          LJ-14     Coulomb-14        LJ (SR)   Coulomb (SR)   Coul. recip.
    1.99383e+03    1.79594e+04    4.10214e+04   -5.22448e+05    1.54422e+03
      Potential    Kinetic En.   Total Energy  Conserved En.    Temperature
   -4.44870e+05    8.50531e+04   -3.59817e+05   -3.56907e+05    2.99433e+02
 Pressure (bar)   Constr. rmsd
   -1.00338e+02    0.00000e+00

           Step           Time
          27000       54.00000

   Energies (kJ/mol)
           Bond            U-B    Proper Dih.  Improper Dih.      CMAP Dih.
    2.02301e+03    5.97363e+03    6.66712e+03    3.98094e+02   -2.11136e+02
          LJ-14     Coulomb-14        LJ (SR)   Coulomb (SR)   Coul. recip.
    2.05514e+03    1.77308e+04    4.24210e+04   -5.24714e+05    1.50317e+03
      Potential    Kinetic En.   Total Energy  Conserved En.    Temperature
   -4.46154e+05    8.48522e+04   -3.61302e+05   -3.56885e+05    2.98726e+02
 Pressure (bar)   Constr. rmsd
    3.46086e+02    0.00000e+00

           Step           Time
          27500       55.00000

   Energies (kJ/mol)
           Bond            U-B    Proper Dih.  Improper Dih.      CMAP Dih.
    2.14787e+03    5.99509e+03    6.65900e+03    3.67426e+02   -2.51420e+02
          LJ-14     Coulomb-14        LJ (SR)   Coulomb (SR)   Coul. recip.
    1.94341e+03    1.76999e+04    3.96196e+04   -5.21078e+05    1.56536e+03
      Potential    Kinetic En.   Total Energy  Conserved En.    Temperature
   -4.45332e+05    8.48367e+04   -3.60495e+05   -3.56884e+05    2.98671e+02
 Pressure (bar)   Constr. rmsd
   -3.84497e+02    0.00000e+00

           Step           Time
          28000       56.00000

   Energies (kJ/mol)
           Bond            U-B    Proper Dih.  Improper Dih.      CMAP Dih.
    2.20150e+03    6.20924e+03    6.65738e+03    4.07352e+02   -2.21703e+02
          LJ-14     Coulomb-14        LJ (SR)   Coulomb (SR)   Coul. recip.
    2.00410e+03    1.77519e+04    4.17701e+04   -5.24689e+05    1.61818e+03
      Potential    Kinetic En.   Total Energy  Conserved En.    Temperature
   -4.46291e+05    8.50723e+04   -3.61218e+05   -3.56835e+05    2.99501e+02
 Pressure (bar)   Constr. rmsd
    6.05742e+01    0.00000e+00

           Step           Time
          28500       57.00000

   Energies (kJ/mol)
           Bond            U-B    Proper Dih.  Improper Dih.      CMAP Dih.
    2.31429e+03    6.09727e+03    6.61127e+03    3.58395e+02   -2.34586e+02
          LJ-14     Coulomb-14        LJ (SR)   Coulomb (SR)   Coul. recip.
    2.03034e+03    1.77084e+04    4.02869e+04   -5.21783e+05    1.54539e+03
      Potential    Kinetic En.   Total Energy  Conserved En.    Temperature
   -4.45065e+05    8.47540e+04   -3.60311e+05   -3.56770e+05    2.98380e+02
 Pressure (bar)   Constr. rmsd
   -1.06236e+02    0.00000e+00

           Step           Time
          29000       58.00000

   Energies (kJ/mol)
           Bond            U-B    Proper Dih.  Improper Dih.      CMAP Dih.
    2.15852e+03    6.27364e+03    6.64407e+03    3.55535e+02   -2.80159e+02
          LJ-14     Coulomb-14        LJ (SR)   Coulomb (SR)   Coul. recip.
    2.01970e+03    1.76927e+04    4.11079e+04   -5.22612e+05    1.59891e+03
      Potential    Kinetic En.   Total Energy  Conserved En.    Temperature
   -4.45041e+05    8.55632e+04   -3.59477e+05   -3.56670e+05    3.01229e+02
 Pressure (bar)   Constr. rmsd
    9.81855e+01    0.00000e+00

           Step           Time
          29500       59.00000

   Energies (kJ/mol)
           Bond            U-B    Proper Dih.  Improper Dih.      CMAP Dih.
    2.34426e+03    6.17218e+03    6.65900e+03    4.01869e+02   -2.48852e+02
          LJ-14     Coulomb-14        LJ (SR)   Coulomb (SR)   Coul. recip.
    2.01006e+03    1.76354e+04    4.09942e+04   -5.21964e+05    1.62875e+03
      Potential    Kinetic En.   Total Energy  Conserved En.    Temperature
   -4.44367e+05    8.55208e+04   -3.58846e+05   -3.56662e+05    3.01080e+02
 Pressure (bar)   Constr. rmsd
    3.06952e+01    0.00000e+00

           Step           Time
          30000       60.00000

   Energies (kJ/mol)
           Bond            U-B    Proper Dih.  Improper Dih.      CMAP Dih.
    2.18582e+03    6.05149e+03    6.60447e+03    3.70308e+02   -2.43103e+02
          LJ-14     Coulomb-14        LJ (SR)   Coulomb (SR)   Coul. recip.
    2.03508e+03    1.77213e+04    4.12889e+04   -5.23608e+05    1.61742e+03
      Potential    Kinetic En.   Total Energy  Conserved En.    Temperature
   -4.45976e+05    8.48768e+04   -3.61100e+05   -3.56665e+05    2.98813e+02
 Pressure (bar)   Constr. rmsd
    4.61883e+01    0.00000e+00

           Step           Time
          30500       61.00000

   Energies (kJ/mol)
           Bond            U-B    Proper Dih.  Improper Dih.      CMAP Dih.
    2.16943e+03    6.25097e+03    6.65231e+03    3.77463e+02   -2.48889e+02
          LJ-14     Coulomb-14        LJ (SR)   Coulomb (SR)   Coul. recip.
    2.04701e+03    1.76779e+04    4.10758e+04   -5.21895e+05    1.52663e+03
      Potential    Kinetic En.   Total Energy  Conserved En.    Temperature
   -4.44367e+05    8.45604e+04   -3.59806e+05   -3.56643e+05    2.97699e+02
 Pressure (bar)   Constr. rmsd
    1.20284e+02    0.00000e+00

           Step           Time
          31000       62.00000

   Energies (kJ/mol)
           Bond            U-B    Proper Dih.  Improper Dih.      CMAP Dih.
    2.36671e+03    6.27132e+03    6.61948e+03    3.43689e+02   -2.71205e+02
          LJ-14     Coulomb-14        LJ (SR)   Coulomb (SR)   Coul. recip.
    1.91433e+03    1.74743e+04    3.96077e+04   -5.20435e+05    1.59650e+03
      Potential    Kinetic En.   Total Energy  Conserved En.    Temperature
   -4.44512e+05    8.48777e+04   -3.59635e+05   -3.56655e+05    2.98816e+02
 Pressure (bar)   Constr. rmsd
   -4.29682e+02    0.00000e+00

           Step           Time
          31500       63.00000

   Energies (kJ/mol)
           Bond            U-B    Proper Dih.  Improper Dih.      CMAP Dih.
    2.28606e+03    6.12164e+03    6.64863e+03    3.98494e+02   -2.37030e+02
          LJ-14     Coulomb-14        LJ (SR)   Coulomb (SR)   Coul. recip.
    1.96814e+03    1.76408e+04    4.05476e+04   -5.21838e+05    1.51512e+03
      Potential    Kinetic En.   Total Energy  Conserved En.    Temperature
   -4.44949e+05    8.53596e+04   -3.59589e+05   -3.56596e+05    3.00512e+02
 Pressure (bar)   Constr. rmsd
   -7.94233e+01    0.00000e+00

           Step           Time
          32000       64.00000

   Energies (kJ/mol)
           Bond            U-B    Proper Dih.  Improper Dih.      CMAP Dih.
    2.15856e+03    6.17619e+03    6.64179e+03    3.80837e+02   -2.30054e+02
          LJ-14     Coulomb-14        LJ (SR)   Coulomb (SR)   Coul. recip.
    2.03506e+03    1.76962e+04    4.02459e+04   -5.20326e+05    1.62094e+03
      Potential    Kinetic En.   Total Energy  Conserved En.    Temperature
   -4.43601e+05    8.52312e+04   -3.58369e+05   -3.56584e+05    3.00060e+02
 Pressure (bar)   Constr. rmsd
   -2.73986e+02    0.00000e+00

           Step           Time
          32500       65.00000

   Energies (kJ/mol)
           Bond            U-B    Proper Dih.  Improper Dih.      CMAP Dih.
    2.20305e+03    6.36614e+03    6.66721e+03    3.48211e+02   -2.13755e+02
          LJ-14     Coulomb-14        LJ (SR)   Coulomb (SR)   Coul. recip.
    2.03800e+03    1.75144e+04    4.05045e+04   -5.21331e+05    1.51602e+03
      Potential    Kinetic En.   Total Energy  Conserved En.    Temperature
   -4.44387e+05    8.57906e+04   -3.58597e+05   -3.56570e+05    3.02030e+02
 Pressure (bar)   Constr. rmsd
   -1.07825e+02    0.00000e+00

           Step           Time
          33000       66.00000

   Energies (kJ/mol)
           Bond            U-B    Proper Dih.  Improper Dih.      CMAP Dih.
    2.27730e+03    6.08166e+03    6.65562e+03    3.53809e+02   -2.40792e+02
          LJ-14     Coulomb-14        LJ (SR)   Coulomb (SR)   Coul. recip.
    2.08043e+03    1.77300e+04    4.14890e+04   -5.22467e+05    1.57304e+03
      Potential    Kinetic En.   Total Energy  Conserved En.    Temperature
   -4.44467e+05    8.53480e+04   -3.59119e+05   -3.56555e+05    3.00471e+02
 Pressure (bar)   Constr. rmsd
   -1.23084e+01    0.00000e+00

           Step           Time
          33500       67.00000

   Energies (kJ/mol)
           Bond            U-B    Proper Dih.  Improper Dih.      CMAP Dih.
    2.40041e+03    6.14822e+03    6.59555e+03    3.19621e+02   -1.79440e+02
          LJ-14     Coulomb-14        LJ (SR)   Coulomb (SR)   Coul. recip.
    2.00721e+03    1.75760e+04    4.12283e+04   -5.20181e+05    1.60775e+03
      Potential    Kinetic En.   Total Energy  Conserved En.    Temperature
   -4.42478e+05    8.62016e+04   -3.56276e+05   -3.56543e+05    3.03477e+02
 Pressure (bar)   Constr. rmsd
    6.44951e+01    0.00000e+00

           Step           Time
          34000       68.00000

   Energies (kJ/mol)
           Bond            U-B    Proper Dih.  Improper Dih.      CMAP Dih.
    2.08881e+03    6.02191e+03    6.59859e+03    3.55902e+02   -1.96754e+02
          LJ-14     Coulomb-14        LJ (SR)   Coulomb (SR)   Coul. recip.
    2.03056e+03    1.78375e+04    4.14275e+04   -5.21607e+05    1.65076e+03
      Potential    Kinetic En.   Total Energy  Conserved En.    Temperature
   -4.43793e+05    8.56881e+04   -3.58104e+05   -3.56538e+05    3.01669e+02
 Pressure (bar)   Constr. rmsd
    1.42100e+02    0.00000e+00

           Step           Time
          34500       69.00000

   Energies (kJ/mol)
           Bond            U-B    Proper Dih.  Improper Dih.      CMAP Dih.
    2.19757e+03    6.02772e+03    6.56879e+03    3.31960e+02   -2.44587e+02
          LJ-14     Coulomb-14        LJ (SR)   Coulomb (SR)   Coul. recip.
    2.06711e+03    1.76648e+04    4.09937e+04   -5.22643e+05    1.60634e+03
      Potential    Kinetic En.   Total Energy  Conserved En.    Temperature
   -4.45429e+05    8.59496e+04   -3.59480e+05   -3.56486e+05    3.02590e+02
 Pressure (bar)   Constr. rmsd
    1.47105e+02    0.00000e+00

           Step           Time
          35000       70.00000

   Energies (kJ/mol)
           Bond            U-B    Proper Dih.  Improper Dih.      CMAP Dih.
    2.14259e+03    6.11912e+03    6.64216e+03    4.09371e+02   -2.44918e+02
          LJ-14     Coulomb-14        LJ (SR)   Coulomb (SR)   Coul. recip.
    2.01092e+03    1.79306e+04    4.09201e+04   -5.22642e+05    1.56569e+03
      Potential    Kinetic En.   Total Energy  Conserved En.    Temperature
   -4.45146e+05    8.53729e+04   -3.59774e+05   -3.56447e+05    3.00559e+02
 Pressure (bar)   Constr. rmsd
    1.33745e+01    0.00000e+00

           Step           Time
          35500       71.00000

   Energies (kJ/mol)
           Bond            U-B    Proper Dih.  Improper Dih.      CMAP Dih.
    2.15129e+03    5.95511e+03    6.56974e+03    3.71256e+02   -1.74318e+02
          LJ-14     Coulomb-14        LJ (SR)   Coulomb (SR)   Coul. recip.
    2.01174e+03    1.75398e+04    4.13587e+04   -5.22763e+05    1.46052e+03
      Potential    Kinetic En.   Total Energy  Conserved En.    Temperature
   -4.45520e+05    8.44945e+04   -3.61025e+05   -3.56455e+05    2.97467e+02
 Pressure (bar)   Constr. rmsd
    7.24780e+01    0.00000e+00

           Step           Time
          36000       72.00000

   Energies (kJ/mol)
           Bond            U-B    Proper Dih.  Improper Dih.      CMAP Dih.
    2.27891e+03    6.20929e+03    6.57569e+03    4.15317e+02   -2.29840e+02
          LJ-14     Coulomb-14        LJ (SR)   Coulomb (SR)   Coul. recip.
    1.97852e+03    1.78318e+04    4.08441e+04   -5.21790e+05    1.53498e+03
      Potential    Kinetic En.   Total Energy  Conserved En.    Temperature
   -4.44351e+05    8.61303e+04   -3.58221e+05   -3.56438e+05    3.03225e+02
 Pressure (bar)   Constr. rmsd
   -8.96557e+01    0.00000e+00

           Step           Time
          36500       73.00000

   Energies (kJ/mol)
           Bond            U-B    Proper Dih.  Improper Dih.      CMAP Dih.
    2.17096e+03    6.05966e+03    6.57695e+03    3.71088e+02   -1.75110e+02
          LJ-14     Coulomb-14        LJ (SR)   Coulomb (SR)   Coul. recip.
    2.05044e+03    1.77747e+04    3.99117e+04   -5.20730e+05    1.57648e+03
      Potential    Kinetic En.   Total Energy  Conserved En.    Temperature
   -4.44413e+05    8.44088e+04   -3.60004e+05   -3.56418e+05    2.97165e+02
 Pressure (bar)   Constr. rmsd
   -3.72662e+02    0.00000e+00

           Step           Time
          37000       74.00000

   Energies (kJ/mol)
           Bond            U-B    Proper Dih.  Improper Dih.      CMAP Dih.
    2.32116e+03    6.22198e+03    6.65693e+03    4.59195e+02   -2.04092e+02
          LJ-14     Coulomb-14        LJ (SR)   Coulomb (SR)   Coul. recip.
    1.98305e+03    1.77088e+04    4.12514e+04   -5.22638e+05    1.55646e+03
      Potential    Kinetic En.   Total Energy  Conserved En.    Temperature
   -4.44684e+05    8.64895e+04   -3.58194e+05   -3.56399e+05    3.04490e+02
 Pressure (bar)   Constr. rmsd
    8.20731e+01    0.00000e+00

           Step           Time
          37500       75.00000

   Energies (kJ/mol)
           Bond            U-B    Proper Dih.  Improper Dih.      CMAP Dih.
    2.17168e+03    5.95074e+03    6.62622e+03    4.10387e+02   -1.63790e+02
          LJ-14     Coulomb-14        LJ (SR)   Coulomb (SR)   Coul. recip.
    2.02535e+03    1.78609e+04    4.08019e+04   -5.21732e+05    1.54626e+03
      Potential    Kinetic En.   Total Energy  Conserved En.    Temperature
   -4.44502e+05    8.47342e+04   -3.59768e+05   -3.56414e+05    2.98311e+02
 Pressure (bar)   Constr. rmsd
   -4.00528e+00    0.00000e+00

           Step           Time
          38000       76.00000

   Energies (kJ/mol)
           Bond            U-B    Proper Dih.  Improper Dih.      CMAP Dih.
    2.20102e+03    6.05664e+03    6.62024e+03    3.62057e+02   -2.10276e+02
          LJ-14     Coulomb-14        LJ (SR)   Coulomb (SR)   Coul. recip.
    2.01857e+03    1.78257e+04    4.17027e+04   -5.22283e+05    1.60659e+03
      Potential    Kinetic En.   Total Energy  Conserved En.    Temperature
   -4.44100e+05    8.54482e+04   -3.58652e+05   -3.56399e+05    3.00824e+02
 Pressure (bar)   Constr. rmsd
    1.21463e+02    0.00000e+00

           Step           Time
          38500       77.00000

   Energies (kJ/mol)
           Bond            U-B    Proper Dih.  Improper Dih.      CMAP Dih.
    2.13206e+03    6.29684e+03    6.56129e+03    3.25306e+02   -1.59214e+02
          LJ-14     Coulomb-14        LJ (SR)   Coulomb (SR)   Coul. recip.
    2.02814e+03    1.76709e+04    4.11939e+04   -5.23402e+05    1.51944e+03
      Potential    Kinetic En.   Total Energy  Conserved En.    Temperature
   -4.45834e+05    8.51109e+04   -3.60723e+05   -3.56390e+05    2.99637e+02
 Pressure (bar)   Constr. rmsd
    2.47488e+01    0.00000e+00

           Step           Time
          39000       78.00000

   Energies (kJ/mol)
           Bond            U-B    Proper Dih.  Improper Dih.      CMAP Dih.
    2.22221e+03    6.23085e+03    6.64056e+03    3.92551e+02   -1.93018e+02
          LJ-14     Coulomb-14        LJ (SR)   Coulomb (SR)   Coul. recip.
    2.08019e+03    1.77495e+04    4.09507e+04   -5.21441e+05    1.58456e+03
      Potential    Kinetic En.   Total Energy  Conserved En.    Temperature
   -4.43783e+05    8.52780e+04   -3.58505e+05   -3.56374e+05    3.00225e+02
 Pressure (bar)   Constr. rmsd
   -2.95804e+01    0.00000e+00

           Step           Time
          39500       79.00000

   Energies (kJ/mol)
           Bond            U-B    Proper Dih.  Improper Dih.      CMAP Dih.
    2.25952e+03    6.25169e+03    6.62043e+03    3.51878e+02   -1.44953e+02
          LJ-14     Coulomb-14        LJ (SR)   Coulomb (SR)   Coul. recip.
    2.03557e+03    1.75121e+04    4.10506e+04   -5.22246e+05    1.57322e+03
      Potential    Kinetic En.   Total Energy  Conserved En.    Temperature
   -4.44736e+05    8.56672e+04   -3.59068e+05   -3.56372e+05    3.01595e+02
 Pressure (bar)   Constr. rmsd
    6.52333e+01    0.00000e+00

           Step           Time
          40000       80.00000

   Energies (kJ/mol)
           Bond            U-B    Proper Dih.  Improper Dih.      CMAP Dih.
    2.18586e+03    5.95809e+03    6.57346e+03    3.69645e+02   -2.58984e+02
          LJ-14     Coulomb-14        LJ (SR)   Coulomb (SR)   Coul. recip.
    2.02316e+03    1.78267e+04    4.12195e+04   -5.23317e+05    1.56602e+03
      Potential    Kinetic En.   Total Energy  Conserved En.    Temperature
   -4.45853e+05    8.68305e+04   -3.59023e+05   -3.56383e+05    3.05691e+02
 Pressure (bar)   Constr. rmsd
   -5.88085e+01    0.00000e+00

           Step           Time
          40500       81.00000

   Energies (kJ/mol)
           Bond            U-B    Proper Dih.  Improper Dih.      CMAP Dih.
    2.34104e+03    6.12859e+03    6.63531e+03    4.09638e+02   -2.30672e+02
          LJ-14     Coulomb-14        LJ (SR)   Coulomb (SR)   Coul. recip.
    1.95360e+03    1.73774e+04    4.04025e+04   -5.21941e+05    1.63537e+03
      Potential    Kinetic En.   Total Energy  Conserved En.    Temperature
   -4.45288e+05    8.42472e+04   -3.61041e+05   -3.56332e+05    2.96596e+02
 Pressure (bar)   Constr. rmsd
   -3.94245e+02    0.00000e+00

           Step           Time
          41000       82.00000

   Energies (kJ/mol)
           Bond            U-B    Proper Dih.  Improper Dih.      CMAP Dih.
    2.33476e+03    6.22978e+03    6.59900e+03    3.37075e+02   -1.72191e+02
          LJ-14     Coulomb-14        LJ (SR)   Coulomb (SR)   Coul. recip.
    1.98775e+03    1.74074e+04    4.07294e+04   -5.21760e+05    1.55589e+03
      Potential    Kinetic En.   Total Energy  Conserved En.    Temperature
   -4.44751e+05    8.53511e+04   -3.59400e+05   -3.56318e+05    3.00482e+02
 Pressure (bar)   Constr. rmsd
    4.90792e+01    0.00000e+00

           Step           Time
          41500       83.00000

   Energies (kJ/mol)
           Bond            U-B    Proper Dih.  Improper Dih.      CMAP Dih.
    2.19603e+03    6.21264e+03    6.63973e+03    3.52816e+02   -2.28072e+02
          LJ-14     Coulomb-14        LJ (SR)   Coulomb (SR)   Coul. recip.
    2.07998e+03    1.76153e+04    4.04061e+04   -5.20734e+05    1.52564e+03
      Potential    Kinetic En.   Total Energy  Conserved En.    Temperature
   -4.43934e+05    8.52262e+04   -3.58708e+05   -3.56275e+05    3.00043e+02
 Pressure (bar)   Constr. rmsd
   -1.90440e+02    0.00000e+00

           Step           Time
          42000       84.00000

   Energies (kJ/mol)
           Bond            U-B    Proper Dih.  Improper Dih.      CMAP Dih.
    2.09118e+03    6.08161e+03    6.61604e+03    3.89419e+02   -2.23351e+02
          LJ-14     Coulomb-14        LJ (SR)   Coulomb (SR)   Coul. recip.
    2.02860e+03    1.77996e+04    4.14010e+04   -5.22477e+05    1.58644e+03
      Potential    Kinetic En.   Total Energy  Conserved En.    Temperature
   -4.44706e+05    8.54130e+04   -3.59293e+05   -3.56278e+05    3.00700e+02
 Pressure (bar)   Constr. rmsd
    1.39314e+02    0.00000e+00

           Step           Time
          42500       85.00000

   Energies (kJ/mol)
           Bond            U-B    Proper Dih.  Improper Dih.      CMAP Dih.
    2.22116e+03    5.81310e+03    6.64989e+03    3.92292e+02   -1.97276e+02
          LJ-14     Coulomb-14        LJ (SR)   Coulomb (SR)   Coul. recip.
    2.02344e+03    1.78578e+04    4.05410e+04   -5.21935e+05    1.54915e+03
      Potential    Kinetic En.   Total Energy  Conserved En.    Temperature
   -4.45084e+05    8.46770e+04   -3.60407e+05   -3.56115e+05    2.98109e+02
 Pressure (bar)   Constr. rmsd
   -7.83131e+01    0.00000e+00

           Step           Time
          43000       86.00000

   Energies (kJ/mol)
           Bond            U-B    Proper Dih.  Improper Dih.      CMAP Dih.
    2.15574e+03    5.91432e+03    6.60644e+03    3.84230e+02   -2.30723e+02
          LJ-14     Coulomb-14        LJ (SR)   Coulomb (SR)   Coul. recip.
    2.03150e+03    1.77700e+04    4.02140e+04   -5.21394e+05    1.58524e+03
      Potential    Kinetic En.   Total Energy  Conserved En.    Temperature
   -4.44963e+05    8.43667e+04   -3.60596e+05   -3.55996e+05    2.97017e+02
 Pressure (bar)   Constr. rmsd
   -1.51349e+02    0.00000e+00

           Step           Time
          43500       87.00000

   Energies (kJ/mol)
           Bond            U-B    Proper Dih.  Improper Dih.      CMAP Dih.
    2.24190e+03    6.02282e+03    6.61519e+03    4.02953e+02   -2.14665e+02
          LJ-14     Coulomb-14        LJ (SR)   Coulomb (SR)   Coul. recip.
    2.01644e+03    1.76817e+04    4.13977e+04   -5.23158e+05    1.56949e+03
      Potential    Kinetic En.   Total Energy  Conserved En.    Temperature
   -4.45425e+05    8.50128e+04   -3.60412e+05   -3.55919e+05    2.99291e+02
 Pressure (bar)   Constr. rmsd
    1.20813e+02    0.00000e+00

           Step           Time
          44000       88.00000

   Energies (kJ/mol)
           Bond            U-B    Proper Dih.  Improper Dih.      CMAP Dih.
    2.28032e+03    6.15651e+03    6.63236e+03    4.02275e+02   -2.55399e+02
          LJ-14     Coulomb-14        LJ (SR)   Coulomb (SR)   Coul. recip.
    1.96709e+03    1.75914e+04    4.11331e+04   -5.21940e+05    1.53477e+03
      Potential    Kinetic En.   Total Energy  Conserved En.    Temperature
   -4.44497e+05    8.51600e+04   -3.59337e+05   -3.55896e+05    2.99810e+02
 Pressure (bar)   Constr. rmsd
   -1.49224e+02    0.00000e+00

           Step           Time
          44500       89.00000

   Energies (kJ/mol)
           Bond            U-B    Proper Dih.  Improper Dih.      CMAP Dih.
    2.14622e+03    6.14349e+03    6.54804e+03    3.64731e+02   -2.56719e+02
          LJ-14     Coulomb-14        LJ (SR)   Coulomb (SR)   Coul. recip.
    1.97084e+03    1.77409e+04    4.16213e+04   -5.23467e+05    1.57516e+03
      Potential    Kinetic En.   Total Energy  Conserved En.    Temperature
   -4.45613e+05    8.53746e+04   -3.60238e+05   -3.55893e+05    3.00565e+02
 Pressure (bar)   Constr. rmsd
    6.55095e+01    0.00000e+00

           Step           Time
          45000       90.00000

   Energies (kJ/mol)
           Bond            U-B    Proper Dih.  Improper Dih.      CMAP Dih.
    2.16619e+03    6.30217e+03    6.65969e+03    3.85562e+02   -2.49363e+02
          LJ-14     Coulomb-14        LJ (SR)   Coulomb (SR)   Coul. recip.
    2.00874e+03    1.74840e+04    3.93610e+04   -5.18844e+05    1.64003e+03
      Potential    Kinetic En.   Total Energy  Conserved En.    Temperature
   -4.43086e+05    8.65944e+04   -3.56492e+05   -3.55882e+05    3.04859e+02
 Pressure (bar)   Constr. rmsd
   -2.47308e+02    0.00000e+00

           Step           Time
          45500       91.00000

   Energies (kJ/mol)
           Bond            U-B    Proper Dih.  Improper Dih.      CMAP Dih.
    2.28758e+03    6.08641e+03    6.60754e+03    3.98933e+02   -2.83458e+02
          LJ-14     Coulomb-14        LJ (SR)   Coulomb (SR)   Coul. recip.
    2.04190e+03    1.77771e+04    4.13137e+04   -5.21769e+05    1.55043e+03
      Potential    Kinetic En.   Total Energy  Conserved En.    Temperature
   -4.43989e+05    8.47684e+04   -3.59221e+05   -3.55841e+05    2.98431e+02
 Pressure (bar)   Constr. rmsd
    1.79865e+02    0.00000e+00

           Step           Time
          46000       92.00000

   Energies (kJ/mol)
           Bond            U-B    Proper Dih.  Improper Dih.      CMAP Dih.
    2.32340e+03    6.10877e+03    6.51411e+03    3.58970e+02   -1.73879e+02
          LJ-14     Coulomb-14        LJ (SR)   Coulomb (SR)   Coul. recip.
    2.05623e+03    1.75128e+04    4.14667e+04   -5.24270e+05    1.48798e+03
      Potential    Kinetic En.   Total Energy  Conserved En.    Temperature
   -4.46615e+05    8.51791e+04   -3.61436e+05   -3.55825e+05    2.99877e+02
 Pressure (bar)   Constr. rmsd
    1.76700e+01    0.00000e+00

           Step           Time
          46500       93.00000

   Energies (kJ/mol)
           Bond            U-B    Proper Dih.  Improper Dih.      CMAP Dih.
    2.21260e+03    5.98286e+03    6.65018e+03    3.46024e+02   -2.77822e+02
          LJ-14     Coulomb-14        LJ (SR)   Coulomb (SR)   Coul. recip.
    1.99787e+03    1.77006e+04    4.06544e+04   -5.21142e+05    1.55303e+03
      Potential    Kinetic En.   Total Energy  Conserved En.    Temperature
   -4.44322e+05    8.44193e+04   -3.59903e+05   -3.55772e+05    2.97202e+02
 Pressure (bar)   Constr. rmsd
   -2.30776e+02    0.00000e+00

           Step           Time
          47000       94.00000

   Energies (kJ/mol)
           Bond            U-B    Proper Dih.  Improper Dih.      CMAP Dih.
    2.24764e+03    5.78747e+03    6.59949e+03    3.94941e+02   -2.34694e+02
          LJ-14     Coulomb-14        LJ (SR)   Coulomb (SR)   Coul. recip.
    2.04166e+03    1.77220e+04    4.15399e+04   -5.23933e+05    1.54044e+03
      Potential    Kinetic En.   Total Energy  Conserved En.    Temperature
   -4.46294e+05    8.48342e+04   -3.61460e+05   -3.55694e+05    2.98663e+02
 Pressure (bar)   Constr. rmsd
    3.82092e-01    0.00000e+00

           Step           Time
          47500       95.00000

   Energies (kJ/mol)
           Bond            U-B    Proper Dih.  Improper Dih.      CMAP Dih.
    2.08439e+03    6.17708e+03    6.63031e+03    3.56596e+02   -2.22431e+02
          LJ-14     Coulomb-14        LJ (SR)   Coulomb (SR)   Coul. recip.
    2.01549e+03    1.76949e+04    4.06780e+04   -5.21934e+05    1.54075e+03
      Potential    Kinetic En.   Total Energy  Conserved En.    Temperature
   -4.44979e+05    8.48047e+04   -3.60174e+05   -3.55674e+05    2.98559e+02
 Pressure (bar)   Constr. rmsd
   -2.84432e+01    0.00000e+00

           Step           Time
          48000       96.00000

   Energies (kJ/mol)
           Bond            U-B    Proper Dih.  Improper Dih.      CMAP Dih.
    2.34578e+03    6.21911e+03    6.64725e+03    3.98875e+02   -2.45898e+02
          LJ-14     Coulomb-14        LJ (SR)   Coulomb (SR)   Coul. recip.
    2.11013e+03    1.76891e+04    4.05728e+04   -5.21764e+05    1.58428e+03
      Potential    Kinetic En.   Total Energy  Conserved En.    Temperature
   -4.44442e+05    8.61195e+04   -3.58323e+05   -3.55669e+05    3.03187e+02
 Pressure (bar)   Constr. rmsd
    9.15514e+00    0.00000e+00

           Step           Time
          48500       97.00000

   Energies (kJ/mol)
           Bond            U-B    Proper Dih.  Improper Dih.      CMAP Dih.
    2.25957e+03    6.01661e+03    6.70882e+03    3.72807e+02   -2.20165e+02
          LJ-14     Coulomb-14        LJ (SR)   Coulomb (SR)   Coul. recip.
    2.10027e+03    1.74202e+04    4.12775e+04   -5.21192e+05    1.53832e+03
      Potential    Kinetic En.   Total Energy  Conserved En.    Temperature
   -4.43718e+05    8.50737e+04   -3.58644e+05   -3.55655e+05    2.99506e+02
 Pressure (bar)   Constr. rmsd
    1.91539e+02    0.00000e+00

           Step           Time
          49000       98.00000

   Energies (kJ/mol)
           Bond            U-B    Proper Dih.  Improper Dih.      CMAP Dih.
    2.20143e+03    6.01005e+03    6.62252e+03    3.83118e+02   -2.53133e+02
          LJ-14     Coulomb-14        LJ (SR)   Coulomb (SR)   Coul. recip.
    1.98025e+03    1.73177e+04    4.13985e+04   -5.22037e+05    1.61439e+03
      Potential    Kinetic En.   Total Energy  Conserved En.    Temperature
   -4.44762e+05    8.47192e+04   -3.60043e+05   -3.55664e+05    2.98258e+02
 Pressure (bar)   Constr. rmsd
   -9.71350e+01    0.00000e+00

           Step           Time
          49500       99.00000

   Energies (kJ/mol)
           Bond            U-B    Proper Dih.  Improper Dih.      CMAP Dih.
    2.21584e+03    6.00028e+03    6.55579e+03    3.51488e+02   -2.51279e+02
          LJ-14     Coulomb-14        LJ (SR)   Coulomb (SR)   Coul. recip.
    2.07607e+03    1.77497e+04    4.14176e+04   -5.23369e+05    1.58917e+03
      Potential    Kinetic En.   Total Energy  Conserved En.    Temperature
   -4.45665e+05    8.51588e+04   -3.60506e+05   -3.55640e+05    2.99805e+02
 Pressure (bar)   Constr. rmsd
    1.44441e+02    0.00000e+00

           Step           Time
          50000      100.00000

Writing checkpoint, step 50000 at Tue Aug 15 18:15:53 2023


   Energies (kJ/mol)
           Bond            U-B    Proper Dih.  Improper Dih.      CMAP Dih.
    2.22621e+03    6.19235e+03    6.68180e+03    3.74896e+02   -2.51824e+02
          LJ-14     Coulomb-14        LJ (SR)   Coulomb (SR)   Coul. recip.
    2.10373e+03    1.76093e+04    4.06125e+04   -5.20238e+05    1.55559e+03
      Potential    Kinetic En.   Total Energy  Conserved En.    Temperature
   -4.43134e+05    8.53916e+04   -3.57742e+05   -3.55612e+05    3.00625e+02
 Pressure (bar)   Constr. rmsd
    2.25901e+01    0.00000e+00


Energy conservation over simulation part #1 of length 100 ps, time 0 to 100 ps
  Conserved energy drift: 9.58e-04 kJ/mol/ps per atom


	<======  ###############  ==>
	<====  A V E R A G E S  ====>
	<==  ###############  ======>

	Statistics over 50001 steps using 501 frames

   Energies (kJ/mol)
           Bond            U-B    Proper Dih.  Improper Dih.      CMAP Dih.
    2.22541e+03    6.08607e+03    6.61932e+03    3.74880e+02   -2.15985e+02
          LJ-14     Coulomb-14        LJ (SR)   Coulomb (SR)   Coul. recip.
    2.02867e+03    1.76774e+04    4.09900e+04   -5.22114e+05    1.56103e+03
      Potential    Kinetic En.   Total Energy  Conserved En.    Temperature
   -4.44768e+05    8.52212e+04   -3.59546e+05   -3.57131e+05    3.00025e+02
 Pressure (bar)   Constr. rmsd
    1.74871e+00    0.00000e+00

          Box-X          Box-Y          Box-Z
    7.74813e+00    7.74813e+00    5.47875e+00

   Total Virial (kJ/mol)
    2.84130e+04   -1.82371e+02   -7.95515e+01
   -1.82372e+02    2.83166e+04   -5.27321e+01
   -7.95556e+01   -5.27357e+01    2.84560e+04

   Pressure (bar)
   -1.59860e-01    1.47462e+01    8.69633e+00
    1.47463e+01    5.80421e+00    5.63556e+00
    8.69674e+00    5.63593e+00   -3.98212e-01

  T-Protein_JZ4     T-Water_CL
    2.99839e+02    3.00045e+02


	M E G A - F L O P S   A C C O U N T I N G

 NB=Group-cutoff nonbonded kernels    NxN=N-by-N cluster Verlet kernels
 RF=Reaction-Field  VdW=Van der Waals  QSTab=quadratic-spline table
 W3=SPC/TIP3p  W4=TIP4p (single or pairs)
 V&F=Potential and force  V=Potential only  F=Force only

 Computing:                               M-Number         M-Flops  % Flops
-----------------------------------------------------------------------------
 Pair Search distance check            2068.487104       18616.384     0.0
 NxN Ewald Elec. + LJ [F]           2159690.696064   168455874.293    98.2
 NxN Ewald Elec. + LJ [V&F]           21858.527360     2819750.029     1.6
 1,4 nonbonded interactions             344.706894       31023.620     0.0
 Shift-X                                 16.786506         100.719     0.0
 Bonds                                   66.551331        3926.529     0.0
 Propers                                333.606672       76395.928     0.0
 Impropers                               21.450429        4461.689     0.0
 Virial                                  33.584551         604.522     0.0
 Stop-CM                                 16.786506         167.865     0.0
 Calc-Ekin                              335.127012        9048.429     0.0
 CMAP                                     8.050161       13685.274     0.0
 Urey-Bradley                           239.404788       43811.076     0.0
-----------------------------------------------------------------------------
 Total                                               171477466.358   100.0
-----------------------------------------------------------------------------


      R E A L   C Y C L E   A N D   T I M E   A C C O U N T I N G

On 1 MPI rank, each using 12 OpenMP threads

 Activity:              Num   Num      Call    Wall time         Giga-Cycles
                        Ranks Threads  Count      (s)         total sum    %
--------------------------------------------------------------------------------
 Neighbor search           1   12        501       0.838         38.150   2.2
 Launch PP GPU ops.        1   12      99501       2.078         94.569   5.4
 Force                     1   12      50001       2.364        107.606   6.1
 PME GPU mesh              1   12      50001       1.843         83.897   4.8
 Wait GPU NB local         1   12      49000       0.122          5.553   0.3
 Wait GPU state copy       1   12      62003      29.573       1346.102  76.5
 NB X/F buffer ops.        1   12       1001       0.044          2.009   0.1
 Write traj.               1   12        101       0.159          7.230   0.4
 Rest                                              1.612         73.363   4.2
--------------------------------------------------------------------------------
 Total                                            38.633       1758.478 100.0
--------------------------------------------------------------------------------
 Breakdown of PME mesh activities
--------------------------------------------------------------------------------
 Wait PME GPU gather       1   12      50001       0.152          6.902   0.4
 Reduce GPU PME F          1   12      50001       0.023          1.046   0.1
 Launch PME GPU ops.       1   12     450009       1.610         73.276   4.2
--------------------------------------------------------------------------------

               Core t (s)   Wall t (s)        (%)
       Time:      463.575       38.633     1200.0
                 (ns/day)    (hour/ns)
Performance:      223.649        0.107
Finished mdrun on rank 0 Tue Aug 15 18:15:53 2023

